nohup: ignoring input
Using TensorFlow backend.
/home/lyli/miniconda3/envs/SeqPose/lib/python3.7/site-packages/tensorflow/python/framework/dtypes.py:516: FutureWarning: Passing (type, 1) or '1type' as a synonym of type is deprecated; in a future version of numpy, it will be understood as (type, (1,)) / '(1,)type'.
  _np_qint8 = np.dtype([("qint8", np.int8, 1)])
/home/lyli/miniconda3/envs/SeqPose/lib/python3.7/site-packages/tensorflow/python/framework/dtypes.py:517: FutureWarning: Passing (type, 1) or '1type' as a synonym of type is deprecated; in a future version of numpy, it will be understood as (type, (1,)) / '(1,)type'.
  _np_quint8 = np.dtype([("quint8", np.uint8, 1)])
/home/lyli/miniconda3/envs/SeqPose/lib/python3.7/site-packages/tensorflow/python/framework/dtypes.py:518: FutureWarning: Passing (type, 1) or '1type' as a synonym of type is deprecated; in a future version of numpy, it will be understood as (type, (1,)) / '(1,)type'.
  _np_qint16 = np.dtype([("qint16", np.int16, 1)])
/home/lyli/miniconda3/envs/SeqPose/lib/python3.7/site-packages/tensorflow/python/framework/dtypes.py:519: FutureWarning: Passing (type, 1) or '1type' as a synonym of type is deprecated; in a future version of numpy, it will be understood as (type, (1,)) / '(1,)type'.
  _np_quint16 = np.dtype([("quint16", np.uint16, 1)])
/home/lyli/miniconda3/envs/SeqPose/lib/python3.7/site-packages/tensorflow/python/framework/dtypes.py:520: FutureWarning: Passing (type, 1) or '1type' as a synonym of type is deprecated; in a future version of numpy, it will be understood as (type, (1,)) / '(1,)type'.
  _np_qint32 = np.dtype([("qint32", np.int32, 1)])
/home/lyli/miniconda3/envs/SeqPose/lib/python3.7/site-packages/tensorflow/python/framework/dtypes.py:525: FutureWarning: Passing (type, 1) or '1type' as a synonym of type is deprecated; in a future version of numpy, it will be understood as (type, (1,)) / '(1,)type'.
  np_resource = np.dtype([("resource", np.ubyte, 1)])
/home/lyli/miniconda3/envs/SeqPose/lib/python3.7/site-packages/tensorboard/compat/tensorflow_stub/dtypes.py:541: FutureWarning: Passing (type, 1) or '1type' as a synonym of type is deprecated; in a future version of numpy, it will be understood as (type, (1,)) / '(1,)type'.
  _np_qint8 = np.dtype([("qint8", np.int8, 1)])
/home/lyli/miniconda3/envs/SeqPose/lib/python3.7/site-packages/tensorboard/compat/tensorflow_stub/dtypes.py:542: FutureWarning: Passing (type, 1) or '1type' as a synonym of type is deprecated; in a future version of numpy, it will be understood as (type, (1,)) / '(1,)type'.
  _np_quint8 = np.dtype([("quint8", np.uint8, 1)])
/home/lyli/miniconda3/envs/SeqPose/lib/python3.7/site-packages/tensorboard/compat/tensorflow_stub/dtypes.py:543: FutureWarning: Passing (type, 1) or '1type' as a synonym of type is deprecated; in a future version of numpy, it will be understood as (type, (1,)) / '(1,)type'.
  _np_qint16 = np.dtype([("qint16", np.int16, 1)])
/home/lyli/miniconda3/envs/SeqPose/lib/python3.7/site-packages/tensorboard/compat/tensorflow_stub/dtypes.py:544: FutureWarning: Passing (type, 1) or '1type' as a synonym of type is deprecated; in a future version of numpy, it will be understood as (type, (1,)) / '(1,)type'.
  _np_quint16 = np.dtype([("quint16", np.uint16, 1)])
/home/lyli/miniconda3/envs/SeqPose/lib/python3.7/site-packages/tensorboard/compat/tensorflow_stub/dtypes.py:545: FutureWarning: Passing (type, 1) or '1type' as a synonym of type is deprecated; in a future version of numpy, it will be understood as (type, (1,)) / '(1,)type'.
  _np_qint32 = np.dtype([("qint32", np.int32, 1)])
/home/lyli/miniconda3/envs/SeqPose/lib/python3.7/site-packages/tensorboard/compat/tensorflow_stub/dtypes.py:550: FutureWarning: Passing (type, 1) or '1type' as a synonym of type is deprecated; in a future version of numpy, it will be understood as (type, (1,)) / '(1,)type'.
  np_resource = np.dtype([("resource", np.ubyte, 1)])
WARNING:tensorflow:From /home/lyli/miniconda3/envs/SeqPose/lib/python3.7/site-packages/keras/backend/tensorflow_backend.py:66: The name tf.get_default_graph is deprecated. Please use tf.compat.v1.get_default_graph instead.

WARNING:tensorflow:From /home/lyli/miniconda3/envs/SeqPose/lib/python3.7/site-packages/keras/backend/tensorflow_backend.py:541: The name tf.placeholder is deprecated. Please use tf.compat.v1.placeholder instead.

WARNING:tensorflow:From /home/lyli/miniconda3/envs/SeqPose/lib/python3.7/site-packages/keras/backend/tensorflow_backend.py:4432: The name tf.random_uniform is deprecated. Please use tf.random.uniform instead.

WARNING:tensorflow:From /home/lyli/miniconda3/envs/SeqPose/lib/python3.7/site-packages/keras/backend/tensorflow_backend.py:148: The name tf.placeholder_with_default is deprecated. Please use tf.compat.v1.placeholder_with_default instead.

WARNING:tensorflow:From /home/lyli/miniconda3/envs/SeqPose/lib/python3.7/site-packages/keras/backend/tensorflow_backend.py:3733: calling dropout (from tensorflow.python.ops.nn_ops) with keep_prob is deprecated and will be removed in a future version.
Instructions for updating:
Please use `rate` instead of `keep_prob`. Rate should be set to `rate = 1 - keep_prob`.
drop_2格式
(?, 128)
(?, 4)
omics_dense4格式
02model_train.py:108: UserWarning: Update your `Model` call to the Keras 2 API: `Model(inputs=[<tf.Tenso..., outputs=[<tf.Tenso...)`
  model = Model(input=[inputs_seq1, inputs_omics], output=[pred_output])
WARNING:tensorflow:From /home/lyli/miniconda3/envs/SeqPose/lib/python3.7/site-packages/keras/optimizers.py:793: The name tf.train.Optimizer is deprecated. Please use tf.compat.v1.train.Optimizer instead.

WARNING:tensorflow:From /home/lyli/miniconda3/envs/SeqPose/lib/python3.7/site-packages/keras/backend/tensorflow_backend.py:3657: The name tf.log is deprecated. Please use tf.math.log instead.

WARNING:tensorflow:From /home/lyli/miniconda3/envs/SeqPose/lib/python3.7/site-packages/tensorflow/python/ops/nn_impl.py:180: add_dispatch_support.<locals>.wrapper (from tensorflow.python.ops.array_ops) is deprecated and will be removed in a future version.
Instructions for updating:
Use tf.where in 2.0, which has the same broadcast rule as np.where
Fitting first model...
Epoch 1/10
2022-12-03 09:48:23.630694: I tensorflow/core/platform/cpu_feature_guard.cc:142] Your CPU supports instructions that this TensorFlow binary was not compiled to use: SSE4.1 SSE4.2 AVX AVX2 AVX512F FMA
2022-12-03 09:48:23.900466: I tensorflow/core/platform/profile_utils/cpu_utils.cc:94] CPU Frequency: 2400000000 Hz
2022-12-03 09:48:24.100489: I tensorflow/compiler/xla/service/service.cc:168] XLA service 0x55757aa74720 executing computations on platform Host. Devices:
2022-12-03 09:48:24.100792: I tensorflow/compiler/xla/service/service.cc:175]   StreamExecutor device (0): <undefined>, <undefined>
2022-12-03 09:48:26.158533: W tensorflow/compiler/jit/mark_for_compilation_pass.cc:1412] (One-time warning): Not using XLA:CPU for cluster because envvar TF_XLA_FLAGS=--tf_xla_cpu_global_jit was not set.  If you want XLA:CPU, either set that envvar, or use experimental_jit_scope to enable XLA:CPU.  To confirm that XLA is active, pass --vmodule=xla_compilation_cache=1 (as a proper command-line flag, not via TF_XLA_FLAGS) or set the envvar XLA_FLAGS=--xla_hlo_profile.

  64/5074 [..............................] - ETA: 38:21 - loss: 0.7573 - acc: 0.6250
 128/5074 [..............................] - ETA: 34:56 - loss: 0.7386 - acc: 0.5625
 192/5074 [>.............................] - ETA: 28:34 - loss: 0.7511 - acc: 0.6094
 256/5074 [>.............................] - ETA: 25:16 - loss: 0.7646 - acc: 0.6250
 320/5074 [>.............................] - ETA: 23:08 - loss: 0.7583 - acc: 0.6156
 384/5074 [=>............................] - ETA: 21:17 - loss: 0.7518 - acc: 0.6120
 448/5074 [=>............................] - ETA: 19:58 - loss: 0.7629 - acc: 0.5915
 512/5074 [==>...........................] - ETA: 18:44 - loss: 0.7604 - acc: 0.5977
 576/5074 [==>...........................] - ETA: 18:03 - loss: 0.7586 - acc: 0.5851
 640/5074 [==>...........................] - ETA: 17:12 - loss: 0.7503 - acc: 0.5844
 704/5074 [===>..........................] - ETA: 16:32 - loss: 0.7452 - acc: 0.5866
 768/5074 [===>..........................] - ETA: 15:55 - loss: 0.7361 - acc: 0.6042
 832/5074 [===>..........................] - ETA: 15:19 - loss: 0.7267 - acc: 0.6070
 896/5074 [====>.........................] - ETA: 14:49 - loss: 0.7260 - acc: 0.6150
 960/5074 [====>.........................] - ETA: 14:22 - loss: 0.7252 - acc: 0.6177
1024/5074 [=====>........................] - ETA: 14:00 - loss: 0.7279 - acc: 0.6152
1088/5074 [=====>........................] - ETA: 13:40 - loss: 0.7262 - acc: 0.6149
1152/5074 [=====>........................] - ETA: 13:28 - loss: 0.7202 - acc: 0.6267
1216/5074 [======>.......................] - ETA: 13:05 - loss: 0.7169 - acc: 0.6275
1280/5074 [======>.......................] - ETA: 12:43 - loss: 0.7129 - acc: 0.6305
1344/5074 [======>.......................] - ETA: 12:22 - loss: 0.7128 - acc: 0.6280
1408/5074 [=======>......................] - ETA: 12:02 - loss: 0.7083 - acc: 0.6278
1472/5074 [=======>......................] - ETA: 11:42 - loss: 0.7087 - acc: 0.6325
1536/5074 [========>.....................] - ETA: 11:25 - loss: 0.7107 - acc: 0.6341
1600/5074 [========>.....................] - ETA: 11:06 - loss: 0.7043 - acc: 0.6400
1664/5074 [========>.....................] - ETA: 10:50 - loss: 0.7045 - acc: 0.6406
1728/5074 [=========>....................] - ETA: 10:31 - loss: 0.7047 - acc: 0.6424
1792/5074 [=========>....................] - ETA: 10:14 - loss: 0.7063 - acc: 0.6423
1856/5074 [=========>....................] - ETA: 9:58 - loss: 0.7039 - acc: 0.6422 
1920/5074 [==========>...................] - ETA: 9:44 - loss: 0.7021 - acc: 0.6438
1984/5074 [==========>...................] - ETA: 9:29 - loss: 0.7005 - acc: 0.6431
2048/5074 [===========>..................] - ETA: 9:13 - loss: 0.6995 - acc: 0.6426
2112/5074 [===========>..................] - ETA: 8:59 - loss: 0.6990 - acc: 0.6425
2176/5074 [===========>..................] - ETA: 8:45 - loss: 0.6963 - acc: 0.6448
2240/5074 [============>.................] - ETA: 8:32 - loss: 0.6907 - acc: 0.6500
2304/5074 [============>.................] - ETA: 8:17 - loss: 0.6862 - acc: 0.6519
2368/5074 [=============>................] - ETA: 8:04 - loss: 0.6833 - acc: 0.6537
2432/5074 [=============>................] - ETA: 7:50 - loss: 0.6807 - acc: 0.6550
2496/5074 [=============>................] - ETA: 7:37 - loss: 0.6810 - acc: 0.6579
2560/5074 [==============>...............] - ETA: 7:25 - loss: 0.6797 - acc: 0.6574
2624/5074 [==============>...............] - ETA: 7:11 - loss: 0.6774 - acc: 0.6578
2688/5074 [==============>...............] - ETA: 6:58 - loss: 0.6752 - acc: 0.6581
2752/5074 [===============>..............] - ETA: 6:46 - loss: 0.6735 - acc: 0.6570
2816/5074 [===============>..............] - ETA: 6:34 - loss: 0.6714 - acc: 0.6584
2880/5074 [================>.............] - ETA: 6:29 - loss: 0.6698 - acc: 0.6580
2944/5074 [================>.............] - ETA: 6:18 - loss: 0.6715 - acc: 0.6573
3008/5074 [================>.............] - ETA: 6:05 - loss: 0.6694 - acc: 0.6582
3072/5074 [=================>............] - ETA: 5:52 - loss: 0.6672 - acc: 0.6595
3136/5074 [=================>............] - ETA: 5:40 - loss: 0.6650 - acc: 0.6598
3200/5074 [=================>............] - ETA: 5:28 - loss: 0.6634 - acc: 0.6622
3264/5074 [==================>...........] - ETA: 5:17 - loss: 0.6617 - acc: 0.6618
3328/5074 [==================>...........] - ETA: 5:05 - loss: 0.6597 - acc: 0.6626
3392/5074 [===================>..........] - ETA: 4:53 - loss: 0.6585 - acc: 0.6636
3456/5074 [===================>..........] - ETA: 4:42 - loss: 0.6569 - acc: 0.6635
3520/5074 [===================>..........] - ETA: 4:30 - loss: 0.6547 - acc: 0.6651
3584/5074 [====================>.........] - ETA: 4:18 - loss: 0.6534 - acc: 0.6663
3648/5074 [====================>.........] - ETA: 4:06 - loss: 0.6532 - acc: 0.6672
3712/5074 [====================>.........] - ETA: 3:54 - loss: 0.6514 - acc: 0.6684
3776/5074 [=====================>........] - ETA: 3:43 - loss: 0.6519 - acc: 0.6655
3840/5074 [=====================>........] - ETA: 3:31 - loss: 0.6500 - acc: 0.6672
3904/5074 [======================>.......] - ETA: 3:20 - loss: 0.6493 - acc: 0.6675
3968/5074 [======================>.......] - ETA: 3:08 - loss: 0.6484 - acc: 0.6683
4032/5074 [======================>.......] - ETA: 2:57 - loss: 0.6476 - acc: 0.6711
4096/5074 [=======================>......] - ETA: 2:46 - loss: 0.6467 - acc: 0.6729
4160/5074 [=======================>......] - ETA: 2:35 - loss: 0.6452 - acc: 0.6738
4224/5074 [=======================>......] - ETA: 2:23 - loss: 0.6439 - acc: 0.6745
4288/5074 [========================>.....] - ETA: 2:12 - loss: 0.6424 - acc: 0.6756
4352/5074 [========================>.....] - ETA: 2:01 - loss: 0.6423 - acc: 0.6760
4416/5074 [=========================>....] - ETA: 1:50 - loss: 0.6419 - acc: 0.6757
4480/5074 [=========================>....] - ETA: 1:39 - loss: 0.6406 - acc: 0.6768
4544/5074 [=========================>....] - ETA: 1:28 - loss: 0.6407 - acc: 0.6761
4608/5074 [==========================>...] - ETA: 1:17 - loss: 0.6395 - acc: 0.6766
4672/5074 [==========================>...] - ETA: 1:06 - loss: 0.6397 - acc: 0.6744
4736/5074 [===========================>..] - ETA: 56s - loss: 0.6380 - acc: 0.6759 
4800/5074 [===========================>..] - ETA: 45s - loss: 0.6379 - acc: 0.6754
4864/5074 [===========================>..] - ETA: 34s - loss: 0.6371 - acc: 0.6756
4928/5074 [============================>.] - ETA: 24s - loss: 0.6373 - acc: 0.6749
4992/5074 [============================>.] - ETA: 13s - loss: 0.6363 - acc: 0.6755
5056/5074 [============================>.] - ETA: 2s - loss: 0.6355 - acc: 0.6760 
5074/5074 [==============================] - 841s 166ms/step - loss: 0.6356 - acc: 0.6760
Epoch 2/10

  64/5074 [..............................] - ETA: 11:54 - loss: 0.5347 - acc: 0.7344
 128/5074 [..............................] - ETA: 12:05 - loss: 0.5323 - acc: 0.7422
 192/5074 [>.............................] - ETA: 11:44 - loss: 0.5711 - acc: 0.7292
 256/5074 [>.............................] - ETA: 11:25 - loss: 0.5653 - acc: 0.7266
 320/5074 [>.............................] - ETA: 11:13 - loss: 0.5649 - acc: 0.7250
 384/5074 [=>............................] - ETA: 11:09 - loss: 0.5649 - acc: 0.7161
 448/5074 [=>............................] - ETA: 11:03 - loss: 0.5673 - acc: 0.7121
 512/5074 [==>...........................] - ETA: 10:59 - loss: 0.5652 - acc: 0.7129
 576/5074 [==>...........................] - ETA: 10:53 - loss: 0.5617 - acc: 0.7135
 640/5074 [==>...........................] - ETA: 10:44 - loss: 0.5637 - acc: 0.7125
 704/5074 [===>..........................] - ETA: 10:36 - loss: 0.5629 - acc: 0.7116
 768/5074 [===>..........................] - ETA: 10:26 - loss: 0.5650 - acc: 0.7070
 832/5074 [===>..........................] - ETA: 10:18 - loss: 0.5660 - acc: 0.7043
 896/5074 [====>.........................] - ETA: 10:09 - loss: 0.5633 - acc: 0.7087
 960/5074 [====>.........................] - ETA: 10:00 - loss: 0.5612 - acc: 0.7115
1024/5074 [=====>........................] - ETA: 9:49 - loss: 0.5576 - acc: 0.7158 
1088/5074 [=====>........................] - ETA: 9:40 - loss: 0.5605 - acc: 0.7114
1152/5074 [=====>........................] - ETA: 9:29 - loss: 0.5602 - acc: 0.7118
1216/5074 [======>.......................] - ETA: 9:20 - loss: 0.5616 - acc: 0.7081
1280/5074 [======>.......................] - ETA: 9:10 - loss: 0.5637 - acc: 0.7063
1344/5074 [======>.......................] - ETA: 9:00 - loss: 0.5643 - acc: 0.7046
1408/5074 [=======>......................] - ETA: 8:52 - loss: 0.5662 - acc: 0.6996
1472/5074 [=======>......................] - ETA: 8:42 - loss: 0.5677 - acc: 0.6957
1536/5074 [========>.....................] - ETA: 8:33 - loss: 0.5672 - acc: 0.6953
1600/5074 [========>.....................] - ETA: 8:24 - loss: 0.5665 - acc: 0.6956
1664/5074 [========>.....................] - ETA: 8:14 - loss: 0.5667 - acc: 0.6953
1728/5074 [=========>....................] - ETA: 8:04 - loss: 0.5647 - acc: 0.6985
1792/5074 [=========>....................] - ETA: 7:55 - loss: 0.5628 - acc: 0.7015
1856/5074 [=========>....................] - ETA: 7:44 - loss: 0.5626 - acc: 0.7020
1920/5074 [==========>...................] - ETA: 7:36 - loss: 0.5638 - acc: 0.7005
1984/5074 [==========>...................] - ETA: 7:26 - loss: 0.5697 - acc: 0.6991
2048/5074 [===========>..................] - ETA: 7:17 - loss: 0.5687 - acc: 0.7017
2112/5074 [===========>..................] - ETA: 7:07 - loss: 0.5702 - acc: 0.6984
2176/5074 [===========>..................] - ETA: 6:58 - loss: 0.5712 - acc: 0.6967
2240/5074 [============>.................] - ETA: 6:49 - loss: 0.5716 - acc: 0.6960
2304/5074 [============>.................] - ETA: 6:40 - loss: 0.5719 - acc: 0.6949
2368/5074 [=============>................] - ETA: 6:31 - loss: 0.5716 - acc: 0.6959
2432/5074 [=============>................] - ETA: 6:21 - loss: 0.5715 - acc: 0.6965
2496/5074 [=============>................] - ETA: 6:11 - loss: 0.5731 - acc: 0.6935
2560/5074 [==============>...............] - ETA: 6:01 - loss: 0.5722 - acc: 0.6949
2624/5074 [==============>...............] - ETA: 5:52 - loss: 0.5715 - acc: 0.6959
2688/5074 [==============>...............] - ETA: 5:42 - loss: 0.5721 - acc: 0.6946
2752/5074 [===============>..............] - ETA: 5:33 - loss: 0.5722 - acc: 0.6940
2816/5074 [===============>..............] - ETA: 5:24 - loss: 0.5726 - acc: 0.6928
2880/5074 [================>.............] - ETA: 5:15 - loss: 0.5726 - acc: 0.6931
2944/5074 [================>.............] - ETA: 5:05 - loss: 0.5729 - acc: 0.6923
3008/5074 [================>.............] - ETA: 4:55 - loss: 0.5741 - acc: 0.6905
3072/5074 [=================>............] - ETA: 4:46 - loss: 0.5727 - acc: 0.6927
3136/5074 [=================>............] - ETA: 4:36 - loss: 0.5724 - acc: 0.6942
3200/5074 [=================>............] - ETA: 4:27 - loss: 0.5722 - acc: 0.6959
3264/5074 [==================>...........] - ETA: 4:18 - loss: 0.5716 - acc: 0.6964
3328/5074 [==================>...........] - ETA: 4:08 - loss: 0.5709 - acc: 0.6971
3392/5074 [===================>..........] - ETA: 3:59 - loss: 0.5704 - acc: 0.6969
3456/5074 [===================>..........] - ETA: 3:50 - loss: 0.5696 - acc: 0.6979
3520/5074 [===================>..........] - ETA: 3:40 - loss: 0.5706 - acc: 0.6969
3584/5074 [====================>.........] - ETA: 3:31 - loss: 0.5725 - acc: 0.6967
3648/5074 [====================>.........] - ETA: 3:22 - loss: 0.5727 - acc: 0.6957
3712/5074 [====================>.........] - ETA: 3:13 - loss: 0.5732 - acc: 0.6948
3776/5074 [=====================>........] - ETA: 3:04 - loss: 0.5740 - acc: 0.6944
3840/5074 [=====================>........] - ETA: 2:55 - loss: 0.5738 - acc: 0.6945
3904/5074 [======================>.......] - ETA: 2:45 - loss: 0.5739 - acc: 0.6952
3968/5074 [======================>.......] - ETA: 2:36 - loss: 0.5737 - acc: 0.6951
4032/5074 [======================>.......] - ETA: 2:27 - loss: 0.5744 - acc: 0.6939
4096/5074 [=======================>......] - ETA: 2:18 - loss: 0.5737 - acc: 0.6943
4160/5074 [=======================>......] - ETA: 2:09 - loss: 0.5736 - acc: 0.6945
4224/5074 [=======================>......] - ETA: 2:00 - loss: 0.5741 - acc: 0.6944
4288/5074 [========================>.....] - ETA: 1:51 - loss: 0.5739 - acc: 0.6950
4352/5074 [========================>.....] - ETA: 1:42 - loss: 0.5739 - acc: 0.6955
4416/5074 [=========================>....] - ETA: 1:33 - loss: 0.5737 - acc: 0.6954
4480/5074 [=========================>....] - ETA: 1:24 - loss: 0.5726 - acc: 0.6969
4544/5074 [=========================>....] - ETA: 1:15 - loss: 0.5735 - acc: 0.6963
4608/5074 [==========================>...] - ETA: 1:06 - loss: 0.5728 - acc: 0.6979
4672/5074 [==========================>...] - ETA: 56s - loss: 0.5725 - acc: 0.6982 
4736/5074 [===========================>..] - ETA: 47s - loss: 0.5718 - acc: 0.6991
4800/5074 [===========================>..] - ETA: 38s - loss: 0.5710 - acc: 0.7002
4864/5074 [===========================>..] - ETA: 29s - loss: 0.5705 - acc: 0.7005
4928/5074 [============================>.] - ETA: 20s - loss: 0.5696 - acc: 0.7015
4992/5074 [============================>.] - ETA: 11s - loss: 0.5702 - acc: 0.7005
5056/5074 [============================>.] - ETA: 2s - loss: 0.5700 - acc: 0.7002 
5074/5074 [==============================] - 720s 142ms/step - loss: 0.5695 - acc: 0.7006
Epoch 3/10

  64/5074 [..............................] - ETA: 11:59 - loss: 0.5527 - acc: 0.7031
 128/5074 [..............................] - ETA: 11:46 - loss: 0.5746 - acc: 0.6719
 192/5074 [>.............................] - ETA: 11:34 - loss: 0.5664 - acc: 0.6875
 256/5074 [>.............................] - ETA: 11:25 - loss: 0.5646 - acc: 0.6875
 320/5074 [>.............................] - ETA: 11:12 - loss: 0.5849 - acc: 0.6750
 384/5074 [=>............................] - ETA: 11:02 - loss: 0.5762 - acc: 0.6875
 448/5074 [=>............................] - ETA: 10:44 - loss: 0.5682 - acc: 0.6987
 512/5074 [==>...........................] - ETA: 10:37 - loss: 0.5797 - acc: 0.6914
 576/5074 [==>...........................] - ETA: 10:31 - loss: 0.5774 - acc: 0.6927
 640/5074 [==>...........................] - ETA: 10:24 - loss: 0.5724 - acc: 0.6984
 704/5074 [===>..........................] - ETA: 10:14 - loss: 0.5753 - acc: 0.6989
 768/5074 [===>..........................] - ETA: 10:07 - loss: 0.5746 - acc: 0.6979
 832/5074 [===>..........................] - ETA: 9:56 - loss: 0.5699 - acc: 0.7055 
 896/5074 [====>.........................] - ETA: 9:49 - loss: 0.5701 - acc: 0.7031
 960/5074 [====>.........................] - ETA: 9:36 - loss: 0.5695 - acc: 0.7010
1024/5074 [=====>........................] - ETA: 9:29 - loss: 0.5659 - acc: 0.7041
1088/5074 [=====>........................] - ETA: 9:22 - loss: 0.5643 - acc: 0.7040
1152/5074 [=====>........................] - ETA: 9:13 - loss: 0.5662 - acc: 0.7005
1216/5074 [======>.......................] - ETA: 9:06 - loss: 0.5612 - acc: 0.7072
1280/5074 [======>.......................] - ETA: 8:58 - loss: 0.5620 - acc: 0.7055
1344/5074 [======>.......................] - ETA: 8:49 - loss: 0.5603 - acc: 0.7061
1408/5074 [=======>......................] - ETA: 8:41 - loss: 0.5605 - acc: 0.7053
1472/5074 [=======>......................] - ETA: 8:32 - loss: 0.5615 - acc: 0.7024
1536/5074 [========>.....................] - ETA: 8:25 - loss: 0.5613 - acc: 0.7038
1600/5074 [========>.....................] - ETA: 8:14 - loss: 0.5600 - acc: 0.7037
1664/5074 [========>.....................] - ETA: 8:06 - loss: 0.5613 - acc: 0.7007
1728/5074 [=========>....................] - ETA: 7:55 - loss: 0.5622 - acc: 0.6979
1792/5074 [=========>....................] - ETA: 7:47 - loss: 0.5647 - acc: 0.6964
1856/5074 [=========>....................] - ETA: 7:37 - loss: 0.5657 - acc: 0.6940
1920/5074 [==========>...................] - ETA: 7:28 - loss: 0.5640 - acc: 0.6969
1984/5074 [==========>...................] - ETA: 7:18 - loss: 0.5632 - acc: 0.6991
2048/5074 [===========>..................] - ETA: 7:09 - loss: 0.5638 - acc: 0.6978
2112/5074 [===========>..................] - ETA: 7:00 - loss: 0.5630 - acc: 0.6993
2176/5074 [===========>..................] - ETA: 6:51 - loss: 0.5612 - acc: 0.7022
2240/5074 [============>.................] - ETA: 6:41 - loss: 0.5605 - acc: 0.7036
2304/5074 [============>.................] - ETA: 6:31 - loss: 0.5615 - acc: 0.7027
2368/5074 [=============>................] - ETA: 6:22 - loss: 0.5615 - acc: 0.7023
2432/5074 [=============>................] - ETA: 6:12 - loss: 0.5603 - acc: 0.7039
2496/5074 [=============>................] - ETA: 6:02 - loss: 0.5590 - acc: 0.7047
2560/5074 [==============>...............] - ETA: 5:53 - loss: 0.5578 - acc: 0.7059
2624/5074 [==============>...............] - ETA: 5:43 - loss: 0.5578 - acc: 0.7058
2688/5074 [==============>...............] - ETA: 5:34 - loss: 0.5587 - acc: 0.7039
2752/5074 [===============>..............] - ETA: 5:25 - loss: 0.5578 - acc: 0.7049
2816/5074 [===============>..............] - ETA: 5:16 - loss: 0.5579 - acc: 0.7045
2880/5074 [================>.............] - ETA: 5:06 - loss: 0.5570 - acc: 0.7049
2944/5074 [================>.............] - ETA: 4:58 - loss: 0.5564 - acc: 0.7052
3008/5074 [================>.............] - ETA: 4:48 - loss: 0.5558 - acc: 0.7058
3072/5074 [=================>............] - ETA: 4:39 - loss: 0.5574 - acc: 0.7054
3136/5074 [=================>............] - ETA: 4:30 - loss: 0.5566 - acc: 0.7060
3200/5074 [=================>............] - ETA: 4:21 - loss: 0.5567 - acc: 0.7053
3264/5074 [==================>...........] - ETA: 4:12 - loss: 0.5571 - acc: 0.7040
3328/5074 [==================>...........] - ETA: 4:03 - loss: 0.5577 - acc: 0.7025
3392/5074 [===================>..........] - ETA: 3:54 - loss: 0.5570 - acc: 0.7040
3456/5074 [===================>..........] - ETA: 3:45 - loss: 0.5567 - acc: 0.7049
3520/5074 [===================>..........] - ETA: 3:36 - loss: 0.5571 - acc: 0.7028
3584/5074 [====================>.........] - ETA: 3:27 - loss: 0.5571 - acc: 0.7031
3648/5074 [====================>.........] - ETA: 3:18 - loss: 0.5576 - acc: 0.7020
3712/5074 [====================>.........] - ETA: 3:09 - loss: 0.5573 - acc: 0.7031
3776/5074 [=====================>........] - ETA: 3:00 - loss: 0.5577 - acc: 0.7018
3840/5074 [=====================>........] - ETA: 2:52 - loss: 0.5577 - acc: 0.7031
3904/5074 [======================>.......] - ETA: 2:43 - loss: 0.5573 - acc: 0.7031
3968/5074 [======================>.......] - ETA: 2:34 - loss: 0.5579 - acc: 0.7019
4032/5074 [======================>.......] - ETA: 2:25 - loss: 0.5575 - acc: 0.7019
4096/5074 [=======================>......] - ETA: 2:16 - loss: 0.5583 - acc: 0.7004
4160/5074 [=======================>......] - ETA: 2:07 - loss: 0.5582 - acc: 0.7007
4224/5074 [=======================>......] - ETA: 1:59 - loss: 0.5580 - acc: 0.7010
4288/5074 [========================>.....] - ETA: 1:50 - loss: 0.5587 - acc: 0.6996
4352/5074 [========================>.....] - ETA: 1:41 - loss: 0.5581 - acc: 0.7011
4416/5074 [=========================>....] - ETA: 1:32 - loss: 0.5576 - acc: 0.7015
4480/5074 [=========================>....] - ETA: 1:23 - loss: 0.5576 - acc: 0.7011
4544/5074 [=========================>....] - ETA: 1:14 - loss: 0.5580 - acc: 0.7016
4608/5074 [==========================>...] - ETA: 1:05 - loss: 0.5582 - acc: 0.7016
4672/5074 [==========================>...] - ETA: 56s - loss: 0.5574 - acc: 0.7025 
4736/5074 [===========================>..] - ETA: 47s - loss: 0.5574 - acc: 0.7023
4800/5074 [===========================>..] - ETA: 38s - loss: 0.5558 - acc: 0.7044
4864/5074 [===========================>..] - ETA: 29s - loss: 0.5557 - acc: 0.7048
4928/5074 [============================>.] - ETA: 20s - loss: 0.5555 - acc: 0.7052
4992/5074 [============================>.] - ETA: 11s - loss: 0.5553 - acc: 0.7059
5056/5074 [============================>.] - ETA: 2s - loss: 0.5557 - acc: 0.7057 
5074/5074 [==============================] - 717s 141ms/step - loss: 0.5555 - acc: 0.7060
Epoch 4/10

  64/5074 [..............................] - ETA: 10:51 - loss: 0.5497 - acc: 0.7031
 128/5074 [..............................] - ETA: 11:07 - loss: 0.5188 - acc: 0.7422
 192/5074 [>.............................] - ETA: 11:00 - loss: 0.5255 - acc: 0.7344
 256/5074 [>.............................] - ETA: 10:56 - loss: 0.5162 - acc: 0.7422
 320/5074 [>.............................] - ETA: 10:53 - loss: 0.5325 - acc: 0.7281
 384/5074 [=>............................] - ETA: 10:49 - loss: 0.5353 - acc: 0.7292
 448/5074 [=>............................] - ETA: 10:32 - loss: 0.5302 - acc: 0.7344
 512/5074 [==>...........................] - ETA: 10:33 - loss: 0.5306 - acc: 0.7305
 576/5074 [==>...........................] - ETA: 10:22 - loss: 0.5309 - acc: 0.7309
 640/5074 [==>...........................] - ETA: 10:13 - loss: 0.5288 - acc: 0.7328
 704/5074 [===>..........................] - ETA: 10:07 - loss: 0.5325 - acc: 0.7301
 768/5074 [===>..........................] - ETA: 9:57 - loss: 0.5368 - acc: 0.7253 
 832/5074 [===>..........................] - ETA: 9:48 - loss: 0.5369 - acc: 0.7260
 896/5074 [====>.........................] - ETA: 9:41 - loss: 0.5386 - acc: 0.7232
 960/5074 [====>.........................] - ETA: 9:32 - loss: 0.5392 - acc: 0.7281
1024/5074 [=====>........................] - ETA: 9:20 - loss: 0.5396 - acc: 0.7266
1088/5074 [=====>........................] - ETA: 9:11 - loss: 0.5418 - acc: 0.7233
1152/5074 [=====>........................] - ETA: 9:03 - loss: 0.5399 - acc: 0.7248
1216/5074 [======>.......................] - ETA: 8:56 - loss: 0.5344 - acc: 0.7327
1280/5074 [======>.......................] - ETA: 8:48 - loss: 0.5394 - acc: 0.7289
1344/5074 [======>.......................] - ETA: 8:41 - loss: 0.5408 - acc: 0.7254
1408/5074 [=======>......................] - ETA: 8:34 - loss: 0.5443 - acc: 0.7209
1472/5074 [=======>......................] - ETA: 8:26 - loss: 0.5447 - acc: 0.7194
1536/5074 [========>.....................] - ETA: 8:18 - loss: 0.5454 - acc: 0.7168
1600/5074 [========>.....................] - ETA: 8:09 - loss: 0.5450 - acc: 0.7163
1664/5074 [========>.....................] - ETA: 8:02 - loss: 0.5437 - acc: 0.7181
1728/5074 [=========>....................] - ETA: 7:54 - loss: 0.5445 - acc: 0.7182
1792/5074 [=========>....................] - ETA: 7:47 - loss: 0.5462 - acc: 0.7154
1856/5074 [=========>....................] - ETA: 7:39 - loss: 0.5473 - acc: 0.7123
1920/5074 [==========>...................] - ETA: 7:32 - loss: 0.5464 - acc: 0.7130
1984/5074 [==========>...................] - ETA: 7:23 - loss: 0.5453 - acc: 0.7137
2048/5074 [===========>..................] - ETA: 7:16 - loss: 0.5445 - acc: 0.7153
2112/5074 [===========>..................] - ETA: 7:07 - loss: 0.5421 - acc: 0.7173
2176/5074 [===========>..................] - ETA: 6:58 - loss: 0.5425 - acc: 0.7165
2240/5074 [============>.................] - ETA: 6:49 - loss: 0.5430 - acc: 0.7156
2304/5074 [============>.................] - ETA: 6:40 - loss: 0.5422 - acc: 0.7161
2368/5074 [=============>................] - ETA: 6:31 - loss: 0.5421 - acc: 0.7171
2432/5074 [=============>................] - ETA: 6:22 - loss: 0.5438 - acc: 0.7138
2496/5074 [=============>................] - ETA: 6:13 - loss: 0.5452 - acc: 0.7103
2560/5074 [==============>...............] - ETA: 6:03 - loss: 0.5445 - acc: 0.7113
2624/5074 [==============>...............] - ETA: 5:55 - loss: 0.5448 - acc: 0.7123
2688/5074 [==============>...............] - ETA: 5:46 - loss: 0.5444 - acc: 0.7124
2752/5074 [===============>..............] - ETA: 5:37 - loss: 0.5452 - acc: 0.7108
2816/5074 [===============>..............] - ETA: 5:28 - loss: 0.5462 - acc: 0.7092
2880/5074 [================>.............] - ETA: 5:19 - loss: 0.5459 - acc: 0.7108
2944/5074 [================>.............] - ETA: 5:10 - loss: 0.5453 - acc: 0.7116
3008/5074 [================>.............] - ETA: 5:01 - loss: 0.5443 - acc: 0.7128
3072/5074 [=================>............] - ETA: 4:52 - loss: 0.5439 - acc: 0.7129
3136/5074 [=================>............] - ETA: 4:43 - loss: 0.5444 - acc: 0.7130
3200/5074 [=================>............] - ETA: 4:33 - loss: 0.5441 - acc: 0.7144
3264/5074 [==================>...........] - ETA: 4:24 - loss: 0.5440 - acc: 0.7145
3328/5074 [==================>...........] - ETA: 4:15 - loss: 0.5453 - acc: 0.7136
3392/5074 [===================>..........] - ETA: 4:05 - loss: 0.5452 - acc: 0.7146
3456/5074 [===================>..........] - ETA: 3:56 - loss: 0.5462 - acc: 0.7124
3520/5074 [===================>..........] - ETA: 3:47 - loss: 0.5466 - acc: 0.7116
3584/5074 [====================>.........] - ETA: 3:38 - loss: 0.5464 - acc: 0.7112
3648/5074 [====================>.........] - ETA: 3:29 - loss: 0.5451 - acc: 0.7122
3712/5074 [====================>.........] - ETA: 3:19 - loss: 0.5442 - acc: 0.7139
3776/5074 [=====================>........] - ETA: 3:10 - loss: 0.5440 - acc: 0.7140
3840/5074 [=====================>........] - ETA: 3:01 - loss: 0.5436 - acc: 0.7141
3904/5074 [======================>.......] - ETA: 2:51 - loss: 0.5441 - acc: 0.7129
3968/5074 [======================>.......] - ETA: 2:42 - loss: 0.5441 - acc: 0.7124
4032/5074 [======================>.......] - ETA: 2:33 - loss: 0.5444 - acc: 0.7118
4096/5074 [=======================>......] - ETA: 2:24 - loss: 0.5447 - acc: 0.7107
4160/5074 [=======================>......] - ETA: 2:14 - loss: 0.5442 - acc: 0.7108
4224/5074 [=======================>......] - ETA: 2:05 - loss: 0.5447 - acc: 0.7102
4288/5074 [========================>.....] - ETA: 1:56 - loss: 0.5447 - acc: 0.7104
4352/5074 [========================>.....] - ETA: 1:46 - loss: 0.5447 - acc: 0.7100
4416/5074 [=========================>....] - ETA: 1:37 - loss: 0.5440 - acc: 0.7106
4480/5074 [=========================>....] - ETA: 1:27 - loss: 0.5446 - acc: 0.7096
4544/5074 [=========================>....] - ETA: 1:18 - loss: 0.5455 - acc: 0.7086
4608/5074 [==========================>...] - ETA: 1:08 - loss: 0.5465 - acc: 0.7081
4672/5074 [==========================>...] - ETA: 59s - loss: 0.5468 - acc: 0.7076 
4736/5074 [===========================>..] - ETA: 50s - loss: 0.5471 - acc: 0.7071
4800/5074 [===========================>..] - ETA: 40s - loss: 0.5472 - acc: 0.7075
4864/5074 [===========================>..] - ETA: 31s - loss: 0.5477 - acc: 0.7066
4928/5074 [============================>.] - ETA: 21s - loss: 0.5474 - acc: 0.7070
4992/5074 [============================>.] - ETA: 12s - loss: 0.5466 - acc: 0.7079
5056/5074 [============================>.] - ETA: 2s - loss: 0.5474 - acc: 0.7075 
5074/5074 [==============================] - 755s 149ms/step - loss: 0.5472 - acc: 0.7079
Epoch 5/10

  64/5074 [..............................] - ETA: 12:25 - loss: 0.4665 - acc: 0.8281
 128/5074 [..............................] - ETA: 12:49 - loss: 0.4884 - acc: 0.7812
 192/5074 [>.............................] - ETA: 12:38 - loss: 0.4917 - acc: 0.7760
 256/5074 [>.............................] - ETA: 12:13 - loss: 0.5073 - acc: 0.7539
 320/5074 [>.............................] - ETA: 12:02 - loss: 0.5106 - acc: 0.7562
 384/5074 [=>............................] - ETA: 11:45 - loss: 0.5064 - acc: 0.7552
 448/5074 [=>............................] - ETA: 11:37 - loss: 0.5118 - acc: 0.7478
 512/5074 [==>...........................] - ETA: 11:27 - loss: 0.5115 - acc: 0.7480
 576/5074 [==>...........................] - ETA: 11:13 - loss: 0.5076 - acc: 0.7500
 640/5074 [==>...........................] - ETA: 11:03 - loss: 0.5058 - acc: 0.7484
 704/5074 [===>..........................] - ETA: 10:52 - loss: 0.5110 - acc: 0.7401
 768/5074 [===>..........................] - ETA: 10:43 - loss: 0.5126 - acc: 0.7396
 832/5074 [===>..........................] - ETA: 10:33 - loss: 0.5130 - acc: 0.7392
 896/5074 [====>.........................] - ETA: 10:23 - loss: 0.5116 - acc: 0.7455
 960/5074 [====>.........................] - ETA: 10:15 - loss: 0.5185 - acc: 0.7344
1024/5074 [=====>........................] - ETA: 10:04 - loss: 0.5181 - acc: 0.7383
1088/5074 [=====>........................] - ETA: 9:53 - loss: 0.5201 - acc: 0.7335 
1152/5074 [=====>........................] - ETA: 9:43 - loss: 0.5228 - acc: 0.7292
1216/5074 [======>.......................] - ETA: 9:31 - loss: 0.5261 - acc: 0.7253
1280/5074 [======>.......................] - ETA: 9:22 - loss: 0.5287 - acc: 0.7219
1344/5074 [======>.......................] - ETA: 9:12 - loss: 0.5315 - acc: 0.7180
1408/5074 [=======>......................] - ETA: 9:04 - loss: 0.5338 - acc: 0.7145
1472/5074 [=======>......................] - ETA: 8:54 - loss: 0.5335 - acc: 0.7167
1536/5074 [========>.....................] - ETA: 8:44 - loss: 0.5342 - acc: 0.7142
1600/5074 [========>.....................] - ETA: 8:35 - loss: 0.5334 - acc: 0.7150
1664/5074 [========>.....................] - ETA: 8:23 - loss: 0.5347 - acc: 0.7133
1728/5074 [=========>....................] - ETA: 8:14 - loss: 0.5338 - acc: 0.7141
1792/5074 [=========>....................] - ETA: 8:03 - loss: 0.5345 - acc: 0.7121
1856/5074 [=========>....................] - ETA: 7:53 - loss: 0.5332 - acc: 0.7144
1920/5074 [==========>...................] - ETA: 7:44 - loss: 0.5335 - acc: 0.7135
1984/5074 [==========>...................] - ETA: 7:33 - loss: 0.5365 - acc: 0.7092
2048/5074 [===========>..................] - ETA: 7:25 - loss: 0.5353 - acc: 0.7104
2112/5074 [===========>..................] - ETA: 7:14 - loss: 0.5358 - acc: 0.7107
2176/5074 [===========>..................] - ETA: 7:06 - loss: 0.5359 - acc: 0.7114
2240/5074 [============>.................] - ETA: 6:56 - loss: 0.5354 - acc: 0.7116
2304/5074 [============>.................] - ETA: 6:47 - loss: 0.5348 - acc: 0.7131
2368/5074 [=============>................] - ETA: 6:37 - loss: 0.5340 - acc: 0.7141
2432/5074 [=============>................] - ETA: 6:27 - loss: 0.5343 - acc: 0.7146
2496/5074 [=============>................] - ETA: 6:18 - loss: 0.5337 - acc: 0.7155
2560/5074 [==============>...............] - ETA: 6:09 - loss: 0.5336 - acc: 0.7152
2624/5074 [==============>...............] - ETA: 6:00 - loss: 0.5339 - acc: 0.7149
2688/5074 [==============>...............] - ETA: 5:51 - loss: 0.5365 - acc: 0.7128
2752/5074 [===============>..............] - ETA: 5:41 - loss: 0.5381 - acc: 0.7115
2816/5074 [===============>..............] - ETA: 5:32 - loss: 0.5384 - acc: 0.7106
2880/5074 [================>.............] - ETA: 5:22 - loss: 0.5394 - acc: 0.7101
2944/5074 [================>.............] - ETA: 5:13 - loss: 0.5398 - acc: 0.7109
3008/5074 [================>.............] - ETA: 5:03 - loss: 0.5389 - acc: 0.7124
3072/5074 [=================>............] - ETA: 4:54 - loss: 0.5380 - acc: 0.7132
3136/5074 [=================>............] - ETA: 4:45 - loss: 0.5382 - acc: 0.7127
3200/5074 [=================>............] - ETA: 4:36 - loss: 0.5387 - acc: 0.7119
3264/5074 [==================>...........] - ETA: 4:26 - loss: 0.5383 - acc: 0.7117
3328/5074 [==================>...........] - ETA: 4:16 - loss: 0.5390 - acc: 0.7100
3392/5074 [===================>..........] - ETA: 4:07 - loss: 0.5393 - acc: 0.7093
3456/5074 [===================>..........] - ETA: 3:57 - loss: 0.5400 - acc: 0.7083
3520/5074 [===================>..........] - ETA: 3:48 - loss: 0.5399 - acc: 0.7088
3584/5074 [====================>.........] - ETA: 3:38 - loss: 0.5402 - acc: 0.7084
3648/5074 [====================>.........] - ETA: 3:29 - loss: 0.5402 - acc: 0.7083
3712/5074 [====================>.........] - ETA: 3:20 - loss: 0.5392 - acc: 0.7093
3776/5074 [=====================>........] - ETA: 3:10 - loss: 0.5394 - acc: 0.7092
3840/5074 [=====================>........] - ETA: 3:01 - loss: 0.5396 - acc: 0.7086
3904/5074 [======================>.......] - ETA: 2:51 - loss: 0.5396 - acc: 0.7085
3968/5074 [======================>.......] - ETA: 2:42 - loss: 0.5390 - acc: 0.7094
4032/5074 [======================>.......] - ETA: 2:32 - loss: 0.5384 - acc: 0.7103
4096/5074 [=======================>......] - ETA: 2:23 - loss: 0.5377 - acc: 0.7114
4160/5074 [=======================>......] - ETA: 2:13 - loss: 0.5392 - acc: 0.7096
4224/5074 [=======================>......] - ETA: 2:04 - loss: 0.5395 - acc: 0.7086
4288/5074 [========================>.....] - ETA: 1:54 - loss: 0.5391 - acc: 0.7087
4352/5074 [========================>.....] - ETA: 1:45 - loss: 0.5387 - acc: 0.7091
4416/5074 [=========================>....] - ETA: 1:36 - loss: 0.5382 - acc: 0.7097
4480/5074 [=========================>....] - ETA: 1:26 - loss: 0.5379 - acc: 0.7103
4544/5074 [=========================>....] - ETA: 1:17 - loss: 0.5399 - acc: 0.7086
4608/5074 [==========================>...] - ETA: 1:08 - loss: 0.5396 - acc: 0.7088
4672/5074 [==========================>...] - ETA: 58s - loss: 0.5392 - acc: 0.7100 
4736/5074 [===========================>..] - ETA: 49s - loss: 0.5385 - acc: 0.7116
4800/5074 [===========================>..] - ETA: 40s - loss: 0.5397 - acc: 0.7119
4864/5074 [===========================>..] - ETA: 30s - loss: 0.5400 - acc: 0.7113
4928/5074 [============================>.] - ETA: 21s - loss: 0.5403 - acc: 0.7106
4992/5074 [============================>.] - ETA: 11s - loss: 0.5410 - acc: 0.7103
5056/5074 [============================>.] - ETA: 2s - loss: 0.5416 - acc: 0.7098 
5074/5074 [==============================] - 746s 147ms/step - loss: 0.5413 - acc: 0.7101
Epoch 6/10

  64/5074 [..............................] - ETA: 11:53 - loss: 0.5309 - acc: 0.7344
 128/5074 [..............................] - ETA: 11:53 - loss: 0.5586 - acc: 0.7109
 192/5074 [>.............................] - ETA: 12:04 - loss: 0.5822 - acc: 0.6615
 256/5074 [>.............................] - ETA: 11:47 - loss: 0.5861 - acc: 0.6602
 320/5074 [>.............................] - ETA: 11:51 - loss: 0.5738 - acc: 0.6719
 384/5074 [=>............................] - ETA: 11:44 - loss: 0.5731 - acc: 0.6719
 448/5074 [=>............................] - ETA: 11:28 - loss: 0.5613 - acc: 0.6875
 512/5074 [==>...........................] - ETA: 11:18 - loss: 0.5563 - acc: 0.6934
 576/5074 [==>...........................] - ETA: 11:08 - loss: 0.5512 - acc: 0.6997
 640/5074 [==>...........................] - ETA: 10:59 - loss: 0.5496 - acc: 0.7047
 704/5074 [===>..........................] - ETA: 10:42 - loss: 0.5494 - acc: 0.7031
 768/5074 [===>..........................] - ETA: 10:34 - loss: 0.5453 - acc: 0.7057
 832/5074 [===>..........................] - ETA: 10:22 - loss: 0.5481 - acc: 0.7031
 896/5074 [====>.........................] - ETA: 10:12 - loss: 0.5462 - acc: 0.7031
 960/5074 [====>.........................] - ETA: 10:04 - loss: 0.5476 - acc: 0.7000
1024/5074 [=====>........................] - ETA: 9:55 - loss: 0.5468 - acc: 0.7002 
1088/5074 [=====>........................] - ETA: 9:44 - loss: 0.5485 - acc: 0.7004
1152/5074 [=====>........................] - ETA: 9:38 - loss: 0.5449 - acc: 0.7049
1216/5074 [======>.......................] - ETA: 9:30 - loss: 0.5461 - acc: 0.7023
1280/5074 [======>.......................] - ETA: 9:20 - loss: 0.5475 - acc: 0.6992
1344/5074 [======>.......................] - ETA: 9:11 - loss: 0.5465 - acc: 0.7016
1408/5074 [=======>......................] - ETA: 9:01 - loss: 0.5431 - acc: 0.7045
1472/5074 [=======>......................] - ETA: 8:56 - loss: 0.5442 - acc: 0.7031
1536/5074 [========>.....................] - ETA: 8:46 - loss: 0.5450 - acc: 0.7012
1600/5074 [========>.....................] - ETA: 8:35 - loss: 0.5469 - acc: 0.7000
1664/5074 [========>.....................] - ETA: 8:25 - loss: 0.5452 - acc: 0.7019
1728/5074 [=========>....................] - ETA: 8:16 - loss: 0.5446 - acc: 0.7025
1792/5074 [=========>....................] - ETA: 8:06 - loss: 0.5431 - acc: 0.7037
1856/5074 [=========>....................] - ETA: 7:56 - loss: 0.5432 - acc: 0.7031
1920/5074 [==========>...................] - ETA: 7:46 - loss: 0.5464 - acc: 0.7021
1984/5074 [==========>...................] - ETA: 7:37 - loss: 0.5473 - acc: 0.7006
2048/5074 [===========>..................] - ETA: 7:28 - loss: 0.5469 - acc: 0.7007
2112/5074 [===========>..................] - ETA: 7:19 - loss: 0.5454 - acc: 0.7017
2176/5074 [===========>..................] - ETA: 7:09 - loss: 0.5451 - acc: 0.7013
2240/5074 [============>.................] - ETA: 6:59 - loss: 0.5460 - acc: 0.7013
2304/5074 [============>.................] - ETA: 6:50 - loss: 0.5451 - acc: 0.7014
2368/5074 [=============>................] - ETA: 6:39 - loss: 0.5428 - acc: 0.7040
2432/5074 [=============>................] - ETA: 6:29 - loss: 0.5417 - acc: 0.7039
2496/5074 [=============>................] - ETA: 6:19 - loss: 0.5401 - acc: 0.7059
2560/5074 [==============>...............] - ETA: 6:10 - loss: 0.5407 - acc: 0.7059
2624/5074 [==============>...............] - ETA: 6:00 - loss: 0.5414 - acc: 0.7043
2688/5074 [==============>...............] - ETA: 5:51 - loss: 0.5405 - acc: 0.7054
2752/5074 [===============>..............] - ETA: 5:41 - loss: 0.5388 - acc: 0.7071
2816/5074 [===============>..............] - ETA: 5:32 - loss: 0.5389 - acc: 0.7077
2880/5074 [================>.............] - ETA: 5:23 - loss: 0.5391 - acc: 0.7069
2944/5074 [================>.............] - ETA: 5:13 - loss: 0.5382 - acc: 0.7075
3008/5074 [================>.............] - ETA: 5:04 - loss: 0.5386 - acc: 0.7064
3072/5074 [=================>............] - ETA: 4:54 - loss: 0.5381 - acc: 0.7067
3136/5074 [=================>............] - ETA: 4:45 - loss: 0.5393 - acc: 0.7044
3200/5074 [=================>............] - ETA: 4:35 - loss: 0.5396 - acc: 0.7050
3264/5074 [==================>...........] - ETA: 4:26 - loss: 0.5397 - acc: 0.7053
3328/5074 [==================>...........] - ETA: 4:16 - loss: 0.5389 - acc: 0.7058
3392/5074 [===================>..........] - ETA: 4:07 - loss: 0.5388 - acc: 0.7058
3456/5074 [===================>..........] - ETA: 3:57 - loss: 0.5380 - acc: 0.7066
3520/5074 [===================>..........] - ETA: 3:47 - loss: 0.5367 - acc: 0.7080
3584/5074 [====================>.........] - ETA: 3:38 - loss: 0.5346 - acc: 0.7107
3648/5074 [====================>.........] - ETA: 3:29 - loss: 0.5346 - acc: 0.7108
3712/5074 [====================>.........] - ETA: 3:20 - loss: 0.5348 - acc: 0.7109
3776/5074 [=====================>........] - ETA: 3:10 - loss: 0.5337 - acc: 0.7124
3840/5074 [=====================>........] - ETA: 3:00 - loss: 0.5338 - acc: 0.7122
3904/5074 [======================>.......] - ETA: 2:51 - loss: 0.5337 - acc: 0.7126
3968/5074 [======================>.......] - ETA: 2:42 - loss: 0.5340 - acc: 0.7135
4032/5074 [======================>.......] - ETA: 2:32 - loss: 0.5340 - acc: 0.7130
4096/5074 [=======================>......] - ETA: 2:23 - loss: 0.5335 - acc: 0.7136
4160/5074 [=======================>......] - ETA: 2:13 - loss: 0.5341 - acc: 0.7130
4224/5074 [=======================>......] - ETA: 2:04 - loss: 0.5336 - acc: 0.7133
4288/5074 [========================>.....] - ETA: 1:54 - loss: 0.5330 - acc: 0.7139
4352/5074 [========================>.....] - ETA: 1:45 - loss: 0.5341 - acc: 0.7128
4416/5074 [=========================>....] - ETA: 1:35 - loss: 0.5341 - acc: 0.7122
4480/5074 [=========================>....] - ETA: 1:26 - loss: 0.5348 - acc: 0.7112
4544/5074 [=========================>....] - ETA: 1:17 - loss: 0.5340 - acc: 0.7119
4608/5074 [==========================>...] - ETA: 1:07 - loss: 0.5359 - acc: 0.7109
4672/5074 [==========================>...] - ETA: 58s - loss: 0.5353 - acc: 0.7113 
4736/5074 [===========================>..] - ETA: 48s - loss: 0.5351 - acc: 0.7116
4800/5074 [===========================>..] - ETA: 39s - loss: 0.5348 - acc: 0.7121
4864/5074 [===========================>..] - ETA: 30s - loss: 0.5356 - acc: 0.7111
4928/5074 [============================>.] - ETA: 21s - loss: 0.5357 - acc: 0.7108
4992/5074 [============================>.] - ETA: 11s - loss: 0.5361 - acc: 0.7099
5056/5074 [============================>.] - ETA: 2s - loss: 0.5361 - acc: 0.7098 
5074/5074 [==============================] - 739s 146ms/step - loss: 0.5361 - acc: 0.7103
Epoch 7/10

  64/5074 [..............................] - ETA: 11:46 - loss: 0.5775 - acc: 0.7031
 128/5074 [..............................] - ETA: 11:24 - loss: 0.6068 - acc: 0.6875
 192/5074 [>.............................] - ETA: 11:34 - loss: 0.5819 - acc: 0.6875
 256/5074 [>.............................] - ETA: 11:14 - loss: 0.5840 - acc: 0.6719
 320/5074 [>.............................] - ETA: 11:06 - loss: 0.5706 - acc: 0.6781
 384/5074 [=>............................] - ETA: 11:02 - loss: 0.5616 - acc: 0.6901
 448/5074 [=>............................] - ETA: 10:54 - loss: 0.5457 - acc: 0.7098
 512/5074 [==>...........................] - ETA: 10:49 - loss: 0.5481 - acc: 0.7090
 576/5074 [==>...........................] - ETA: 10:42 - loss: 0.5459 - acc: 0.7066
 640/5074 [==>...........................] - ETA: 10:33 - loss: 0.5470 - acc: 0.7016
 704/5074 [===>..........................] - ETA: 10:27 - loss: 0.5459 - acc: 0.7003
 768/5074 [===>..........................] - ETA: 10:19 - loss: 0.5420 - acc: 0.7057
 832/5074 [===>..........................] - ETA: 10:09 - loss: 0.5381 - acc: 0.7103
 896/5074 [====>.........................] - ETA: 10:04 - loss: 0.5353 - acc: 0.7132
 960/5074 [====>.........................] - ETA: 9:56 - loss: 0.5337 - acc: 0.7146 
1024/5074 [=====>........................] - ETA: 9:49 - loss: 0.5346 - acc: 0.7158
1088/5074 [=====>........................] - ETA: 9:41 - loss: 0.5351 - acc: 0.7132
1152/5074 [=====>........................] - ETA: 9:33 - loss: 0.5338 - acc: 0.7127
1216/5074 [======>.......................] - ETA: 9:23 - loss: 0.5308 - acc: 0.7146
1280/5074 [======>.......................] - ETA: 9:15 - loss: 0.5307 - acc: 0.7141
1344/5074 [======>.......................] - ETA: 9:06 - loss: 0.5288 - acc: 0.7180
1408/5074 [=======>......................] - ETA: 8:56 - loss: 0.5330 - acc: 0.7095
1472/5074 [=======>......................] - ETA: 8:47 - loss: 0.5312 - acc: 0.7113
1536/5074 [========>.....................] - ETA: 8:37 - loss: 0.5304 - acc: 0.7135
1600/5074 [========>.....................] - ETA: 8:29 - loss: 0.5304 - acc: 0.7125
1664/5074 [========>.....................] - ETA: 8:20 - loss: 0.5293 - acc: 0.7139
1728/5074 [=========>....................] - ETA: 8:11 - loss: 0.5296 - acc: 0.7147
1792/5074 [=========>....................] - ETA: 8:02 - loss: 0.5260 - acc: 0.7182
1856/5074 [=========>....................] - ETA: 7:52 - loss: 0.5267 - acc: 0.7182
1920/5074 [==========>...................] - ETA: 7:42 - loss: 0.5296 - acc: 0.7125
1984/5074 [==========>...................] - ETA: 7:32 - loss: 0.5305 - acc: 0.7127
2048/5074 [===========>..................] - ETA: 7:23 - loss: 0.5302 - acc: 0.7134
2112/5074 [===========>..................] - ETA: 7:13 - loss: 0.5349 - acc: 0.7112
2176/5074 [===========>..................] - ETA: 7:04 - loss: 0.5340 - acc: 0.7114
2240/5074 [============>.................] - ETA: 6:54 - loss: 0.5366 - acc: 0.7098
2304/5074 [============>.................] - ETA: 6:43 - loss: 0.5365 - acc: 0.7096
2368/5074 [=============>................] - ETA: 6:34 - loss: 0.5353 - acc: 0.7107
2432/5074 [=============>................] - ETA: 6:25 - loss: 0.5357 - acc: 0.7109
2496/5074 [=============>................] - ETA: 6:15 - loss: 0.5356 - acc: 0.7099
2560/5074 [==============>...............] - ETA: 6:06 - loss: 0.5349 - acc: 0.7094
2624/5074 [==============>...............] - ETA: 5:57 - loss: 0.5343 - acc: 0.7104
2688/5074 [==============>...............] - ETA: 5:48 - loss: 0.5348 - acc: 0.7094
2752/5074 [===============>..............] - ETA: 5:38 - loss: 0.5343 - acc: 0.7093
2816/5074 [===============>..............] - ETA: 5:29 - loss: 0.5339 - acc: 0.7099
2880/5074 [================>.............] - ETA: 5:20 - loss: 0.5333 - acc: 0.7111
2944/5074 [================>.............] - ETA: 5:11 - loss: 0.5330 - acc: 0.7109
3008/5074 [================>.............] - ETA: 5:01 - loss: 0.5339 - acc: 0.7094
3072/5074 [=================>............] - ETA: 4:52 - loss: 0.5333 - acc: 0.7103
3136/5074 [=================>............] - ETA: 4:43 - loss: 0.5336 - acc: 0.7095
3200/5074 [=================>............] - ETA: 4:33 - loss: 0.5326 - acc: 0.7106
3264/5074 [==================>...........] - ETA: 4:24 - loss: 0.5333 - acc: 0.7096
3328/5074 [==================>...........] - ETA: 4:15 - loss: 0.5327 - acc: 0.7103
3392/5074 [===================>..........] - ETA: 4:05 - loss: 0.5320 - acc: 0.7105
3456/5074 [===================>..........] - ETA: 3:56 - loss: 0.5329 - acc: 0.7092
3520/5074 [===================>..........] - ETA: 3:47 - loss: 0.5333 - acc: 0.7080
3584/5074 [====================>.........] - ETA: 3:37 - loss: 0.5333 - acc: 0.7076
3648/5074 [====================>.........] - ETA: 3:28 - loss: 0.5335 - acc: 0.7070
3712/5074 [====================>.........] - ETA: 3:18 - loss: 0.5325 - acc: 0.7080
3776/5074 [=====================>........] - ETA: 3:09 - loss: 0.5328 - acc: 0.7074
3840/5074 [=====================>........] - ETA: 3:00 - loss: 0.5314 - acc: 0.7089
3904/5074 [======================>.......] - ETA: 2:50 - loss: 0.5305 - acc: 0.7100
3968/5074 [======================>.......] - ETA: 2:41 - loss: 0.5310 - acc: 0.7094
4032/5074 [======================>.......] - ETA: 2:32 - loss: 0.5312 - acc: 0.7091
4096/5074 [=======================>......] - ETA: 2:22 - loss: 0.5319 - acc: 0.7085
4160/5074 [=======================>......] - ETA: 2:13 - loss: 0.5310 - acc: 0.7094
4224/5074 [=======================>......] - ETA: 2:04 - loss: 0.5322 - acc: 0.7076
4288/5074 [========================>.....] - ETA: 1:54 - loss: 0.5326 - acc: 0.7076
4352/5074 [========================>.....] - ETA: 1:45 - loss: 0.5324 - acc: 0.7082
4416/5074 [=========================>....] - ETA: 1:35 - loss: 0.5313 - acc: 0.7090
4480/5074 [=========================>....] - ETA: 1:26 - loss: 0.5318 - acc: 0.7083
4544/5074 [=========================>....] - ETA: 1:17 - loss: 0.5310 - acc: 0.7091
4608/5074 [==========================>...] - ETA: 1:07 - loss: 0.5314 - acc: 0.7092
4672/5074 [==========================>...] - ETA: 58s - loss: 0.5309 - acc: 0.7098 
4736/5074 [===========================>..] - ETA: 49s - loss: 0.5321 - acc: 0.7095
4800/5074 [===========================>..] - ETA: 39s - loss: 0.5312 - acc: 0.7108
4864/5074 [===========================>..] - ETA: 30s - loss: 0.5315 - acc: 0.7107
4928/5074 [============================>.] - ETA: 21s - loss: 0.5312 - acc: 0.7110
4992/5074 [============================>.] - ETA: 11s - loss: 0.5313 - acc: 0.7101
5056/5074 [============================>.] - ETA: 2s - loss: 0.5320 - acc: 0.7093 
5074/5074 [==============================] - 745s 147ms/step - loss: 0.5316 - acc: 0.7097
Epoch 8/10

  64/5074 [..............................] - ETA: 11:20 - loss: 0.5206 - acc: 0.7344
 128/5074 [..............................] - ETA: 11:37 - loss: 0.5412 - acc: 0.7031
 192/5074 [>.............................] - ETA: 11:38 - loss: 0.5450 - acc: 0.6927
 256/5074 [>.............................] - ETA: 11:46 - loss: 0.5415 - acc: 0.6953
 320/5074 [>.............................] - ETA: 11:31 - loss: 0.5236 - acc: 0.7125
 384/5074 [=>............................] - ETA: 11:18 - loss: 0.5165 - acc: 0.7188
 448/5074 [=>............................] - ETA: 11:09 - loss: 0.5105 - acc: 0.7366
 512/5074 [==>...........................] - ETA: 10:57 - loss: 0.5137 - acc: 0.7383
 576/5074 [==>...........................] - ETA: 10:48 - loss: 0.5082 - acc: 0.7431
 640/5074 [==>...........................] - ETA: 10:38 - loss: 0.5126 - acc: 0.7375
 704/5074 [===>..........................] - ETA: 10:27 - loss: 0.5109 - acc: 0.7401
 768/5074 [===>..........................] - ETA: 10:17 - loss: 0.5041 - acc: 0.7474
 832/5074 [===>..........................] - ETA: 10:08 - loss: 0.5069 - acc: 0.7428
 896/5074 [====>.........................] - ETA: 9:59 - loss: 0.5101 - acc: 0.7411 
 960/5074 [====>.........................] - ETA: 9:48 - loss: 0.5083 - acc: 0.7417
1024/5074 [=====>........................] - ETA: 9:40 - loss: 0.5125 - acc: 0.7422
1088/5074 [=====>........................] - ETA: 9:33 - loss: 0.5171 - acc: 0.7371
1152/5074 [=====>........................] - ETA: 9:22 - loss: 0.5156 - acc: 0.7370
1216/5074 [======>.......................] - ETA: 9:14 - loss: 0.5147 - acc: 0.7385
1280/5074 [======>.......................] - ETA: 9:05 - loss: 0.5172 - acc: 0.7336
1344/5074 [======>.......................] - ETA: 8:56 - loss: 0.5188 - acc: 0.7336
1408/5074 [=======>......................] - ETA: 8:47 - loss: 0.5186 - acc: 0.7344
1472/5074 [=======>......................] - ETA: 8:37 - loss: 0.5174 - acc: 0.7344
1536/5074 [========>.....................] - ETA: 8:27 - loss: 0.5206 - acc: 0.7337
1600/5074 [========>.....................] - ETA: 8:17 - loss: 0.5211 - acc: 0.7331
1664/5074 [========>.....................] - ETA: 8:08 - loss: 0.5209 - acc: 0.7326
1728/5074 [=========>....................] - ETA: 7:58 - loss: 0.5222 - acc: 0.7286
1792/5074 [=========>....................] - ETA: 7:50 - loss: 0.5173 - acc: 0.7338
1856/5074 [=========>....................] - ETA: 7:41 - loss: 0.5207 - acc: 0.7306
1920/5074 [==========>...................] - ETA: 7:32 - loss: 0.5186 - acc: 0.7333
1984/5074 [==========>...................] - ETA: 7:23 - loss: 0.5196 - acc: 0.7319
2048/5074 [===========>..................] - ETA: 7:13 - loss: 0.5220 - acc: 0.7280
2112/5074 [===========>..................] - ETA: 7:05 - loss: 0.5224 - acc: 0.7273
2176/5074 [===========>..................] - ETA: 6:56 - loss: 0.5202 - acc: 0.7289
2240/5074 [============>.................] - ETA: 6:47 - loss: 0.5197 - acc: 0.7290
2304/5074 [============>.................] - ETA: 6:38 - loss: 0.5214 - acc: 0.7261
2368/5074 [=============>................] - ETA: 6:29 - loss: 0.5233 - acc: 0.7230
2432/5074 [=============>................] - ETA: 6:21 - loss: 0.5230 - acc: 0.7237
2496/5074 [=============>................] - ETA: 6:12 - loss: 0.5238 - acc: 0.7220
2560/5074 [==============>...............] - ETA: 6:03 - loss: 0.5220 - acc: 0.7242
2624/5074 [==============>...............] - ETA: 5:53 - loss: 0.5228 - acc: 0.7226
2688/5074 [==============>...............] - ETA: 5:44 - loss: 0.5229 - acc: 0.7225
2752/5074 [===============>..............] - ETA: 5:35 - loss: 0.5250 - acc: 0.7206
2816/5074 [===============>..............] - ETA: 5:26 - loss: 0.5239 - acc: 0.7216
2880/5074 [================>.............] - ETA: 5:17 - loss: 0.5252 - acc: 0.7201
2944/5074 [================>.............] - ETA: 5:08 - loss: 0.5257 - acc: 0.7198
3008/5074 [================>.............] - ETA: 4:59 - loss: 0.5252 - acc: 0.7201
3072/5074 [=================>............] - ETA: 4:50 - loss: 0.5238 - acc: 0.7220
3136/5074 [=================>............] - ETA: 4:41 - loss: 0.5246 - acc: 0.7213
3200/5074 [=================>............] - ETA: 4:33 - loss: 0.5253 - acc: 0.7209
3264/5074 [==================>...........] - ETA: 4:24 - loss: 0.5278 - acc: 0.7175
3328/5074 [==================>...........] - ETA: 4:14 - loss: 0.5277 - acc: 0.7175
3392/5074 [===================>..........] - ETA: 4:05 - loss: 0.5279 - acc: 0.7176
3456/5074 [===================>..........] - ETA: 3:56 - loss: 0.5277 - acc: 0.7179
3520/5074 [===================>..........] - ETA: 3:47 - loss: 0.5275 - acc: 0.7179
3584/5074 [====================>.........] - ETA: 3:38 - loss: 0.5281 - acc: 0.7168
3648/5074 [====================>.........] - ETA: 3:29 - loss: 0.5292 - acc: 0.7152
3712/5074 [====================>.........] - ETA: 3:19 - loss: 0.5285 - acc: 0.7161
3776/5074 [=====================>........] - ETA: 3:10 - loss: 0.5277 - acc: 0.7169
3840/5074 [=====================>........] - ETA: 3:01 - loss: 0.5282 - acc: 0.7161
3904/5074 [======================>.......] - ETA: 2:51 - loss: 0.5278 - acc: 0.7162
3968/5074 [======================>.......] - ETA: 2:42 - loss: 0.5286 - acc: 0.7147
4032/5074 [======================>.......] - ETA: 2:32 - loss: 0.5269 - acc: 0.7170
4096/5074 [=======================>......] - ETA: 2:23 - loss: 0.5259 - acc: 0.7185
4160/5074 [=======================>......] - ETA: 2:14 - loss: 0.5253 - acc: 0.7190
4224/5074 [=======================>......] - ETA: 2:05 - loss: 0.5251 - acc: 0.7188
4288/5074 [========================>.....] - ETA: 1:55 - loss: 0.5252 - acc: 0.7185
4352/5074 [========================>.....] - ETA: 1:46 - loss: 0.5257 - acc: 0.7178
4416/5074 [=========================>....] - ETA: 1:37 - loss: 0.5264 - acc: 0.7172
4480/5074 [=========================>....] - ETA: 1:27 - loss: 0.5267 - acc: 0.7165
4544/5074 [=========================>....] - ETA: 1:18 - loss: 0.5274 - acc: 0.7159
4608/5074 [==========================>...] - ETA: 1:08 - loss: 0.5270 - acc: 0.7161
4672/5074 [==========================>...] - ETA: 59s - loss: 0.5272 - acc: 0.7153 
4736/5074 [===========================>..] - ETA: 49s - loss: 0.5280 - acc: 0.7139
4800/5074 [===========================>..] - ETA: 40s - loss: 0.5284 - acc: 0.7133
4864/5074 [===========================>..] - ETA: 31s - loss: 0.5283 - acc: 0.7134
4928/5074 [============================>.] - ETA: 21s - loss: 0.5284 - acc: 0.7131
4992/5074 [============================>.] - ETA: 12s - loss: 0.5282 - acc: 0.7131
5056/5074 [============================>.] - ETA: 2s - loss: 0.5283 - acc: 0.7128 
5074/5074 [==============================] - 759s 149ms/step - loss: 0.5285 - acc: 0.7127
Epoch 9/10

  64/5074 [..............................] - ETA: 12:35 - loss: 0.5330 - acc: 0.7188
 128/5074 [..............................] - ETA: 12:26 - loss: 0.5148 - acc: 0.7344
 192/5074 [>.............................] - ETA: 12:30 - loss: 0.5480 - acc: 0.7135
 256/5074 [>.............................] - ETA: 12:23 - loss: 0.5611 - acc: 0.6914
 320/5074 [>.............................] - ETA: 12:14 - loss: 0.5527 - acc: 0.6906
 384/5074 [=>............................] - ETA: 12:08 - loss: 0.5348 - acc: 0.7057
 448/5074 [=>............................] - ETA: 12:00 - loss: 0.5399 - acc: 0.6987
 512/5074 [==>...........................] - ETA: 11:51 - loss: 0.5386 - acc: 0.7012
 576/5074 [==>...........................] - ETA: 11:40 - loss: 0.5314 - acc: 0.7049
 640/5074 [==>...........................] - ETA: 11:31 - loss: 0.5275 - acc: 0.7078
 704/5074 [===>..........................] - ETA: 11:21 - loss: 0.5292 - acc: 0.7060
 768/5074 [===>..........................] - ETA: 11:11 - loss: 0.5392 - acc: 0.6966
 832/5074 [===>..........................] - ETA: 11:03 - loss: 0.5396 - acc: 0.6947
 896/5074 [====>.........................] - ETA: 10:58 - loss: 0.5423 - acc: 0.6953
 960/5074 [====>.........................] - ETA: 10:45 - loss: 0.5389 - acc: 0.6958
1024/5074 [=====>........................] - ETA: 10:34 - loss: 0.5363 - acc: 0.6982
1088/5074 [=====>........................] - ETA: 10:21 - loss: 0.5365 - acc: 0.6967
1152/5074 [=====>........................] - ETA: 10:10 - loss: 0.5362 - acc: 0.6970
1216/5074 [======>.......................] - ETA: 9:58 - loss: 0.5370 - acc: 0.6982 
1280/5074 [======>.......................] - ETA: 9:49 - loss: 0.5355 - acc: 0.7000
1344/5074 [======>.......................] - ETA: 9:38 - loss: 0.5337 - acc: 0.7024
1408/5074 [=======>......................] - ETA: 9:32 - loss: 0.5347 - acc: 0.7053
1472/5074 [=======>......................] - ETA: 9:22 - loss: 0.5331 - acc: 0.7099
1536/5074 [========>.....................] - ETA: 9:11 - loss: 0.5380 - acc: 0.7057
1600/5074 [========>.....................] - ETA: 9:00 - loss: 0.5375 - acc: 0.7056
1664/5074 [========>.....................] - ETA: 8:49 - loss: 0.5379 - acc: 0.7043
1728/5074 [=========>....................] - ETA: 8:37 - loss: 0.5386 - acc: 0.7020
1792/5074 [=========>....................] - ETA: 8:28 - loss: 0.5390 - acc: 0.7020
1856/5074 [=========>....................] - ETA: 8:18 - loss: 0.5394 - acc: 0.7010
1920/5074 [==========>...................] - ETA: 8:07 - loss: 0.5379 - acc: 0.7047
1984/5074 [==========>...................] - ETA: 7:57 - loss: 0.5364 - acc: 0.7051
2048/5074 [===========>..................] - ETA: 7:46 - loss: 0.5353 - acc: 0.7070
2112/5074 [===========>..................] - ETA: 7:37 - loss: 0.5355 - acc: 0.7064
2176/5074 [===========>..................] - ETA: 7:26 - loss: 0.5353 - acc: 0.7068
2240/5074 [============>.................] - ETA: 7:16 - loss: 0.5366 - acc: 0.7045
2304/5074 [============>.................] - ETA: 7:06 - loss: 0.5355 - acc: 0.7053
2368/5074 [=============>................] - ETA: 6:56 - loss: 0.5339 - acc: 0.7073
2432/5074 [=============>................] - ETA: 6:46 - loss: 0.5327 - acc: 0.7085
2496/5074 [=============>................] - ETA: 6:35 - loss: 0.5320 - acc: 0.7103
2560/5074 [==============>...............] - ETA: 6:26 - loss: 0.5303 - acc: 0.7129
2624/5074 [==============>...............] - ETA: 6:16 - loss: 0.5315 - acc: 0.7111
2688/5074 [==============>...............] - ETA: 6:06 - loss: 0.5307 - acc: 0.7117
2752/5074 [===============>..............] - ETA: 5:57 - loss: 0.5296 - acc: 0.7129
2816/5074 [===============>..............] - ETA: 5:47 - loss: 0.5309 - acc: 0.7124
2880/5074 [================>.............] - ETA: 5:38 - loss: 0.5309 - acc: 0.7128
2944/5074 [================>.............] - ETA: 5:27 - loss: 0.5312 - acc: 0.7123
3008/5074 [================>.............] - ETA: 5:17 - loss: 0.5336 - acc: 0.7098
3072/5074 [=================>............] - ETA: 5:08 - loss: 0.5329 - acc: 0.7103
3136/5074 [=================>............] - ETA: 4:58 - loss: 0.5327 - acc: 0.7108
3200/5074 [=================>............] - ETA: 4:49 - loss: 0.5325 - acc: 0.7103
3264/5074 [==================>...........] - ETA: 4:39 - loss: 0.5326 - acc: 0.7102
3328/5074 [==================>...........] - ETA: 4:29 - loss: 0.5328 - acc: 0.7100
3392/5074 [===================>..........] - ETA: 4:19 - loss: 0.5338 - acc: 0.7087
3456/5074 [===================>..........] - ETA: 4:09 - loss: 0.5327 - acc: 0.7101
3520/5074 [===================>..........] - ETA: 3:59 - loss: 0.5322 - acc: 0.7116
3584/5074 [====================>.........] - ETA: 3:49 - loss: 0.5328 - acc: 0.7115
3648/5074 [====================>.........] - ETA: 3:39 - loss: 0.5329 - acc: 0.7105
3712/5074 [====================>.........] - ETA: 3:29 - loss: 0.5317 - acc: 0.7115
3776/5074 [=====================>........] - ETA: 3:19 - loss: 0.5337 - acc: 0.7103
3840/5074 [=====================>........] - ETA: 3:09 - loss: 0.5327 - acc: 0.7107
3904/5074 [======================>.......] - ETA: 2:59 - loss: 0.5334 - acc: 0.7093
3968/5074 [======================>.......] - ETA: 2:50 - loss: 0.5324 - acc: 0.7099
4032/5074 [======================>.......] - ETA: 2:40 - loss: 0.5319 - acc: 0.7108
4096/5074 [=======================>......] - ETA: 2:30 - loss: 0.5314 - acc: 0.7114
4160/5074 [=======================>......] - ETA: 2:20 - loss: 0.5310 - acc: 0.7120
4224/5074 [=======================>......] - ETA: 2:10 - loss: 0.5306 - acc: 0.7121
4288/5074 [========================>.....] - ETA: 2:00 - loss: 0.5298 - acc: 0.7125
4352/5074 [========================>.....] - ETA: 1:50 - loss: 0.5297 - acc: 0.7132
4416/5074 [=========================>....] - ETA: 1:41 - loss: 0.5295 - acc: 0.7133
4480/5074 [=========================>....] - ETA: 1:31 - loss: 0.5288 - acc: 0.7136
4544/5074 [=========================>....] - ETA: 1:21 - loss: 0.5283 - acc: 0.7139
4608/5074 [==========================>...] - ETA: 1:11 - loss: 0.5279 - acc: 0.7142
4672/5074 [==========================>...] - ETA: 1:01 - loss: 0.5277 - acc: 0.7147
4736/5074 [===========================>..] - ETA: 51s - loss: 0.5278 - acc: 0.7137 
4800/5074 [===========================>..] - ETA: 42s - loss: 0.5278 - acc: 0.7135
4864/5074 [===========================>..] - ETA: 32s - loss: 0.5277 - acc: 0.7134
4928/5074 [============================>.] - ETA: 22s - loss: 0.5274 - acc: 0.7143
4992/5074 [============================>.] - ETA: 12s - loss: 0.5282 - acc: 0.7131
5056/5074 [============================>.] - ETA: 2s - loss: 0.5284 - acc: 0.7124 
5074/5074 [==============================] - 783s 154ms/step - loss: 0.5285 - acc: 0.7127
Epoch 10/10

  64/5074 [..............................] - ETA: 12:43 - loss: 0.5499 - acc: 0.6562
 128/5074 [..............................] - ETA: 12:01 - loss: 0.5487 - acc: 0.6641
 192/5074 [>.............................] - ETA: 12:07 - loss: 0.5252 - acc: 0.6875
 256/5074 [>.............................] - ETA: 11:52 - loss: 0.5513 - acc: 0.6797
 320/5074 [>.............................] - ETA: 11:39 - loss: 0.5511 - acc: 0.6844
 384/5074 [=>............................] - ETA: 11:28 - loss: 0.5414 - acc: 0.7109
 448/5074 [=>............................] - ETA: 11:22 - loss: 0.5230 - acc: 0.7232
 512/5074 [==>...........................] - ETA: 11:14 - loss: 0.5212 - acc: 0.7246
 576/5074 [==>...........................] - ETA: 11:04 - loss: 0.5225 - acc: 0.7205
 640/5074 [==>...........................] - ETA: 11:02 - loss: 0.5187 - acc: 0.7219
 704/5074 [===>..........................] - ETA: 10:52 - loss: 0.5103 - acc: 0.7315
 768/5074 [===>..........................] - ETA: 10:41 - loss: 0.5143 - acc: 0.7240
 832/5074 [===>..........................] - ETA: 10:30 - loss: 0.5190 - acc: 0.7200
 896/5074 [====>.........................] - ETA: 10:19 - loss: 0.5198 - acc: 0.7176
 960/5074 [====>.........................] - ETA: 10:08 - loss: 0.5135 - acc: 0.7250
1024/5074 [=====>........................] - ETA: 10:01 - loss: 0.5124 - acc: 0.7256
1088/5074 [=====>........................] - ETA: 9:50 - loss: 0.5172 - acc: 0.7224 
1152/5074 [=====>........................] - ETA: 9:40 - loss: 0.5185 - acc: 0.7205
1216/5074 [======>.......................] - ETA: 9:29 - loss: 0.5183 - acc: 0.7212
1280/5074 [======>.......................] - ETA: 9:20 - loss: 0.5173 - acc: 0.7234
1344/5074 [======>.......................] - ETA: 9:10 - loss: 0.5185 - acc: 0.7210
1408/5074 [=======>......................] - ETA: 9:01 - loss: 0.5162 - acc: 0.7230
1472/5074 [=======>......................] - ETA: 8:53 - loss: 0.5190 - acc: 0.7194
1536/5074 [========>.....................] - ETA: 8:42 - loss: 0.5208 - acc: 0.7161
1600/5074 [========>.....................] - ETA: 8:31 - loss: 0.5214 - acc: 0.7144
1664/5074 [========>.....................] - ETA: 8:21 - loss: 0.5205 - acc: 0.7163
1728/5074 [=========>....................] - ETA: 8:12 - loss: 0.5218 - acc: 0.7164
1792/5074 [=========>....................] - ETA: 8:04 - loss: 0.5217 - acc: 0.7176
1856/5074 [=========>....................] - ETA: 7:54 - loss: 0.5185 - acc: 0.7214
1920/5074 [==========>...................] - ETA: 7:46 - loss: 0.5215 - acc: 0.7156
1984/5074 [==========>...................] - ETA: 7:36 - loss: 0.5211 - acc: 0.7157
2048/5074 [===========>..................] - ETA: 7:27 - loss: 0.5200 - acc: 0.7163
2112/5074 [===========>..................] - ETA: 7:17 - loss: 0.5214 - acc: 0.7145
2176/5074 [===========>..................] - ETA: 7:07 - loss: 0.5219 - acc: 0.7123
2240/5074 [============>.................] - ETA: 6:58 - loss: 0.5246 - acc: 0.7076
2304/5074 [============>.................] - ETA: 6:49 - loss: 0.5253 - acc: 0.7075
2368/5074 [=============>................] - ETA: 6:39 - loss: 0.5254 - acc: 0.7069
2432/5074 [=============>................] - ETA: 6:29 - loss: 0.5251 - acc: 0.7081
2496/5074 [=============>................] - ETA: 6:20 - loss: 0.5242 - acc: 0.7083
2560/5074 [==============>...............] - ETA: 6:10 - loss: 0.5243 - acc: 0.7074
2624/5074 [==============>...............] - ETA: 6:01 - loss: 0.5243 - acc: 0.7085
2688/5074 [==============>...............] - ETA: 5:51 - loss: 0.5230 - acc: 0.7098
2752/5074 [===============>..............] - ETA: 5:41 - loss: 0.5248 - acc: 0.7075
2816/5074 [===============>..............] - ETA: 5:32 - loss: 0.5235 - acc: 0.7092
2880/5074 [================>.............] - ETA: 5:22 - loss: 0.5239 - acc: 0.7090
2944/5074 [================>.............] - ETA: 5:12 - loss: 0.5258 - acc: 0.7092
3008/5074 [================>.............] - ETA: 5:03 - loss: 0.5247 - acc: 0.7104
3072/5074 [=================>............] - ETA: 4:53 - loss: 0.5245 - acc: 0.7109
3136/5074 [=================>............] - ETA: 4:43 - loss: 0.5253 - acc: 0.7101
3200/5074 [=================>............] - ETA: 4:34 - loss: 0.5253 - acc: 0.7109
3264/5074 [==================>...........] - ETA: 4:25 - loss: 0.5249 - acc: 0.7117
3328/5074 [==================>...........] - ETA: 4:15 - loss: 0.5247 - acc: 0.7124
3392/5074 [===================>..........] - ETA: 4:07 - loss: 0.5247 - acc: 0.7117
3456/5074 [===================>..........] - ETA: 3:57 - loss: 0.5248 - acc: 0.7104
3520/5074 [===================>..........] - ETA: 3:48 - loss: 0.5249 - acc: 0.7102
3584/5074 [====================>.........] - ETA: 3:39 - loss: 0.5246 - acc: 0.7112
3648/5074 [====================>.........] - ETA: 3:29 - loss: 0.5256 - acc: 0.7103
3712/5074 [====================>.........] - ETA: 3:20 - loss: 0.5254 - acc: 0.7107
3776/5074 [=====================>........] - ETA: 3:10 - loss: 0.5259 - acc: 0.7090
3840/5074 [=====================>........] - ETA: 3:01 - loss: 0.5254 - acc: 0.7096
3904/5074 [======================>.......] - ETA: 2:52 - loss: 0.5259 - acc: 0.7090
3968/5074 [======================>.......] - ETA: 2:42 - loss: 0.5257 - acc: 0.7099
4032/5074 [======================>.......] - ETA: 2:33 - loss: 0.5256 - acc: 0.7101
4096/5074 [=======================>......] - ETA: 2:23 - loss: 0.5276 - acc: 0.7075
4160/5074 [=======================>......] - ETA: 2:14 - loss: 0.5272 - acc: 0.7077
4224/5074 [=======================>......] - ETA: 2:04 - loss: 0.5267 - acc: 0.7090
4288/5074 [========================>.....] - ETA: 1:55 - loss: 0.5262 - acc: 0.7101
4352/5074 [========================>.....] - ETA: 1:45 - loss: 0.5262 - acc: 0.7105
4416/5074 [=========================>....] - ETA: 1:36 - loss: 0.5256 - acc: 0.7108
4480/5074 [=========================>....] - ETA: 1:27 - loss: 0.5265 - acc: 0.7105
4544/5074 [=========================>....] - ETA: 1:17 - loss: 0.5263 - acc: 0.7106
4608/5074 [==========================>...] - ETA: 1:08 - loss: 0.5265 - acc: 0.7107
4672/5074 [==========================>...] - ETA: 58s - loss: 0.5260 - acc: 0.7113 
4736/5074 [===========================>..] - ETA: 49s - loss: 0.5251 - acc: 0.7122
4800/5074 [===========================>..] - ETA: 40s - loss: 0.5247 - acc: 0.7129
4864/5074 [===========================>..] - ETA: 30s - loss: 0.5248 - acc: 0.7132
4928/5074 [============================>.] - ETA: 21s - loss: 0.5254 - acc: 0.7127
4992/5074 [============================>.] - ETA: 12s - loss: 0.5260 - acc: 0.7127
5056/5074 [============================>.] - ETA: 2s - loss: 0.5260 - acc: 0.7124 
5074/5074 [==============================] - 747s 147ms/step - loss: 0.5263 - acc: 0.7121
Saved model to disk
