nohup: ignoring input
这是组学数据： H3K4me1
当此时的起始坐标大于之前的时，此时的终止坐标是否小于或等于之前的peak(true)：
chr10 49082143 49082380
当此时的起始坐标大于之前的时，此时的终止坐标是否大于之前的peak(true)：
chr10 49082143 49082380
这是组学数据： H3K4me3
当此时的起始坐标大于之前的时，此时的终止坐标是否小于或等于之前的peak(true)：
chr1 144519950 144520341
当此时的起始坐标大于之前的时，此时的终止坐标是否大于之前的peak(true)：
chr1 144519950 144520341
当此时的起始坐标大于之前的时，此时的终止坐标是否小于或等于之前的peak(true)：
chr1 144929476 144931530
当此时的起始坐标大于之前的时，此时的终止坐标是否大于之前的peak(true)：
chr1 144929476 144931530
当此时的起始坐标大于之前的时，此时的终止坐标是否小于或等于之前的peak(true)：
chr1 144931912 144932565
当此时的起始坐标大于之前的时，此时的终止坐标是否大于之前的peak(true)：
chr1 144931912 144932565
当此时的起始坐标大于之前的时，此时的终止坐标是否小于或等于之前的peak(true)：
chr10 46914583 46915140
当此时的起始坐标大于之前的时，此时的终止坐标是否大于之前的peak(true)：
chr10 46914583 46915140
当此时的起始坐标大于之前的时，此时的终止坐标是否小于或等于之前的peak(true)：
chr21 45527129 45527475
当此时的起始坐标大于之前的时，此时的终止坐标是否大于之前的peak(true)：
chr21 45527129 45527475
这是组学数据： H3K9me3
这是组学数据： H3K27ac
当此时的起始坐标大于之前的时，此时的终止坐标是否小于或等于之前的peak(true)：
chr1 144519949 144520345
当此时的起始坐标大于之前的时，此时的终止坐标是否大于之前的peak(true)：
chr1 144519949 144520345
当此时的起始坐标大于之前的时，此时的终止坐标是否小于或等于之前的peak(true)：
chr1 144921066 144921701
当此时的起始坐标大于之前的时，此时的终止坐标是否大于之前的peak(true)：
chr1 144921066 144921701
当此时的起始坐标大于之前的时，此时的终止坐标是否小于或等于之前的peak(true)：
chr1 144921995 144922339
当此时的起始坐标大于之前的时，此时的终止坐标是否大于之前的peak(true)：
chr1 144921995 144922339
当此时的起始坐标大于之前的时，此时的终止坐标是否小于或等于之前的peak(true)：
chr1 144925924 144926516
当此时的起始坐标大于之前的时，此时的终止坐标是否大于之前的peak(true)：
chr1 144925924 144926516
当此时的起始坐标大于之前的时，此时的终止坐标是否小于或等于之前的peak(true)：
chr1 144927861 144928529
当此时的起始坐标大于之前的时，此时的终止坐标是否大于之前的peak(true)：
chr1 144927861 144928529
当此时的起始坐标大于之前的时，此时的终止坐标是否小于或等于之前的peak(true)：
chr1 144931218 144931502
当此时的起始坐标大于之前的时，此时的终止坐标是否大于之前的peak(true)：
chr1 144931218 144931502
当此时的起始坐标大于之前的时，此时的终止坐标是否小于或等于之前的peak(true)：
chr1 144932186 144932461
当此时的起始坐标大于之前的时，此时的终止坐标是否大于之前的peak(true)：
chr1 144932186 144932461
当此时的起始坐标大于之前的时，此时的终止坐标是否小于或等于之前的peak(true)：
chr10 46917161 46917613
当此时的起始坐标大于之前的时，此时的终止坐标是否大于之前的peak(true)：
chr10 46917161 46917613
当此时的起始坐标大于之前的时，此时的终止坐标是否小于或等于之前的peak(true)：
chr10 49078442 49078874
当此时的起始坐标大于之前的时，此时的终止坐标是否大于之前的peak(true)：
chr10 49078442 49078874
当此时的起始坐标大于之前的时，此时的终止坐标是否小于或等于之前的peak(true)：
chr10 49080393 49081471
当此时的起始坐标大于之前的时，此时的终止坐标是否大于之前的peak(true)：
chr10 49080393 49081471
当此时的起始坐标大于之前的时，此时的终止坐标是否小于或等于之前的peak(true)：
chr10 49081897 49082457
当此时的起始坐标大于之前的时，此时的终止坐标是否大于之前的peak(true)：
chr10 49081897 49082457
当此时的起始坐标大于之前的时，此时的终止坐标是否小于或等于之前的peak(true)：
chr10 49083747 49084396
当此时的起始坐标大于之前的时，此时的终止坐标是否大于之前的peak(true)：
chr10 49083747 49084396
这是组学数据： H3K36me3
