nohup: ignoring input
Using TensorFlow backend.
/home/lyli/miniconda3/envs/SeqPose/lib/python3.7/site-packages/tensorflow/python/framework/dtypes.py:516: FutureWarning: Passing (type, 1) or '1type' as a synonym of type is deprecated; in a future version of numpy, it will be understood as (type, (1,)) / '(1,)type'.
  _np_qint8 = np.dtype([("qint8", np.int8, 1)])
/home/lyli/miniconda3/envs/SeqPose/lib/python3.7/site-packages/tensorflow/python/framework/dtypes.py:517: FutureWarning: Passing (type, 1) or '1type' as a synonym of type is deprecated; in a future version of numpy, it will be understood as (type, (1,)) / '(1,)type'.
  _np_quint8 = np.dtype([("quint8", np.uint8, 1)])
/home/lyli/miniconda3/envs/SeqPose/lib/python3.7/site-packages/tensorflow/python/framework/dtypes.py:518: FutureWarning: Passing (type, 1) or '1type' as a synonym of type is deprecated; in a future version of numpy, it will be understood as (type, (1,)) / '(1,)type'.
  _np_qint16 = np.dtype([("qint16", np.int16, 1)])
/home/lyli/miniconda3/envs/SeqPose/lib/python3.7/site-packages/tensorflow/python/framework/dtypes.py:519: FutureWarning: Passing (type, 1) or '1type' as a synonym of type is deprecated; in a future version of numpy, it will be understood as (type, (1,)) / '(1,)type'.
  _np_quint16 = np.dtype([("quint16", np.uint16, 1)])
/home/lyli/miniconda3/envs/SeqPose/lib/python3.7/site-packages/tensorflow/python/framework/dtypes.py:520: FutureWarning: Passing (type, 1) or '1type' as a synonym of type is deprecated; in a future version of numpy, it will be understood as (type, (1,)) / '(1,)type'.
  _np_qint32 = np.dtype([("qint32", np.int32, 1)])
/home/lyli/miniconda3/envs/SeqPose/lib/python3.7/site-packages/tensorflow/python/framework/dtypes.py:525: FutureWarning: Passing (type, 1) or '1type' as a synonym of type is deprecated; in a future version of numpy, it will be understood as (type, (1,)) / '(1,)type'.
  np_resource = np.dtype([("resource", np.ubyte, 1)])
/home/lyli/miniconda3/envs/SeqPose/lib/python3.7/site-packages/tensorboard/compat/tensorflow_stub/dtypes.py:541: FutureWarning: Passing (type, 1) or '1type' as a synonym of type is deprecated; in a future version of numpy, it will be understood as (type, (1,)) / '(1,)type'.
  _np_qint8 = np.dtype([("qint8", np.int8, 1)])
/home/lyli/miniconda3/envs/SeqPose/lib/python3.7/site-packages/tensorboard/compat/tensorflow_stub/dtypes.py:542: FutureWarning: Passing (type, 1) or '1type' as a synonym of type is deprecated; in a future version of numpy, it will be understood as (type, (1,)) / '(1,)type'.
  _np_quint8 = np.dtype([("quint8", np.uint8, 1)])
/home/lyli/miniconda3/envs/SeqPose/lib/python3.7/site-packages/tensorboard/compat/tensorflow_stub/dtypes.py:543: FutureWarning: Passing (type, 1) or '1type' as a synonym of type is deprecated; in a future version of numpy, it will be understood as (type, (1,)) / '(1,)type'.
  _np_qint16 = np.dtype([("qint16", np.int16, 1)])
/home/lyli/miniconda3/envs/SeqPose/lib/python3.7/site-packages/tensorboard/compat/tensorflow_stub/dtypes.py:544: FutureWarning: Passing (type, 1) or '1type' as a synonym of type is deprecated; in a future version of numpy, it will be understood as (type, (1,)) / '(1,)type'.
  _np_quint16 = np.dtype([("quint16", np.uint16, 1)])
/home/lyli/miniconda3/envs/SeqPose/lib/python3.7/site-packages/tensorboard/compat/tensorflow_stub/dtypes.py:545: FutureWarning: Passing (type, 1) or '1type' as a synonym of type is deprecated; in a future version of numpy, it will be understood as (type, (1,)) / '(1,)type'.
  _np_qint32 = np.dtype([("qint32", np.int32, 1)])
/home/lyli/miniconda3/envs/SeqPose/lib/python3.7/site-packages/tensorboard/compat/tensorflow_stub/dtypes.py:550: FutureWarning: Passing (type, 1) or '1type' as a synonym of type is deprecated; in a future version of numpy, it will be understood as (type, (1,)) / '(1,)type'.
  np_resource = np.dtype([("resource", np.ubyte, 1)])
WARNING:tensorflow:From /home/lyli/miniconda3/envs/SeqPose/lib/python3.7/site-packages/keras/backend/tensorflow_backend.py:66: The name tf.get_default_graph is deprecated. Please use tf.compat.v1.get_default_graph instead.

WARNING:tensorflow:From /home/lyli/miniconda3/envs/SeqPose/lib/python3.7/site-packages/keras/backend/tensorflow_backend.py:541: The name tf.placeholder is deprecated. Please use tf.compat.v1.placeholder instead.

WARNING:tensorflow:From /home/lyli/miniconda3/envs/SeqPose/lib/python3.7/site-packages/keras/backend/tensorflow_backend.py:4432: The name tf.random_uniform is deprecated. Please use tf.random.uniform instead.

WARNING:tensorflow:From /home/lyli/miniconda3/envs/SeqPose/lib/python3.7/site-packages/keras/backend/tensorflow_backend.py:148: The name tf.placeholder_with_default is deprecated. Please use tf.compat.v1.placeholder_with_default instead.

WARNING:tensorflow:From /home/lyli/miniconda3/envs/SeqPose/lib/python3.7/site-packages/keras/backend/tensorflow_backend.py:3733: calling dropout (from tensorflow.python.ops.nn_ops) with keep_prob is deprecated and will be removed in a future version.
Instructions for updating:
Please use `rate` instead of `keep_prob`. Rate should be set to `rate = 1 - keep_prob`.
drop_2格式
(?, 128)
(?, 4)
omics_dense4格式
02model_train.py:84: UserWarning: Update your `Model` call to the Keras 2 API: `Model(inputs=[<tf.Tenso..., outputs=[<tf.Tenso...)`
  model = Model(input=[inputs_seq1, inputs_omics], output=[pred_output])
WARNING:tensorflow:From /home/lyli/miniconda3/envs/SeqPose/lib/python3.7/site-packages/keras/optimizers.py:793: The name tf.train.Optimizer is deprecated. Please use tf.compat.v1.train.Optimizer instead.

WARNING:tensorflow:From /home/lyli/miniconda3/envs/SeqPose/lib/python3.7/site-packages/keras/backend/tensorflow_backend.py:3657: The name tf.log is deprecated. Please use tf.math.log instead.

WARNING:tensorflow:From /home/lyli/miniconda3/envs/SeqPose/lib/python3.7/site-packages/tensorflow/python/ops/nn_impl.py:180: add_dispatch_support.<locals>.wrapper (from tensorflow.python.ops.array_ops) is deprecated and will be removed in a future version.
Instructions for updating:
Use tf.where in 2.0, which has the same broadcast rule as np.where
Fitting first model...
Epoch 1/7
2022-12-13 23:00:29.994818: I tensorflow/core/platform/cpu_feature_guard.cc:142] Your CPU supports instructions that this TensorFlow binary was not compiled to use: SSE4.1 SSE4.2 AVX AVX2 AVX512F FMA
2022-12-13 23:00:30.029722: I tensorflow/core/platform/profile_utils/cpu_utils.cc:94] CPU Frequency: 2400000000 Hz
2022-12-13 23:00:30.057225: I tensorflow/compiler/xla/service/service.cc:168] XLA service 0x5576f03eee50 executing computations on platform Host. Devices:
2022-12-13 23:00:30.057282: I tensorflow/compiler/xla/service/service.cc:175]   StreamExecutor device (0): <undefined>, <undefined>
2022-12-13 23:00:30.659138: W tensorflow/compiler/jit/mark_for_compilation_pass.cc:1412] (One-time warning): Not using XLA:CPU for cluster because envvar TF_XLA_FLAGS=--tf_xla_cpu_global_jit was not set.  If you want XLA:CPU, either set that envvar, or use experimental_jit_scope to enable XLA:CPU.  To confirm that XLA is active, pass --vmodule=xla_compilation_cache=1 (as a proper command-line flag, not via TF_XLA_FLAGS) or set the envvar XLA_FLAGS=--xla_hlo_profile.

  32/1336 [..............................] - ETA: 3:22 - loss: 0.7161 - acc: 0.5312
  64/1336 [>.............................] - ETA: 2:33 - loss: 0.7639 - acc: 0.5156
  96/1336 [=>............................] - ETA: 2:07 - loss: 0.7900 - acc: 0.4688
 128/1336 [=>............................] - ETA: 1:52 - loss: 0.8096 - acc: 0.4844
 160/1336 [==>...........................] - ETA: 1:47 - loss: 0.7931 - acc: 0.5000
 192/1336 [===>..........................] - ETA: 1:39 - loss: 0.7874 - acc: 0.5104
 224/1336 [====>.........................] - ETA: 1:33 - loss: 0.7705 - acc: 0.5089
 256/1336 [====>.........................] - ETA: 1:28 - loss: 0.7571 - acc: 0.5117
 288/1336 [=====>........................] - ETA: 1:23 - loss: 0.7550 - acc: 0.5174
 320/1336 [======>.......................] - ETA: 1:19 - loss: 0.7528 - acc: 0.5188
 352/1336 [======>.......................] - ETA: 1:15 - loss: 0.7472 - acc: 0.5199
 384/1336 [=======>......................] - ETA: 1:12 - loss: 0.7420 - acc: 0.5286
 416/1336 [========>.....................] - ETA: 1:09 - loss: 0.7391 - acc: 0.5168
 448/1336 [=========>....................] - ETA: 1:05 - loss: 0.7423 - acc: 0.5089
 480/1336 [=========>....................] - ETA: 1:03 - loss: 0.7507 - acc: 0.5062
 512/1336 [==========>...................] - ETA: 1:00 - loss: 0.7445 - acc: 0.5117
 544/1336 [===========>..................] - ETA: 57s - loss: 0.7501 - acc: 0.5055 
 576/1336 [===========>..................] - ETA: 54s - loss: 0.7535 - acc: 0.5035
 608/1336 [============>.................] - ETA: 52s - loss: 0.7519 - acc: 0.5099
 640/1336 [=============>................] - ETA: 49s - loss: 0.7481 - acc: 0.5156
 672/1336 [==============>...............] - ETA: 47s - loss: 0.7487 - acc: 0.5223
 704/1336 [==============>...............] - ETA: 44s - loss: 0.7496 - acc: 0.5213
 736/1336 [===============>..............] - ETA: 42s - loss: 0.7458 - acc: 0.5299
 768/1336 [================>.............] - ETA: 39s - loss: 0.7456 - acc: 0.5312
 800/1336 [================>.............] - ETA: 37s - loss: 0.7467 - acc: 0.5337
 832/1336 [=================>............] - ETA: 35s - loss: 0.7442 - acc: 0.5312
 864/1336 [==================>...........] - ETA: 33s - loss: 0.7458 - acc: 0.5301
 896/1336 [===================>..........] - ETA: 30s - loss: 0.7466 - acc: 0.5290
 928/1336 [===================>..........] - ETA: 28s - loss: 0.7480 - acc: 0.5291
 960/1336 [====================>.........] - ETA: 26s - loss: 0.7476 - acc: 0.5271
 992/1336 [=====================>........] - ETA: 23s - loss: 0.7440 - acc: 0.5302
1024/1336 [=====================>........] - ETA: 21s - loss: 0.7409 - acc: 0.5312
1056/1336 [======================>.......] - ETA: 19s - loss: 0.7391 - acc: 0.5322
1088/1336 [=======================>......] - ETA: 16s - loss: 0.7398 - acc: 0.5267
1120/1336 [========================>.....] - ETA: 14s - loss: 0.7371 - acc: 0.5330
1152/1336 [========================>.....] - ETA: 12s - loss: 0.7376 - acc: 0.5321
1184/1336 [=========================>....] - ETA: 10s - loss: 0.7361 - acc: 0.5321
1216/1336 [==========================>...] - ETA: 8s - loss: 0.7341 - acc: 0.5354 
1248/1336 [===========================>..] - ETA: 5s - loss: 0.7348 - acc: 0.5345
1280/1336 [===========================>..] - ETA: 3s - loss: 0.7316 - acc: 0.5398
1312/1336 [============================>.] - ETA: 1s - loss: 0.7312 - acc: 0.5366
1336/1336 [==============================] - 91s 68ms/step - loss: 0.7293 - acc: 0.5389
Epoch 2/7

  32/1336 [..............................] - ETA: 1:24 - loss: 0.6710 - acc: 0.5000
  64/1336 [>.............................] - ETA: 1:19 - loss: 0.7180 - acc: 0.5469
  96/1336 [=>............................] - ETA: 1:16 - loss: 0.7187 - acc: 0.5208
 128/1336 [=>............................] - ETA: 1:15 - loss: 0.7080 - acc: 0.5234
 160/1336 [==>...........................] - ETA: 1:13 - loss: 0.7162 - acc: 0.5188
 192/1336 [===>..........................] - ETA: 1:11 - loss: 0.7028 - acc: 0.5625
 224/1336 [====>.........................] - ETA: 1:09 - loss: 0.7002 - acc: 0.5714
 256/1336 [====>.........................] - ETA: 1:08 - loss: 0.7091 - acc: 0.5547
 288/1336 [=====>........................] - ETA: 1:06 - loss: 0.7063 - acc: 0.5521
 320/1336 [======>.......................] - ETA: 1:03 - loss: 0.7082 - acc: 0.5563
 352/1336 [======>.......................] - ETA: 1:01 - loss: 0.7086 - acc: 0.5568
 384/1336 [=======>......................] - ETA: 59s - loss: 0.7070 - acc: 0.5599 
 416/1336 [========>.....................] - ETA: 57s - loss: 0.7111 - acc: 0.5553
 448/1336 [=========>....................] - ETA: 55s - loss: 0.7071 - acc: 0.5647
 480/1336 [=========>....................] - ETA: 53s - loss: 0.7052 - acc: 0.5604
 512/1336 [==========>...................] - ETA: 51s - loss: 0.7051 - acc: 0.5625
 544/1336 [===========>..................] - ETA: 49s - loss: 0.7020 - acc: 0.5607
 576/1336 [===========>..................] - ETA: 47s - loss: 0.6988 - acc: 0.5608
 608/1336 [============>.................] - ETA: 45s - loss: 0.7017 - acc: 0.5674
 640/1336 [=============>................] - ETA: 43s - loss: 0.6993 - acc: 0.5672
 672/1336 [==============>...............] - ETA: 41s - loss: 0.6998 - acc: 0.5625
 704/1336 [==============>...............] - ETA: 39s - loss: 0.6985 - acc: 0.5597
 736/1336 [===============>..............] - ETA: 37s - loss: 0.6987 - acc: 0.5598
 768/1336 [================>.............] - ETA: 35s - loss: 0.6981 - acc: 0.5651
 800/1336 [================>.............] - ETA: 33s - loss: 0.6974 - acc: 0.5637
 832/1336 [=================>............] - ETA: 31s - loss: 0.6975 - acc: 0.5673
 864/1336 [==================>...........] - ETA: 29s - loss: 0.6950 - acc: 0.5683
 896/1336 [===================>..........] - ETA: 27s - loss: 0.6930 - acc: 0.5703
 928/1336 [===================>..........] - ETA: 25s - loss: 0.6919 - acc: 0.5744
 960/1336 [====================>.........] - ETA: 23s - loss: 0.6906 - acc: 0.5740
 992/1336 [=====================>........] - ETA: 21s - loss: 0.6912 - acc: 0.5756
1024/1336 [=====================>........] - ETA: 19s - loss: 0.6906 - acc: 0.5713
1056/1336 [======================>.......] - ETA: 17s - loss: 0.6879 - acc: 0.5748
1088/1336 [=======================>......] - ETA: 15s - loss: 0.6877 - acc: 0.5726
1120/1336 [========================>.....] - ETA: 13s - loss: 0.6860 - acc: 0.5750
1152/1336 [========================>.....] - ETA: 11s - loss: 0.6859 - acc: 0.5712
1184/1336 [=========================>....] - ETA: 9s - loss: 0.6846 - acc: 0.5735 
1216/1336 [==========================>...] - ETA: 7s - loss: 0.6835 - acc: 0.5740
1248/1336 [===========================>..] - ETA: 5s - loss: 0.6822 - acc: 0.5745
1280/1336 [===========================>..] - ETA: 3s - loss: 0.6828 - acc: 0.5695
1312/1336 [============================>.] - ETA: 1s - loss: 0.6819 - acc: 0.5709
1336/1336 [==============================] - 84s 63ms/step - loss: 0.6817 - acc: 0.5681
Epoch 3/7

  32/1336 [..............................] - ETA: 1:22 - loss: 0.6946 - acc: 0.5625
  64/1336 [>.............................] - ETA: 1:17 - loss: 0.6756 - acc: 0.5625
  96/1336 [=>............................] - ETA: 1:16 - loss: 0.6774 - acc: 0.5625
 128/1336 [=>............................] - ETA: 1:15 - loss: 0.6638 - acc: 0.5859
 160/1336 [==>...........................] - ETA: 1:13 - loss: 0.6562 - acc: 0.6000
 192/1336 [===>..........................] - ETA: 1:11 - loss: 0.6594 - acc: 0.5729
 224/1336 [====>.........................] - ETA: 1:09 - loss: 0.6577 - acc: 0.5625
 256/1336 [====>.........................] - ETA: 1:06 - loss: 0.6566 - acc: 0.5742
 288/1336 [=====>........................] - ETA: 1:04 - loss: 0.6525 - acc: 0.5729
 320/1336 [======>.......................] - ETA: 1:02 - loss: 0.6477 - acc: 0.5844
 352/1336 [======>.......................] - ETA: 1:00 - loss: 0.6430 - acc: 0.5938
 384/1336 [=======>......................] - ETA: 58s - loss: 0.6419 - acc: 0.5964 
 416/1336 [========>.....................] - ETA: 56s - loss: 0.6448 - acc: 0.5986
 448/1336 [=========>....................] - ETA: 54s - loss: 0.6425 - acc: 0.6071
 480/1336 [=========>....................] - ETA: 52s - loss: 0.6480 - acc: 0.6000
 512/1336 [==========>...................] - ETA: 50s - loss: 0.6467 - acc: 0.6113
 544/1336 [===========>..................] - ETA: 48s - loss: 0.6467 - acc: 0.6066
 576/1336 [===========>..................] - ETA: 46s - loss: 0.6469 - acc: 0.6059
 608/1336 [============>.................] - ETA: 44s - loss: 0.6482 - acc: 0.6003
 640/1336 [=============>................] - ETA: 42s - loss: 0.6441 - acc: 0.6078
 672/1336 [==============>...............] - ETA: 40s - loss: 0.6422 - acc: 0.6086
 704/1336 [==============>...............] - ETA: 38s - loss: 0.6418 - acc: 0.6080
 736/1336 [===============>..............] - ETA: 36s - loss: 0.6400 - acc: 0.6114
 768/1336 [================>.............] - ETA: 34s - loss: 0.6394 - acc: 0.6107
 800/1336 [================>.............] - ETA: 32s - loss: 0.6416 - acc: 0.6038
 832/1336 [=================>............] - ETA: 30s - loss: 0.6427 - acc: 0.6058
 864/1336 [==================>...........] - ETA: 28s - loss: 0.6404 - acc: 0.6134
 896/1336 [===================>..........] - ETA: 27s - loss: 0.6404 - acc: 0.6150
 928/1336 [===================>..........] - ETA: 25s - loss: 0.6407 - acc: 0.6175
 960/1336 [====================>.........] - ETA: 23s - loss: 0.6407 - acc: 0.6146
 992/1336 [=====================>........] - ETA: 21s - loss: 0.6415 - acc: 0.6129
1024/1336 [=====================>........] - ETA: 19s - loss: 0.6406 - acc: 0.6123
1056/1336 [======================>.......] - ETA: 17s - loss: 0.6413 - acc: 0.6070
1088/1336 [=======================>......] - ETA: 15s - loss: 0.6420 - acc: 0.6039
1120/1336 [========================>.....] - ETA: 13s - loss: 0.6436 - acc: 0.6045
1152/1336 [========================>.....] - ETA: 11s - loss: 0.6441 - acc: 0.6024
1184/1336 [=========================>....] - ETA: 9s - loss: 0.6446 - acc: 0.6014 
1216/1336 [==========================>...] - ETA: 7s - loss: 0.6437 - acc: 0.6020
1248/1336 [===========================>..] - ETA: 5s - loss: 0.6435 - acc: 0.6042
1280/1336 [===========================>..] - ETA: 3s - loss: 0.6439 - acc: 0.6008
1312/1336 [============================>.] - ETA: 1s - loss: 0.6434 - acc: 0.6037
1336/1336 [==============================] - 82s 62ms/step - loss: 0.6435 - acc: 0.6025
Epoch 4/7

  32/1336 [..............................] - ETA: 1:21 - loss: 0.6009 - acc: 0.6875
  64/1336 [>.............................] - ETA: 1:21 - loss: 0.6177 - acc: 0.6250
  96/1336 [=>............................] - ETA: 1:18 - loss: 0.6270 - acc: 0.6354
 128/1336 [=>............................] - ETA: 1:15 - loss: 0.6261 - acc: 0.6016
 160/1336 [==>...........................] - ETA: 1:13 - loss: 0.6322 - acc: 0.5938
 192/1336 [===>..........................] - ETA: 1:11 - loss: 0.6301 - acc: 0.5938
 224/1336 [====>.........................] - ETA: 1:09 - loss: 0.6313 - acc: 0.5759
 256/1336 [====>.........................] - ETA: 1:07 - loss: 0.6230 - acc: 0.6055
 288/1336 [=====>........................] - ETA: 1:05 - loss: 0.6241 - acc: 0.5868
 320/1336 [======>.......................] - ETA: 1:04 - loss: 0.6219 - acc: 0.5906
 352/1336 [======>.......................] - ETA: 1:01 - loss: 0.6205 - acc: 0.5966
 384/1336 [=======>......................] - ETA: 59s - loss: 0.6281 - acc: 0.6042 
 416/1336 [========>.....................] - ETA: 57s - loss: 0.6253 - acc: 0.6058
 448/1336 [=========>....................] - ETA: 55s - loss: 0.6271 - acc: 0.5982
 480/1336 [=========>....................] - ETA: 53s - loss: 0.6274 - acc: 0.6104
 512/1336 [==========>...................] - ETA: 51s - loss: 0.6249 - acc: 0.6152
 544/1336 [===========>..................] - ETA: 49s - loss: 0.6249 - acc: 0.6140
 576/1336 [===========>..................] - ETA: 47s - loss: 0.6289 - acc: 0.6094
 608/1336 [============>.................] - ETA: 45s - loss: 0.6311 - acc: 0.6036
 640/1336 [=============>................] - ETA: 43s - loss: 0.6340 - acc: 0.5984
 672/1336 [==============>...............] - ETA: 41s - loss: 0.6315 - acc: 0.5982
 704/1336 [==============>...............] - ETA: 38s - loss: 0.6318 - acc: 0.6009
 736/1336 [===============>..............] - ETA: 36s - loss: 0.6334 - acc: 0.5924
 768/1336 [================>.............] - ETA: 35s - loss: 0.6340 - acc: 0.5911
 800/1336 [================>.............] - ETA: 33s - loss: 0.6329 - acc: 0.5950
 832/1336 [=================>............] - ETA: 31s - loss: 0.6327 - acc: 0.5950
 864/1336 [==================>...........] - ETA: 29s - loss: 0.6339 - acc: 0.5961
 896/1336 [===================>..........] - ETA: 27s - loss: 0.6311 - acc: 0.6004
 928/1336 [===================>..........] - ETA: 25s - loss: 0.6314 - acc: 0.5981
 960/1336 [====================>.........] - ETA: 23s - loss: 0.6320 - acc: 0.5948
 992/1336 [=====================>........] - ETA: 21s - loss: 0.6320 - acc: 0.5927
1024/1336 [=====================>........] - ETA: 19s - loss: 0.6312 - acc: 0.5957
1056/1336 [======================>.......] - ETA: 17s - loss: 0.6313 - acc: 0.5966
1088/1336 [=======================>......] - ETA: 15s - loss: 0.6310 - acc: 0.5983
1120/1336 [========================>.....] - ETA: 13s - loss: 0.6312 - acc: 0.6000
1152/1336 [========================>.....] - ETA: 11s - loss: 0.6330 - acc: 0.5981
1184/1336 [=========================>....] - ETA: 9s - loss: 0.6336 - acc: 0.5988 
1216/1336 [==========================>...] - ETA: 7s - loss: 0.6342 - acc: 0.5987
1248/1336 [===========================>..] - ETA: 5s - loss: 0.6347 - acc: 0.5994
1280/1336 [===========================>..] - ETA: 3s - loss: 0.6339 - acc: 0.5984
1312/1336 [============================>.] - ETA: 1s - loss: 0.6346 - acc: 0.5983
1336/1336 [==============================] - 83s 62ms/step - loss: 0.6341 - acc: 0.6003
Epoch 5/7

  32/1336 [..............................] - ETA: 1:18 - loss: 0.6535 - acc: 0.4688
  64/1336 [>.............................] - ETA: 1:18 - loss: 0.6435 - acc: 0.4844
  96/1336 [=>............................] - ETA: 1:16 - loss: 0.6299 - acc: 0.5417
 128/1336 [=>............................] - ETA: 1:14 - loss: 0.6172 - acc: 0.5859
 160/1336 [==>...........................] - ETA: 1:12 - loss: 0.6173 - acc: 0.5875
 192/1336 [===>..........................] - ETA: 1:10 - loss: 0.6225 - acc: 0.6042
 224/1336 [====>.........................] - ETA: 1:08 - loss: 0.6152 - acc: 0.6205
 256/1336 [====>.........................] - ETA: 1:06 - loss: 0.6159 - acc: 0.6367
 288/1336 [=====>........................] - ETA: 1:04 - loss: 0.6187 - acc: 0.6354
 320/1336 [======>.......................] - ETA: 1:02 - loss: 0.6178 - acc: 0.6438
 352/1336 [======>.......................] - ETA: 1:00 - loss: 0.6192 - acc: 0.6335
 384/1336 [=======>......................] - ETA: 58s - loss: 0.6220 - acc: 0.6302 
 416/1336 [========>.....................] - ETA: 56s - loss: 0.6235 - acc: 0.6226
 448/1336 [=========>....................] - ETA: 53s - loss: 0.6257 - acc: 0.6250
 480/1336 [=========>....................] - ETA: 51s - loss: 0.6230 - acc: 0.6292
 512/1336 [==========>...................] - ETA: 49s - loss: 0.6226 - acc: 0.6250
 544/1336 [===========>..................] - ETA: 48s - loss: 0.6225 - acc: 0.6195
 576/1336 [===========>..................] - ETA: 46s - loss: 0.6196 - acc: 0.6233
 608/1336 [============>.................] - ETA: 44s - loss: 0.6187 - acc: 0.6283
 640/1336 [=============>................] - ETA: 42s - loss: 0.6184 - acc: 0.6234
 672/1336 [==============>...............] - ETA: 40s - loss: 0.6188 - acc: 0.6265
 704/1336 [==============>...............] - ETA: 38s - loss: 0.6190 - acc: 0.6236
 736/1336 [===============>..............] - ETA: 36s - loss: 0.6209 - acc: 0.6196
 768/1336 [================>.............] - ETA: 34s - loss: 0.6199 - acc: 0.6185
 800/1336 [================>.............] - ETA: 32s - loss: 0.6182 - acc: 0.6200
 832/1336 [=================>............] - ETA: 30s - loss: 0.6183 - acc: 0.6226
 864/1336 [==================>...........] - ETA: 28s - loss: 0.6185 - acc: 0.6204
 896/1336 [===================>..........] - ETA: 26s - loss: 0.6176 - acc: 0.6217
 928/1336 [===================>..........] - ETA: 24s - loss: 0.6166 - acc: 0.6218
 960/1336 [====================>.........] - ETA: 22s - loss: 0.6197 - acc: 0.6208
 992/1336 [=====================>........] - ETA: 21s - loss: 0.6199 - acc: 0.6230
1024/1336 [=====================>........] - ETA: 19s - loss: 0.6199 - acc: 0.6240
1056/1336 [======================>.......] - ETA: 17s - loss: 0.6221 - acc: 0.6231
1088/1336 [=======================>......] - ETA: 15s - loss: 0.6232 - acc: 0.6232
1120/1336 [========================>.....] - ETA: 13s - loss: 0.6239 - acc: 0.6196
1152/1336 [========================>.....] - ETA: 11s - loss: 0.6232 - acc: 0.6215
1184/1336 [=========================>....] - ETA: 9s - loss: 0.6242 - acc: 0.6191 
1216/1336 [==========================>...] - ETA: 7s - loss: 0.6254 - acc: 0.6201
1248/1336 [===========================>..] - ETA: 5s - loss: 0.6251 - acc: 0.6250
1280/1336 [===========================>..] - ETA: 3s - loss: 0.6242 - acc: 0.6242
1312/1336 [============================>.] - ETA: 1s - loss: 0.6238 - acc: 0.6242
1336/1336 [==============================] - 82s 62ms/step - loss: 0.6233 - acc: 0.6250
Epoch 6/7

  32/1336 [..............................] - ETA: 1:18 - loss: 0.6689 - acc: 0.5938
  64/1336 [>.............................] - ETA: 1:15 - loss: 0.6402 - acc: 0.6250
  96/1336 [=>............................] - ETA: 1:13 - loss: 0.6307 - acc: 0.6042
 128/1336 [=>............................] - ETA: 1:13 - loss: 0.6137 - acc: 0.6406
 160/1336 [==>...........................] - ETA: 1:10 - loss: 0.6154 - acc: 0.6500
 192/1336 [===>..........................] - ETA: 1:09 - loss: 0.6142 - acc: 0.6510
 224/1336 [====>.........................] - ETA: 1:07 - loss: 0.6069 - acc: 0.6562
 256/1336 [====>.........................] - ETA: 1:05 - loss: 0.6088 - acc: 0.6445
 288/1336 [=====>........................] - ETA: 1:03 - loss: 0.6164 - acc: 0.6354
 320/1336 [======>.......................] - ETA: 1:01 - loss: 0.6154 - acc: 0.6406
 352/1336 [======>.......................] - ETA: 59s - loss: 0.6182 - acc: 0.6278 
 384/1336 [=======>......................] - ETA: 57s - loss: 0.6199 - acc: 0.6276
 416/1336 [========>.....................] - ETA: 55s - loss: 0.6229 - acc: 0.6202
 448/1336 [=========>....................] - ETA: 53s - loss: 0.6227 - acc: 0.6295
 480/1336 [=========>....................] - ETA: 51s - loss: 0.6184 - acc: 0.6354
 512/1336 [==========>...................] - ETA: 49s - loss: 0.6187 - acc: 0.6426
 544/1336 [===========>..................] - ETA: 47s - loss: 0.6218 - acc: 0.6434
 576/1336 [===========>..................] - ETA: 45s - loss: 0.6252 - acc: 0.6389
 608/1336 [============>.................] - ETA: 43s - loss: 0.6241 - acc: 0.6414
 640/1336 [=============>................] - ETA: 42s - loss: 0.6244 - acc: 0.6422
 672/1336 [==============>...............] - ETA: 40s - loss: 0.6236 - acc: 0.6414
 704/1336 [==============>...............] - ETA: 38s - loss: 0.6246 - acc: 0.6406
 736/1336 [===============>..............] - ETA: 36s - loss: 0.6264 - acc: 0.6359
 768/1336 [================>.............] - ETA: 34s - loss: 0.6235 - acc: 0.6445
 800/1336 [================>.............] - ETA: 32s - loss: 0.6245 - acc: 0.6425
 832/1336 [=================>............] - ETA: 30s - loss: 0.6225 - acc: 0.6442
 864/1336 [==================>...........] - ETA: 28s - loss: 0.6244 - acc: 0.6331
 896/1336 [===================>..........] - ETA: 26s - loss: 0.6216 - acc: 0.6328
 928/1336 [===================>..........] - ETA: 24s - loss: 0.6200 - acc: 0.6347
 960/1336 [====================>.........] - ETA: 23s - loss: 0.6203 - acc: 0.6354
 992/1336 [=====================>........] - ETA: 21s - loss: 0.6209 - acc: 0.6321
1024/1336 [=====================>........] - ETA: 19s - loss: 0.6214 - acc: 0.6289
1056/1336 [======================>.......] - ETA: 17s - loss: 0.6224 - acc: 0.6278
1088/1336 [=======================>......] - ETA: 15s - loss: 0.6215 - acc: 0.6305
1120/1336 [========================>.....] - ETA: 13s - loss: 0.6219 - acc: 0.6277
1152/1336 [========================>.....] - ETA: 11s - loss: 0.6220 - acc: 0.6250
1184/1336 [=========================>....] - ETA: 9s - loss: 0.6213 - acc: 0.6233 
1216/1336 [==========================>...] - ETA: 7s - loss: 0.6211 - acc: 0.6225
1248/1336 [===========================>..] - ETA: 5s - loss: 0.6222 - acc: 0.6210
1280/1336 [===========================>..] - ETA: 3s - loss: 0.6207 - acc: 0.6242
1312/1336 [============================>.] - ETA: 1s - loss: 0.6203 - acc: 0.6250
1336/1336 [==============================] - 82s 61ms/step - loss: 0.6210 - acc: 0.6243
Epoch 7/7

  32/1336 [..............................] - ETA: 1:19 - loss: 0.6280 - acc: 0.5938
  64/1336 [>.............................] - ETA: 1:17 - loss: 0.6521 - acc: 0.6094
  96/1336 [=>............................] - ETA: 1:14 - loss: 0.6424 - acc: 0.6354
 128/1336 [=>............................] - ETA: 1:12 - loss: 0.6586 - acc: 0.5938
 160/1336 [==>...........................] - ETA: 1:10 - loss: 0.6485 - acc: 0.6000
 192/1336 [===>..........................] - ETA: 1:09 - loss: 0.6431 - acc: 0.5938
 224/1336 [====>.........................] - ETA: 1:07 - loss: 0.6437 - acc: 0.5759
 256/1336 [====>.........................] - ETA: 1:05 - loss: 0.6361 - acc: 0.5859
 288/1336 [=====>........................] - ETA: 1:03 - loss: 0.6383 - acc: 0.5799
 320/1336 [======>.......................] - ETA: 1:01 - loss: 0.6362 - acc: 0.5844
 352/1336 [======>.......................] - ETA: 59s - loss: 0.6324 - acc: 0.5938 
 384/1336 [=======>......................] - ETA: 57s - loss: 0.6259 - acc: 0.6016
 416/1336 [========>.....................] - ETA: 55s - loss: 0.6286 - acc: 0.5962
 448/1336 [=========>....................] - ETA: 53s - loss: 0.6290 - acc: 0.5915
 480/1336 [=========>....................] - ETA: 51s - loss: 0.6260 - acc: 0.6000
 512/1336 [==========>...................] - ETA: 49s - loss: 0.6227 - acc: 0.6035
 544/1336 [===========>..................] - ETA: 47s - loss: 0.6180 - acc: 0.6085
 576/1336 [===========>..................] - ETA: 45s - loss: 0.6158 - acc: 0.6128
 608/1336 [============>.................] - ETA: 43s - loss: 0.6150 - acc: 0.6151
 640/1336 [=============>................] - ETA: 42s - loss: 0.6154 - acc: 0.6125
 672/1336 [==============>...............] - ETA: 40s - loss: 0.6173 - acc: 0.6161
 704/1336 [==============>...............] - ETA: 38s - loss: 0.6183 - acc: 0.6122
 736/1336 [===============>..............] - ETA: 36s - loss: 0.6241 - acc: 0.6046
 768/1336 [================>.............] - ETA: 34s - loss: 0.6229 - acc: 0.6120
 800/1336 [================>.............] - ETA: 32s - loss: 0.6242 - acc: 0.6062
 832/1336 [=================>............] - ETA: 30s - loss: 0.6242 - acc: 0.6034
 864/1336 [==================>...........] - ETA: 28s - loss: 0.6219 - acc: 0.6030
 896/1336 [===================>..........] - ETA: 26s - loss: 0.6224 - acc: 0.6027
 928/1336 [===================>..........] - ETA: 24s - loss: 0.6188 - acc: 0.6067
 960/1336 [====================>.........] - ETA: 22s - loss: 0.6208 - acc: 0.6021
 992/1336 [=====================>........] - ETA: 20s - loss: 0.6223 - acc: 0.5988
1024/1336 [=====================>........] - ETA: 18s - loss: 0.6231 - acc: 0.5967
1056/1336 [======================>.......] - ETA: 17s - loss: 0.6216 - acc: 0.5975
1088/1336 [=======================>......] - ETA: 15s - loss: 0.6220 - acc: 0.5974
1120/1336 [========================>.....] - ETA: 13s - loss: 0.6207 - acc: 0.5991
1152/1336 [========================>.....] - ETA: 11s - loss: 0.6203 - acc: 0.5964
1184/1336 [=========================>....] - ETA: 9s - loss: 0.6199 - acc: 0.5954 
1216/1336 [==========================>...] - ETA: 7s - loss: 0.6199 - acc: 0.5946
1248/1336 [===========================>..] - ETA: 5s - loss: 0.6207 - acc: 0.5946
1280/1336 [===========================>..] - ETA: 3s - loss: 0.6222 - acc: 0.5930
1312/1336 [============================>.] - ETA: 1s - loss: 0.6226 - acc: 0.5922
1336/1336 [==============================] - 81s 61ms/step - loss: 0.6226 - acc: 0.5921
Saved model to disk
