nohup: ignoring input
这是组学数据： H3K4me1-ENCFF852WJS
这是组学数据： H3K4me3-ENCFF071KOB
当此时的起始坐标大于之前的时，此时的终止坐标是否小于或等于之前的peak(true)：
chr1 144519943 144520356
当此时的起始坐标大于之前的时，此时的终止坐标是否大于之前的peak(true)：
chr1 144519943 144520356
当此时的起始坐标大于之前的时，此时的终止坐标是否小于或等于之前的peak(true)：
chr1 144520749 144521182
当此时的起始坐标大于之前的时，此时的终止坐标是否大于之前的peak(true)：
chr1 144520749 144521182
当此时的起始坐标大于之前的时，此时的终止坐标是否小于或等于之前的peak(true)：
chr1 144930202 144931579
当此时的起始坐标大于之前的时，此时的终止坐标是否大于之前的peak(true)：
chr1 144930202 144931579
当此时的起始坐标大于之前的时，此时的终止坐标是否小于或等于之前的peak(true)：
chr10 46913575 46913933
当此时的起始坐标大于之前的时，此时的终止坐标是否大于之前的peak(true)：
chr10 46913575 46913933
当此时的起始坐标大于之前的时，此时的终止坐标是否小于或等于之前的peak(true)：
chr21 45527116 45527478
当此时的起始坐标大于之前的时，此时的终止坐标是否大于之前的peak(true)：
chr21 45527116 45527478
这是组学数据： H3K9me3-ENCFF849YJG
这是组学数据： H3K27ac-ENCFF200MOO
这是组学数据： H3K36me3-ENCFF760YBD
