nohup: ignoring input
Using TensorFlow backend.
/home/lyli/miniconda3/envs/SeqPose/lib/python3.7/site-packages/tensorflow/python/framework/dtypes.py:516: FutureWarning: Passing (type, 1) or '1type' as a synonym of type is deprecated; in a future version of numpy, it will be understood as (type, (1,)) / '(1,)type'.
  _np_qint8 = np.dtype([("qint8", np.int8, 1)])
/home/lyli/miniconda3/envs/SeqPose/lib/python3.7/site-packages/tensorflow/python/framework/dtypes.py:517: FutureWarning: Passing (type, 1) or '1type' as a synonym of type is deprecated; in a future version of numpy, it will be understood as (type, (1,)) / '(1,)type'.
  _np_quint8 = np.dtype([("quint8", np.uint8, 1)])
/home/lyli/miniconda3/envs/SeqPose/lib/python3.7/site-packages/tensorflow/python/framework/dtypes.py:518: FutureWarning: Passing (type, 1) or '1type' as a synonym of type is deprecated; in a future version of numpy, it will be understood as (type, (1,)) / '(1,)type'.
  _np_qint16 = np.dtype([("qint16", np.int16, 1)])
/home/lyli/miniconda3/envs/SeqPose/lib/python3.7/site-packages/tensorflow/python/framework/dtypes.py:519: FutureWarning: Passing (type, 1) or '1type' as a synonym of type is deprecated; in a future version of numpy, it will be understood as (type, (1,)) / '(1,)type'.
  _np_quint16 = np.dtype([("quint16", np.uint16, 1)])
/home/lyli/miniconda3/envs/SeqPose/lib/python3.7/site-packages/tensorflow/python/framework/dtypes.py:520: FutureWarning: Passing (type, 1) or '1type' as a synonym of type is deprecated; in a future version of numpy, it will be understood as (type, (1,)) / '(1,)type'.
  _np_qint32 = np.dtype([("qint32", np.int32, 1)])
/home/lyli/miniconda3/envs/SeqPose/lib/python3.7/site-packages/tensorflow/python/framework/dtypes.py:525: FutureWarning: Passing (type, 1) or '1type' as a synonym of type is deprecated; in a future version of numpy, it will be understood as (type, (1,)) / '(1,)type'.
  np_resource = np.dtype([("resource", np.ubyte, 1)])
/home/lyli/miniconda3/envs/SeqPose/lib/python3.7/site-packages/tensorboard/compat/tensorflow_stub/dtypes.py:541: FutureWarning: Passing (type, 1) or '1type' as a synonym of type is deprecated; in a future version of numpy, it will be understood as (type, (1,)) / '(1,)type'.
  _np_qint8 = np.dtype([("qint8", np.int8, 1)])
/home/lyli/miniconda3/envs/SeqPose/lib/python3.7/site-packages/tensorboard/compat/tensorflow_stub/dtypes.py:542: FutureWarning: Passing (type, 1) or '1type' as a synonym of type is deprecated; in a future version of numpy, it will be understood as (type, (1,)) / '(1,)type'.
  _np_quint8 = np.dtype([("quint8", np.uint8, 1)])
/home/lyli/miniconda3/envs/SeqPose/lib/python3.7/site-packages/tensorboard/compat/tensorflow_stub/dtypes.py:543: FutureWarning: Passing (type, 1) or '1type' as a synonym of type is deprecated; in a future version of numpy, it will be understood as (type, (1,)) / '(1,)type'.
  _np_qint16 = np.dtype([("qint16", np.int16, 1)])
/home/lyli/miniconda3/envs/SeqPose/lib/python3.7/site-packages/tensorboard/compat/tensorflow_stub/dtypes.py:544: FutureWarning: Passing (type, 1) or '1type' as a synonym of type is deprecated; in a future version of numpy, it will be understood as (type, (1,)) / '(1,)type'.
  _np_quint16 = np.dtype([("quint16", np.uint16, 1)])
/home/lyli/miniconda3/envs/SeqPose/lib/python3.7/site-packages/tensorboard/compat/tensorflow_stub/dtypes.py:545: FutureWarning: Passing (type, 1) or '1type' as a synonym of type is deprecated; in a future version of numpy, it will be understood as (type, (1,)) / '(1,)type'.
  _np_qint32 = np.dtype([("qint32", np.int32, 1)])
/home/lyli/miniconda3/envs/SeqPose/lib/python3.7/site-packages/tensorboard/compat/tensorflow_stub/dtypes.py:550: FutureWarning: Passing (type, 1) or '1type' as a synonym of type is deprecated; in a future version of numpy, it will be understood as (type, (1,)) / '(1,)type'.
  np_resource = np.dtype([("resource", np.ubyte, 1)])
WARNING:tensorflow:From /home/lyli/miniconda3/envs/SeqPose/lib/python3.7/site-packages/keras/backend/tensorflow_backend.py:66: The name tf.get_default_graph is deprecated. Please use tf.compat.v1.get_default_graph instead.

WARNING:tensorflow:From /home/lyli/miniconda3/envs/SeqPose/lib/python3.7/site-packages/keras/backend/tensorflow_backend.py:541: The name tf.placeholder is deprecated. Please use tf.compat.v1.placeholder instead.

WARNING:tensorflow:From /home/lyli/miniconda3/envs/SeqPose/lib/python3.7/site-packages/keras/backend/tensorflow_backend.py:4432: The name tf.random_uniform is deprecated. Please use tf.random.uniform instead.

WARNING:tensorflow:From /home/lyli/miniconda3/envs/SeqPose/lib/python3.7/site-packages/keras/backend/tensorflow_backend.py:148: The name tf.placeholder_with_default is deprecated. Please use tf.compat.v1.placeholder_with_default instead.

WARNING:tensorflow:From /home/lyli/miniconda3/envs/SeqPose/lib/python3.7/site-packages/keras/backend/tensorflow_backend.py:3733: calling dropout (from tensorflow.python.ops.nn_ops) with keep_prob is deprecated and will be removed in a future version.
Instructions for updating:
Please use `rate` instead of `keep_prob`. Rate should be set to `rate = 1 - keep_prob`.
drop_2格式
(?, 128)
(?, 4)
omics_dense4格式
02model_train.py:84: UserWarning: Update your `Model` call to the Keras 2 API: `Model(inputs=[<tf.Tenso..., outputs=[<tf.Tenso...)`
  model = Model(input=[inputs_seq1, inputs_omics], output=[pred_output])
WARNING:tensorflow:From /home/lyli/miniconda3/envs/SeqPose/lib/python3.7/site-packages/keras/optimizers.py:793: The name tf.train.Optimizer is deprecated. Please use tf.compat.v1.train.Optimizer instead.

WARNING:tensorflow:From /home/lyli/miniconda3/envs/SeqPose/lib/python3.7/site-packages/keras/backend/tensorflow_backend.py:3657: The name tf.log is deprecated. Please use tf.math.log instead.

WARNING:tensorflow:From /home/lyli/miniconda3/envs/SeqPose/lib/python3.7/site-packages/tensorflow/python/ops/nn_impl.py:180: add_dispatch_support.<locals>.wrapper (from tensorflow.python.ops.array_ops) is deprecated and will be removed in a future version.
Instructions for updating:
Use tf.where in 2.0, which has the same broadcast rule as np.where
Fitting first model...
Epoch 1/3
2022-12-07 17:10:58.431284: I tensorflow/core/platform/cpu_feature_guard.cc:142] Your CPU supports instructions that this TensorFlow binary was not compiled to use: SSE4.1 SSE4.2 AVX AVX2 AVX512F FMA
2022-12-07 17:10:58.467030: I tensorflow/core/platform/profile_utils/cpu_utils.cc:94] CPU Frequency: 2400000000 Hz
2022-12-07 17:10:58.497323: I tensorflow/compiler/xla/service/service.cc:168] XLA service 0x561035debc60 executing computations on platform Host. Devices:
2022-12-07 17:10:58.497405: I tensorflow/compiler/xla/service/service.cc:175]   StreamExecutor device (0): <undefined>, <undefined>
2022-12-07 17:10:59.201669: W tensorflow/compiler/jit/mark_for_compilation_pass.cc:1412] (One-time warning): Not using XLA:CPU for cluster because envvar TF_XLA_FLAGS=--tf_xla_cpu_global_jit was not set.  If you want XLA:CPU, either set that envvar, or use experimental_jit_scope to enable XLA:CPU.  To confirm that XLA is active, pass --vmodule=xla_compilation_cache=1 (as a proper command-line flag, not via TF_XLA_FLAGS) or set the envvar XLA_FLAGS=--xla_hlo_profile.

   32/10370 [..............................] - ETA: 37:02 - loss: 0.7102 - acc: 0.5625
   64/10370 [..............................] - ETA: 24:54 - loss: 0.7267 - acc: 0.5156
   96/10370 [..............................] - ETA: 20:38 - loss: 0.7033 - acc: 0.5521
  128/10370 [..............................] - ETA: 18:55 - loss: 0.6796 - acc: 0.6016
  160/10370 [..............................] - ETA: 18:08 - loss: 0.6694 - acc: 0.6312
  192/10370 [..............................] - ETA: 17:13 - loss: 0.6664 - acc: 0.6458
  224/10370 [..............................] - ETA: 16:24 - loss: 0.6913 - acc: 0.6071
  256/10370 [..............................] - ETA: 15:58 - loss: 0.6932 - acc: 0.6133
  288/10370 [..............................] - ETA: 15:38 - loss: 0.7008 - acc: 0.6181
  320/10370 [..............................] - ETA: 15:09 - loss: 0.7026 - acc: 0.6156
  352/10370 [>.............................] - ETA: 14:52 - loss: 0.6972 - acc: 0.6193
  384/10370 [>.............................] - ETA: 14:38 - loss: 0.6910 - acc: 0.6276
  416/10370 [>.............................] - ETA: 14:18 - loss: 0.6867 - acc: 0.6274
  448/10370 [>.............................] - ETA: 14:02 - loss: 0.6854 - acc: 0.6272
  480/10370 [>.............................] - ETA: 13:58 - loss: 0.6887 - acc: 0.6250
  512/10370 [>.............................] - ETA: 13:49 - loss: 0.6849 - acc: 0.6270
  544/10370 [>.............................] - ETA: 13:41 - loss: 0.6812 - acc: 0.6287
  576/10370 [>.............................] - ETA: 13:31 - loss: 0.6787 - acc: 0.6319
  608/10370 [>.............................] - ETA: 13:20 - loss: 0.6756 - acc: 0.6299
  640/10370 [>.............................] - ETA: 13:08 - loss: 0.6711 - acc: 0.6312
  672/10370 [>.............................] - ETA: 12:58 - loss: 0.6675 - acc: 0.6354
  704/10370 [=>............................] - ETA: 12:49 - loss: 0.6716 - acc: 0.6307
  736/10370 [=>............................] - ETA: 12:40 - loss: 0.6717 - acc: 0.6264
  768/10370 [=>............................] - ETA: 12:32 - loss: 0.6683 - acc: 0.6341
  800/10370 [=>............................] - ETA: 12:23 - loss: 0.6667 - acc: 0.6362
  832/10370 [=>............................] - ETA: 12:17 - loss: 0.6663 - acc: 0.6358
  864/10370 [=>............................] - ETA: 12:13 - loss: 0.6646 - acc: 0.6354
  896/10370 [=>............................] - ETA: 12:09 - loss: 0.6609 - acc: 0.6395
  928/10370 [=>............................] - ETA: 12:02 - loss: 0.6607 - acc: 0.6444
  960/10370 [=>............................] - ETA: 11:56 - loss: 0.6586 - acc: 0.6458
  992/10370 [=>............................] - ETA: 11:50 - loss: 0.6609 - acc: 0.6472
 1024/10370 [=>............................] - ETA: 11:44 - loss: 0.6587 - acc: 0.6484
 1056/10370 [==>...........................] - ETA: 11:38 - loss: 0.6576 - acc: 0.6496
 1088/10370 [==>...........................] - ETA: 11:33 - loss: 0.6572 - acc: 0.6489
 1120/10370 [==>...........................] - ETA: 11:28 - loss: 0.6563 - acc: 0.6464
 1152/10370 [==>...........................] - ETA: 11:24 - loss: 0.6542 - acc: 0.6476
 1184/10370 [==>...........................] - ETA: 11:19 - loss: 0.6522 - acc: 0.6495
 1216/10370 [==>...........................] - ETA: 11:13 - loss: 0.6500 - acc: 0.6513
 1248/10370 [==>...........................] - ETA: 11:09 - loss: 0.6495 - acc: 0.6522
 1280/10370 [==>...........................] - ETA: 11:07 - loss: 0.6488 - acc: 0.6516
 1312/10370 [==>...........................] - ETA: 11:02 - loss: 0.6501 - acc: 0.6540
 1344/10370 [==>...........................] - ETA: 10:57 - loss: 0.6503 - acc: 0.6562
 1376/10370 [==>...........................] - ETA: 10:53 - loss: 0.6495 - acc: 0.6541
 1408/10370 [===>..........................] - ETA: 10:51 - loss: 0.6482 - acc: 0.6534
 1440/10370 [===>..........................] - ETA: 10:47 - loss: 0.6478 - acc: 0.6521
 1472/10370 [===>..........................] - ETA: 10:43 - loss: 0.6471 - acc: 0.6535
 1504/10370 [===>..........................] - ETA: 10:39 - loss: 0.6459 - acc: 0.6549
 1536/10370 [===>..........................] - ETA: 10:34 - loss: 0.6462 - acc: 0.6562
 1568/10370 [===>..........................] - ETA: 10:30 - loss: 0.6446 - acc: 0.6562
 1600/10370 [===>..........................] - ETA: 10:25 - loss: 0.6445 - acc: 0.6550
 1632/10370 [===>..........................] - ETA: 10:21 - loss: 0.6423 - acc: 0.6569
 1664/10370 [===>..........................] - ETA: 10:20 - loss: 0.6395 - acc: 0.6605
 1696/10370 [===>..........................] - ETA: 10:17 - loss: 0.6379 - acc: 0.6621
 1728/10370 [===>..........................] - ETA: 10:14 - loss: 0.6366 - acc: 0.6632
 1760/10370 [====>.........................] - ETA: 10:11 - loss: 0.6341 - acc: 0.6665
 1792/10370 [====>.........................] - ETA: 10:08 - loss: 0.6321 - acc: 0.6680
 1824/10370 [====>.........................] - ETA: 10:04 - loss: 0.6299 - acc: 0.6694
 1856/10370 [====>.........................] - ETA: 10:00 - loss: 0.6315 - acc: 0.6676
 1888/10370 [====>.........................] - ETA: 9:58 - loss: 0.6305 - acc: 0.6684 
 1920/10370 [====>.........................] - ETA: 9:54 - loss: 0.6290 - acc: 0.6693
 1952/10370 [====>.........................] - ETA: 9:51 - loss: 0.6294 - acc: 0.6696
 1984/10370 [====>.........................] - ETA: 9:49 - loss: 0.6282 - acc: 0.6704
 2016/10370 [====>.........................] - ETA: 9:46 - loss: 0.6280 - acc: 0.6701
 2048/10370 [====>.........................] - ETA: 9:43 - loss: 0.6275 - acc: 0.6704
 2080/10370 [=====>........................] - ETA: 9:39 - loss: 0.6275 - acc: 0.6697
 2112/10370 [=====>........................] - ETA: 9:36 - loss: 0.6269 - acc: 0.6709
 2144/10370 [=====>........................] - ETA: 9:33 - loss: 0.6264 - acc: 0.6698
 2176/10370 [=====>........................] - ETA: 9:30 - loss: 0.6244 - acc: 0.6723
 2208/10370 [=====>........................] - ETA: 9:26 - loss: 0.6244 - acc: 0.6712
 2240/10370 [=====>........................] - ETA: 9:24 - loss: 0.6246 - acc: 0.6710
 2272/10370 [=====>........................] - ETA: 9:21 - loss: 0.6238 - acc: 0.6721
 2304/10370 [=====>........................] - ETA: 9:19 - loss: 0.6239 - acc: 0.6701
 2336/10370 [=====>........................] - ETA: 9:17 - loss: 0.6222 - acc: 0.6721
 2368/10370 [=====>........................] - ETA: 9:14 - loss: 0.6220 - acc: 0.6719
 2400/10370 [=====>........................] - ETA: 9:11 - loss: 0.6217 - acc: 0.6717
 2432/10370 [======>.......................] - ETA: 9:07 - loss: 0.6205 - acc: 0.6723
 2464/10370 [======>.......................] - ETA: 9:05 - loss: 0.6194 - acc: 0.6737
 2496/10370 [======>.......................] - ETA: 9:02 - loss: 0.6193 - acc: 0.6739
 2528/10370 [======>.......................] - ETA: 9:00 - loss: 0.6181 - acc: 0.6752
 2560/10370 [======>.......................] - ETA: 8:58 - loss: 0.6169 - acc: 0.6766
 2592/10370 [======>.......................] - ETA: 8:56 - loss: 0.6179 - acc: 0.6740
 2624/10370 [======>.......................] - ETA: 8:53 - loss: 0.6173 - acc: 0.6745
 2656/10370 [======>.......................] - ETA: 8:51 - loss: 0.6163 - acc: 0.6758
 2688/10370 [======>.......................] - ETA: 8:48 - loss: 0.6159 - acc: 0.6756
 2720/10370 [======>.......................] - ETA: 8:45 - loss: 0.6161 - acc: 0.6743
 2752/10370 [======>.......................] - ETA: 8:42 - loss: 0.6160 - acc: 0.6737
 2784/10370 [=======>......................] - ETA: 8:40 - loss: 0.6156 - acc: 0.6742
 2816/10370 [=======>......................] - ETA: 8:37 - loss: 0.6157 - acc: 0.6733
 2848/10370 [=======>......................] - ETA: 8:34 - loss: 0.6149 - acc: 0.6745
 2880/10370 [=======>......................] - ETA: 8:31 - loss: 0.6134 - acc: 0.6760
 2912/10370 [=======>......................] - ETA: 8:28 - loss: 0.6136 - acc: 0.6751
 2944/10370 [=======>......................] - ETA: 8:26 - loss: 0.6144 - acc: 0.6749
 2976/10370 [=======>......................] - ETA: 8:23 - loss: 0.6144 - acc: 0.6744
 3008/10370 [=======>......................] - ETA: 8:20 - loss: 0.6149 - acc: 0.6732
 3040/10370 [=======>......................] - ETA: 8:17 - loss: 0.6153 - acc: 0.6730
 3072/10370 [=======>......................] - ETA: 8:14 - loss: 0.6155 - acc: 0.6725
 3104/10370 [=======>......................] - ETA: 8:11 - loss: 0.6170 - acc: 0.6717
 3136/10370 [========>.....................] - ETA: 8:09 - loss: 0.6162 - acc: 0.6732
 3168/10370 [========>.....................] - ETA: 8:06 - loss: 0.6165 - acc: 0.6723
 3200/10370 [========>.....................] - ETA: 8:03 - loss: 0.6167 - acc: 0.6719
 3232/10370 [========>.....................] - ETA: 8:00 - loss: 0.6168 - acc: 0.6705
 3264/10370 [========>.....................] - ETA: 7:57 - loss: 0.6158 - acc: 0.6713
 3296/10370 [========>.....................] - ETA: 7:55 - loss: 0.6156 - acc: 0.6705
 3328/10370 [========>.....................] - ETA: 7:52 - loss: 0.6150 - acc: 0.6710
 3360/10370 [========>.....................] - ETA: 7:50 - loss: 0.6148 - acc: 0.6714
 3392/10370 [========>.....................] - ETA: 7:47 - loss: 0.6155 - acc: 0.6707
 3424/10370 [========>.....................] - ETA: 7:44 - loss: 0.6149 - acc: 0.6714
 3456/10370 [========>.....................] - ETA: 7:42 - loss: 0.6154 - acc: 0.6696
 3488/10370 [=========>....................] - ETA: 7:39 - loss: 0.6149 - acc: 0.6703
 3520/10370 [=========>....................] - ETA: 7:37 - loss: 0.6150 - acc: 0.6696
 3552/10370 [=========>....................] - ETA: 7:34 - loss: 0.6141 - acc: 0.6700
 3584/10370 [=========>....................] - ETA: 7:31 - loss: 0.6139 - acc: 0.6702
 3616/10370 [=========>....................] - ETA: 7:29 - loss: 0.6139 - acc: 0.6698
 3648/10370 [=========>....................] - ETA: 7:27 - loss: 0.6139 - acc: 0.6694
 3680/10370 [=========>....................] - ETA: 7:25 - loss: 0.6141 - acc: 0.6690
 3712/10370 [=========>....................] - ETA: 7:22 - loss: 0.6133 - acc: 0.6695
 3744/10370 [=========>....................] - ETA: 7:20 - loss: 0.6129 - acc: 0.6696
 3776/10370 [=========>....................] - ETA: 7:18 - loss: 0.6132 - acc: 0.6690
 3808/10370 [==========>...................] - ETA: 7:15 - loss: 0.6124 - acc: 0.6699
 3840/10370 [==========>...................] - ETA: 7:12 - loss: 0.6123 - acc: 0.6695
 3872/10370 [==========>...................] - ETA: 7:10 - loss: 0.6124 - acc: 0.6692
 3904/10370 [==========>...................] - ETA: 7:07 - loss: 0.6120 - acc: 0.6698
 3936/10370 [==========>...................] - ETA: 7:05 - loss: 0.6118 - acc: 0.6692
 3968/10370 [==========>...................] - ETA: 7:02 - loss: 0.6115 - acc: 0.6699
 4000/10370 [==========>...................] - ETA: 7:00 - loss: 0.6119 - acc: 0.6690
 4032/10370 [==========>...................] - ETA: 6:58 - loss: 0.6113 - acc: 0.6694
 4064/10370 [==========>...................] - ETA: 6:56 - loss: 0.6109 - acc: 0.6698
 4096/10370 [==========>...................] - ETA: 6:54 - loss: 0.6105 - acc: 0.6704
 4128/10370 [==========>...................] - ETA: 6:51 - loss: 0.6105 - acc: 0.6696
 4160/10370 [===========>..................] - ETA: 6:49 - loss: 0.6102 - acc: 0.6695
 4192/10370 [===========>..................] - ETA: 6:46 - loss: 0.6106 - acc: 0.6689
 4224/10370 [===========>..................] - ETA: 6:44 - loss: 0.6103 - acc: 0.6693
 4256/10370 [===========>..................] - ETA: 6:41 - loss: 0.6095 - acc: 0.6699
 4288/10370 [===========>..................] - ETA: 6:39 - loss: 0.6092 - acc: 0.6700
 4320/10370 [===========>..................] - ETA: 6:37 - loss: 0.6092 - acc: 0.6704
 4352/10370 [===========>..................] - ETA: 6:35 - loss: 0.6088 - acc: 0.6705
 4384/10370 [===========>..................] - ETA: 6:33 - loss: 0.6092 - acc: 0.6699
 4416/10370 [===========>..................] - ETA: 6:30 - loss: 0.6096 - acc: 0.6698
 4448/10370 [===========>..................] - ETA: 6:28 - loss: 0.6099 - acc: 0.6691
 4480/10370 [===========>..................] - ETA: 6:25 - loss: 0.6100 - acc: 0.6683
 4512/10370 [============>.................] - ETA: 6:23 - loss: 0.6100 - acc: 0.6680
 4544/10370 [============>.................] - ETA: 6:21 - loss: 0.6095 - acc: 0.6681
 4576/10370 [============>.................] - ETA: 6:18 - loss: 0.6092 - acc: 0.6681
 4608/10370 [============>.................] - ETA: 6:16 - loss: 0.6087 - acc: 0.6680
 4640/10370 [============>.................] - ETA: 6:14 - loss: 0.6088 - acc: 0.6681
 4672/10370 [============>.................] - ETA: 6:12 - loss: 0.6084 - acc: 0.6685
 4704/10370 [============>.................] - ETA: 6:09 - loss: 0.6086 - acc: 0.6677
 4736/10370 [============>.................] - ETA: 6:07 - loss: 0.6087 - acc: 0.6677
 4768/10370 [============>.................] - ETA: 6:05 - loss: 0.6089 - acc: 0.6678
 4800/10370 [============>.................] - ETA: 6:02 - loss: 0.6087 - acc: 0.6677
 4832/10370 [============>.................] - ETA: 6:00 - loss: 0.6090 - acc: 0.6670
 4864/10370 [=============>................] - ETA: 5:58 - loss: 0.6089 - acc: 0.6669
 4896/10370 [=============>................] - ETA: 5:56 - loss: 0.6088 - acc: 0.6671
 4928/10370 [=============>................] - ETA: 5:53 - loss: 0.6096 - acc: 0.6660
 4960/10370 [=============>................] - ETA: 5:51 - loss: 0.6094 - acc: 0.6659
 4992/10370 [=============>................] - ETA: 5:49 - loss: 0.6092 - acc: 0.6659
 5024/10370 [=============>................] - ETA: 5:46 - loss: 0.6101 - acc: 0.6652
 5056/10370 [=============>................] - ETA: 5:44 - loss: 0.6097 - acc: 0.6655
 5088/10370 [=============>................] - ETA: 5:42 - loss: 0.6091 - acc: 0.6667
 5120/10370 [=============>................] - ETA: 5:40 - loss: 0.6088 - acc: 0.6670
 5152/10370 [=============>................] - ETA: 5:37 - loss: 0.6084 - acc: 0.6671
 5184/10370 [=============>................] - ETA: 5:35 - loss: 0.6073 - acc: 0.6680
 5216/10370 [==============>...............] - ETA: 5:33 - loss: 0.6067 - acc: 0.6687
 5248/10370 [==============>...............] - ETA: 5:31 - loss: 0.6066 - acc: 0.6683
 5280/10370 [==============>...............] - ETA: 5:28 - loss: 0.6061 - acc: 0.6687
 5312/10370 [==============>...............] - ETA: 5:26 - loss: 0.6062 - acc: 0.6685
 5344/10370 [==============>...............] - ETA: 5:24 - loss: 0.6061 - acc: 0.6684
 5376/10370 [==============>...............] - ETA: 5:22 - loss: 0.6063 - acc: 0.6676
 5408/10370 [==============>...............] - ETA: 5:20 - loss: 0.6061 - acc: 0.6679
 5440/10370 [==============>...............] - ETA: 5:17 - loss: 0.6058 - acc: 0.6682
 5472/10370 [==============>...............] - ETA: 5:15 - loss: 0.6054 - acc: 0.6685
 5504/10370 [==============>...............] - ETA: 5:13 - loss: 0.6051 - acc: 0.6688
 5536/10370 [===============>..............] - ETA: 5:11 - loss: 0.6046 - acc: 0.6691
 5568/10370 [===============>..............] - ETA: 5:08 - loss: 0.6048 - acc: 0.6685
 5600/10370 [===============>..............] - ETA: 5:06 - loss: 0.6044 - acc: 0.6687
 5632/10370 [===============>..............] - ETA: 5:04 - loss: 0.6042 - acc: 0.6690
 5664/10370 [===============>..............] - ETA: 5:02 - loss: 0.6038 - acc: 0.6698
 5696/10370 [===============>..............] - ETA: 5:00 - loss: 0.6037 - acc: 0.6698
 5728/10370 [===============>..............] - ETA: 4:58 - loss: 0.6036 - acc: 0.6699
 5760/10370 [===============>..............] - ETA: 4:55 - loss: 0.6036 - acc: 0.6696
 5792/10370 [===============>..............] - ETA: 4:53 - loss: 0.6032 - acc: 0.6704
 5824/10370 [===============>..............] - ETA: 4:51 - loss: 0.6031 - acc: 0.6705
 5856/10370 [===============>..............] - ETA: 4:49 - loss: 0.6029 - acc: 0.6708
 5888/10370 [================>.............] - ETA: 4:47 - loss: 0.6024 - acc: 0.6710
 5920/10370 [================>.............] - ETA: 4:45 - loss: 0.6020 - acc: 0.6715
 5952/10370 [================>.............] - ETA: 4:42 - loss: 0.6018 - acc: 0.6719
 5984/10370 [================>.............] - ETA: 4:40 - loss: 0.6012 - acc: 0.6723
 6016/10370 [================>.............] - ETA: 4:38 - loss: 0.6011 - acc: 0.6725
 6048/10370 [================>.............] - ETA: 4:36 - loss: 0.6006 - acc: 0.6733
 6080/10370 [================>.............] - ETA: 4:34 - loss: 0.6012 - acc: 0.6725
 6112/10370 [================>.............] - ETA: 4:32 - loss: 0.6014 - acc: 0.6726
 6144/10370 [================>.............] - ETA: 4:29 - loss: 0.6009 - acc: 0.6730
 6176/10370 [================>.............] - ETA: 4:27 - loss: 0.6012 - acc: 0.6724
 6208/10370 [================>.............] - ETA: 4:25 - loss: 0.6013 - acc: 0.6720
 6240/10370 [=================>............] - ETA: 4:23 - loss: 0.6017 - acc: 0.6723
 6272/10370 [=================>............] - ETA: 4:21 - loss: 0.6015 - acc: 0.6722
 6304/10370 [=================>............] - ETA: 4:19 - loss: 0.6016 - acc: 0.6720
 6336/10370 [=================>............] - ETA: 4:17 - loss: 0.6012 - acc: 0.6727
 6368/10370 [=================>............] - ETA: 4:15 - loss: 0.6013 - acc: 0.6721
 6400/10370 [=================>............] - ETA: 4:12 - loss: 0.6012 - acc: 0.6720
 6432/10370 [=================>............] - ETA: 4:10 - loss: 0.6009 - acc: 0.6721
 6464/10370 [=================>............] - ETA: 4:08 - loss: 0.6008 - acc: 0.6719
 6496/10370 [=================>............] - ETA: 4:06 - loss: 0.6004 - acc: 0.6723
 6528/10370 [=================>............] - ETA: 4:04 - loss: 0.6000 - acc: 0.6726
 6560/10370 [=================>............] - ETA: 4:02 - loss: 0.5997 - acc: 0.6730
 6592/10370 [==================>...........] - ETA: 4:00 - loss: 0.5998 - acc: 0.6726
 6624/10370 [==================>...........] - ETA: 3:58 - loss: 0.5996 - acc: 0.6729
 6656/10370 [==================>...........] - ETA: 3:56 - loss: 0.5996 - acc: 0.6725
 6688/10370 [==================>...........] - ETA: 3:54 - loss: 0.5996 - acc: 0.6724
 6720/10370 [==================>...........] - ETA: 3:52 - loss: 0.5995 - acc: 0.6723
 6752/10370 [==================>...........] - ETA: 3:49 - loss: 0.5992 - acc: 0.6724
 6784/10370 [==================>...........] - ETA: 3:47 - loss: 0.5989 - acc: 0.6728
 6816/10370 [==================>...........] - ETA: 3:45 - loss: 0.5985 - acc: 0.6731
 6848/10370 [==================>...........] - ETA: 3:43 - loss: 0.5984 - acc: 0.6733
 6880/10370 [==================>...........] - ETA: 3:41 - loss: 0.5980 - acc: 0.6737
 6912/10370 [==================>...........] - ETA: 3:39 - loss: 0.5977 - acc: 0.6740
 6944/10370 [===================>..........] - ETA: 3:37 - loss: 0.5977 - acc: 0.6740
 6976/10370 [===================>..........] - ETA: 3:35 - loss: 0.5975 - acc: 0.6740
 7008/10370 [===================>..........] - ETA: 3:33 - loss: 0.5971 - acc: 0.6744
 7040/10370 [===================>..........] - ETA: 3:31 - loss: 0.5971 - acc: 0.6741
 7072/10370 [===================>..........] - ETA: 3:29 - loss: 0.5967 - acc: 0.6745
 7104/10370 [===================>..........] - ETA: 3:26 - loss: 0.5966 - acc: 0.6747
 7136/10370 [===================>..........] - ETA: 3:24 - loss: 0.5961 - acc: 0.6752
 7168/10370 [===================>..........] - ETA: 3:22 - loss: 0.5962 - acc: 0.6749
 7200/10370 [===================>..........] - ETA: 3:20 - loss: 0.5969 - acc: 0.6754
 7232/10370 [===================>..........] - ETA: 3:18 - loss: 0.5966 - acc: 0.6759
 7264/10370 [====================>.........] - ETA: 3:16 - loss: 0.5962 - acc: 0.6765
 7296/10370 [====================>.........] - ETA: 3:14 - loss: 0.5955 - acc: 0.6771
 7328/10370 [====================>.........] - ETA: 3:12 - loss: 0.5953 - acc: 0.6771
 7360/10370 [====================>.........] - ETA: 3:10 - loss: 0.5953 - acc: 0.6769
 7392/10370 [====================>.........] - ETA: 3:08 - loss: 0.5959 - acc: 0.6765
 7424/10370 [====================>.........] - ETA: 3:06 - loss: 0.5955 - acc: 0.6773
 7456/10370 [====================>.........] - ETA: 3:04 - loss: 0.5955 - acc: 0.6780
 7488/10370 [====================>.........] - ETA: 3:02 - loss: 0.5956 - acc: 0.6776
 7520/10370 [====================>.........] - ETA: 3:00 - loss: 0.5953 - acc: 0.6778
 7552/10370 [====================>.........] - ETA: 2:57 - loss: 0.5952 - acc: 0.6777
 7584/10370 [====================>.........] - ETA: 2:55 - loss: 0.5952 - acc: 0.6775
 7616/10370 [=====================>........] - ETA: 2:53 - loss: 0.5956 - acc: 0.6770
 7648/10370 [=====================>........] - ETA: 2:51 - loss: 0.5959 - acc: 0.6764
 7680/10370 [=====================>........] - ETA: 2:49 - loss: 0.5958 - acc: 0.6763
 7712/10370 [=====================>........] - ETA: 2:47 - loss: 0.5955 - acc: 0.6766
 7744/10370 [=====================>........] - ETA: 2:45 - loss: 0.5952 - acc: 0.6769
 7776/10370 [=====================>........] - ETA: 2:43 - loss: 0.5953 - acc: 0.6766
 7808/10370 [=====================>........] - ETA: 2:41 - loss: 0.5952 - acc: 0.6766
 7840/10370 [=====================>........] - ETA: 2:39 - loss: 0.5953 - acc: 0.6764
 7872/10370 [=====================>........] - ETA: 2:37 - loss: 0.5955 - acc: 0.6764
 7904/10370 [=====================>........] - ETA: 2:35 - loss: 0.5953 - acc: 0.6764
 7936/10370 [=====================>........] - ETA: 2:33 - loss: 0.5949 - acc: 0.6768
 7968/10370 [======================>.......] - ETA: 2:31 - loss: 0.5943 - acc: 0.6773
 8000/10370 [======================>.......] - ETA: 2:29 - loss: 0.5942 - acc: 0.6771
 8032/10370 [======================>.......] - ETA: 2:27 - loss: 0.5939 - acc: 0.6774
 8064/10370 [======================>.......] - ETA: 2:25 - loss: 0.5936 - acc: 0.6775
 8096/10370 [======================>.......] - ETA: 2:23 - loss: 0.5937 - acc: 0.6770
 8128/10370 [======================>.......] - ETA: 2:21 - loss: 0.5940 - acc: 0.6766
 8160/10370 [======================>.......] - ETA: 2:19 - loss: 0.5939 - acc: 0.6765
 8192/10370 [======================>.......] - ETA: 2:16 - loss: 0.5938 - acc: 0.6763
 8224/10370 [======================>.......] - ETA: 2:14 - loss: 0.5937 - acc: 0.6767
 8256/10370 [======================>.......] - ETA: 2:12 - loss: 0.5935 - acc: 0.6770
 8288/10370 [======================>.......] - ETA: 2:10 - loss: 0.5933 - acc: 0.6771
 8320/10370 [=======================>......] - ETA: 2:08 - loss: 0.5935 - acc: 0.6768
 8352/10370 [=======================>......] - ETA: 2:06 - loss: 0.5934 - acc: 0.6772
 8384/10370 [=======================>......] - ETA: 2:04 - loss: 0.5931 - acc: 0.6775
 8416/10370 [=======================>......] - ETA: 2:02 - loss: 0.5932 - acc: 0.6774
 8448/10370 [=======================>......] - ETA: 2:00 - loss: 0.5932 - acc: 0.6772
 8480/10370 [=======================>......] - ETA: 1:58 - loss: 0.5928 - acc: 0.6778
 8512/10370 [=======================>......] - ETA: 1:56 - loss: 0.5926 - acc: 0.6779
 8544/10370 [=======================>......] - ETA: 1:54 - loss: 0.5923 - acc: 0.6780
 8576/10370 [=======================>......] - ETA: 1:52 - loss: 0.5922 - acc: 0.6783
 8608/10370 [=======================>......] - ETA: 1:50 - loss: 0.5919 - acc: 0.6784
 8640/10370 [=======================>......] - ETA: 1:48 - loss: 0.5919 - acc: 0.6782
 8672/10370 [========================>.....] - ETA: 1:46 - loss: 0.5917 - acc: 0.6783
 8704/10370 [========================>.....] - ETA: 1:44 - loss: 0.5916 - acc: 0.6784
 8736/10370 [========================>.....] - ETA: 1:42 - loss: 0.5917 - acc: 0.6786
 8768/10370 [========================>.....] - ETA: 1:40 - loss: 0.5916 - acc: 0.6787
 8800/10370 [========================>.....] - ETA: 1:38 - loss: 0.5914 - acc: 0.6789
 8832/10370 [========================>.....] - ETA: 1:36 - loss: 0.5914 - acc: 0.6786
 8864/10370 [========================>.....] - ETA: 1:34 - loss: 0.5914 - acc: 0.6784
 8896/10370 [========================>.....] - ETA: 1:32 - loss: 0.5915 - acc: 0.6782
 8928/10370 [========================>.....] - ETA: 1:30 - loss: 0.5914 - acc: 0.6784
 8960/10370 [========================>.....] - ETA: 1:28 - loss: 0.5909 - acc: 0.6790
 8992/10370 [=========================>....] - ETA: 1:26 - loss: 0.5909 - acc: 0.6789
 9024/10370 [=========================>....] - ETA: 1:24 - loss: 0.5907 - acc: 0.6792
 9056/10370 [=========================>....] - ETA: 1:22 - loss: 0.5904 - acc: 0.6794
 9088/10370 [=========================>....] - ETA: 1:20 - loss: 0.5905 - acc: 0.6789
 9120/10370 [=========================>....] - ETA: 1:18 - loss: 0.5906 - acc: 0.6787
 9152/10370 [=========================>....] - ETA: 1:16 - loss: 0.5904 - acc: 0.6788
 9184/10370 [=========================>....] - ETA: 1:14 - loss: 0.5902 - acc: 0.6789
 9216/10370 [=========================>....] - ETA: 1:12 - loss: 0.5899 - acc: 0.6793
 9248/10370 [=========================>....] - ETA: 1:10 - loss: 0.5897 - acc: 0.6794
 9280/10370 [=========================>....] - ETA: 1:08 - loss: 0.5894 - acc: 0.6796
 9312/10370 [=========================>....] - ETA: 1:06 - loss: 0.5892 - acc: 0.6797
 9344/10370 [==========================>...] - ETA: 1:04 - loss: 0.5894 - acc: 0.6798
 9376/10370 [==========================>...] - ETA: 1:02 - loss: 0.5892 - acc: 0.6799
 9408/10370 [==========================>...] - ETA: 1:00 - loss: 0.5896 - acc: 0.6797
 9440/10370 [==========================>...] - ETA: 58s - loss: 0.5899 - acc: 0.6793 
 9472/10370 [==========================>...] - ETA: 56s - loss: 0.5898 - acc: 0.6796
 9504/10370 [==========================>...] - ETA: 54s - loss: 0.5896 - acc: 0.6796
 9536/10370 [==========================>...] - ETA: 52s - loss: 0.5897 - acc: 0.6794
 9568/10370 [==========================>...] - ETA: 50s - loss: 0.5895 - acc: 0.6795
 9600/10370 [==========================>...] - ETA: 48s - loss: 0.5893 - acc: 0.6796
 9632/10370 [==========================>...] - ETA: 46s - loss: 0.5897 - acc: 0.6789
 9664/10370 [==========================>...] - ETA: 44s - loss: 0.5899 - acc: 0.6787
 9696/10370 [===========================>..] - ETA: 42s - loss: 0.5896 - acc: 0.6790
 9728/10370 [===========================>..] - ETA: 40s - loss: 0.5894 - acc: 0.6792
 9760/10370 [===========================>..] - ETA: 38s - loss: 0.5893 - acc: 0.6791
 9792/10370 [===========================>..] - ETA: 36s - loss: 0.5894 - acc: 0.6787
 9824/10370 [===========================>..] - ETA: 34s - loss: 0.5892 - acc: 0.6788
 9856/10370 [===========================>..] - ETA: 32s - loss: 0.5890 - acc: 0.6791
 9888/10370 [===========================>..] - ETA: 30s - loss: 0.5887 - acc: 0.6793
 9920/10370 [===========================>..] - ETA: 28s - loss: 0.5884 - acc: 0.6796
 9952/10370 [===========================>..] - ETA: 26s - loss: 0.5888 - acc: 0.6793
 9984/10370 [===========================>..] - ETA: 24s - loss: 0.5885 - acc: 0.6794
10016/10370 [===========================>..] - ETA: 22s - loss: 0.5882 - acc: 0.6798
10048/10370 [============================>.] - ETA: 20s - loss: 0.5882 - acc: 0.6798
10080/10370 [============================>.] - ETA: 18s - loss: 0.5880 - acc: 0.6801
10112/10370 [============================>.] - ETA: 16s - loss: 0.5881 - acc: 0.6800
10144/10370 [============================>.] - ETA: 14s - loss: 0.5883 - acc: 0.6794
10176/10370 [============================>.] - ETA: 12s - loss: 0.5881 - acc: 0.6796
10208/10370 [============================>.] - ETA: 10s - loss: 0.5879 - acc: 0.6798
10240/10370 [============================>.] - ETA: 8s - loss: 0.5879 - acc: 0.6798 
10272/10370 [============================>.] - ETA: 6s - loss: 0.5876 - acc: 0.6801
10304/10370 [============================>.] - ETA: 4s - loss: 0.5879 - acc: 0.6798
10336/10370 [============================>.] - ETA: 2s - loss: 0.5878 - acc: 0.6799
10368/10370 [============================>.] - ETA: 0s - loss: 0.5878 - acc: 0.6799
10370/10370 [==============================] - 648s 63ms/step - loss: 0.5877 - acc: 0.6799
Epoch 2/3

   32/10370 [..............................] - ETA: 10:16 - loss: 0.7490 - acc: 0.6250
   64/10370 [..............................] - ETA: 10:12 - loss: 0.6342 - acc: 0.7031
   96/10370 [..............................] - ETA: 10:16 - loss: 0.6256 - acc: 0.6771
  128/10370 [..............................] - ETA: 10:18 - loss: 0.6123 - acc: 0.6719
  160/10370 [..............................] - ETA: 10:08 - loss: 0.6140 - acc: 0.6625
  192/10370 [..............................] - ETA: 10:11 - loss: 0.5980 - acc: 0.6719
  224/10370 [..............................] - ETA: 10:12 - loss: 0.5948 - acc: 0.6652
  256/10370 [..............................] - ETA: 10:09 - loss: 0.5875 - acc: 0.6680
  288/10370 [..............................] - ETA: 10:06 - loss: 0.5849 - acc: 0.6667
  320/10370 [..............................] - ETA: 10:04 - loss: 0.5798 - acc: 0.6719
  352/10370 [>.............................] - ETA: 10:01 - loss: 0.5866 - acc: 0.6705
  384/10370 [>.............................] - ETA: 9:59 - loss: 0.5875 - acc: 0.6693 
  416/10370 [>.............................] - ETA: 9:56 - loss: 0.5856 - acc: 0.6731
  448/10370 [>.............................] - ETA: 9:54 - loss: 0.5846 - acc: 0.6741
  480/10370 [>.............................] - ETA: 9:51 - loss: 0.5912 - acc: 0.6729
  512/10370 [>.............................] - ETA: 9:48 - loss: 0.5872 - acc: 0.6816
  544/10370 [>.............................] - ETA: 9:47 - loss: 0.5826 - acc: 0.6857
  576/10370 [>.............................] - ETA: 9:45 - loss: 0.5773 - acc: 0.6927
  608/10370 [>.............................] - ETA: 9:42 - loss: 0.5783 - acc: 0.6924
  640/10370 [>.............................] - ETA: 9:40 - loss: 0.5827 - acc: 0.6813
  672/10370 [>.............................] - ETA: 9:39 - loss: 0.5812 - acc: 0.6815
  704/10370 [=>............................] - ETA: 9:36 - loss: 0.5765 - acc: 0.6889
  736/10370 [=>............................] - ETA: 9:34 - loss: 0.5734 - acc: 0.6916
  768/10370 [=>............................] - ETA: 9:32 - loss: 0.5696 - acc: 0.6927
  800/10370 [=>............................] - ETA: 9:30 - loss: 0.5665 - acc: 0.6963
  832/10370 [=>............................] - ETA: 9:28 - loss: 0.5668 - acc: 0.6971
  864/10370 [=>............................] - ETA: 9:25 - loss: 0.5692 - acc: 0.6944
  896/10370 [=>............................] - ETA: 9:23 - loss: 0.5713 - acc: 0.6908
  928/10370 [=>............................] - ETA: 9:21 - loss: 0.5749 - acc: 0.6918
  960/10370 [=>............................] - ETA: 9:18 - loss: 0.5742 - acc: 0.6927
  992/10370 [=>............................] - ETA: 9:17 - loss: 0.5715 - acc: 0.6956
 1024/10370 [=>............................] - ETA: 9:15 - loss: 0.5700 - acc: 0.6992
 1056/10370 [==>...........................] - ETA: 9:12 - loss: 0.5698 - acc: 0.6970
 1088/10370 [==>...........................] - ETA: 9:11 - loss: 0.5692 - acc: 0.6967
 1120/10370 [==>...........................] - ETA: 9:09 - loss: 0.5692 - acc: 0.6982
 1152/10370 [==>...........................] - ETA: 9:07 - loss: 0.5673 - acc: 0.7005
 1184/10370 [==>...........................] - ETA: 9:05 - loss: 0.5693 - acc: 0.6968
 1216/10370 [==>...........................] - ETA: 9:03 - loss: 0.5691 - acc: 0.6998
 1248/10370 [==>...........................] - ETA: 9:01 - loss: 0.5699 - acc: 0.6979
 1280/10370 [==>...........................] - ETA: 8:59 - loss: 0.5696 - acc: 0.6969
 1312/10370 [==>...........................] - ETA: 8:57 - loss: 0.5704 - acc: 0.6951
 1344/10370 [==>...........................] - ETA: 8:56 - loss: 0.5713 - acc: 0.6949
 1376/10370 [==>...........................] - ETA: 8:54 - loss: 0.5721 - acc: 0.6940
 1408/10370 [===>..........................] - ETA: 8:52 - loss: 0.5738 - acc: 0.6918
 1440/10370 [===>..........................] - ETA: 8:50 - loss: 0.5728 - acc: 0.6937
 1472/10370 [===>..........................] - ETA: 8:48 - loss: 0.5737 - acc: 0.6923
 1504/10370 [===>..........................] - ETA: 8:46 - loss: 0.5715 - acc: 0.6948
 1536/10370 [===>..........................] - ETA: 8:44 - loss: 0.5708 - acc: 0.6947
 1568/10370 [===>..........................] - ETA: 8:42 - loss: 0.5715 - acc: 0.6926
 1600/10370 [===>..........................] - ETA: 8:40 - loss: 0.5715 - acc: 0.6937
 1632/10370 [===>..........................] - ETA: 8:38 - loss: 0.5710 - acc: 0.6942
 1664/10370 [===>..........................] - ETA: 8:37 - loss: 0.5710 - acc: 0.6947
 1696/10370 [===>..........................] - ETA: 8:34 - loss: 0.5713 - acc: 0.6934
 1728/10370 [===>..........................] - ETA: 8:32 - loss: 0.5711 - acc: 0.6927
 1760/10370 [====>.........................] - ETA: 8:31 - loss: 0.5719 - acc: 0.6909
 1792/10370 [====>.........................] - ETA: 8:29 - loss: 0.5717 - acc: 0.6903
 1824/10370 [====>.........................] - ETA: 8:28 - loss: 0.5701 - acc: 0.6924
 1856/10370 [====>.........................] - ETA: 8:26 - loss: 0.5705 - acc: 0.6913
 1888/10370 [====>.........................] - ETA: 8:25 - loss: 0.5724 - acc: 0.6886
 1920/10370 [====>.........................] - ETA: 8:23 - loss: 0.5726 - acc: 0.6885
 1952/10370 [====>.........................] - ETA: 8:21 - loss: 0.5703 - acc: 0.6906
 1984/10370 [====>.........................] - ETA: 8:19 - loss: 0.5696 - acc: 0.6905
 2016/10370 [====>.........................] - ETA: 8:17 - loss: 0.5703 - acc: 0.6900
 2048/10370 [====>.........................] - ETA: 8:15 - loss: 0.5704 - acc: 0.6899
 2080/10370 [=====>........................] - ETA: 8:13 - loss: 0.5685 - acc: 0.6913
 2112/10370 [=====>........................] - ETA: 8:11 - loss: 0.5681 - acc: 0.6932
 2144/10370 [=====>........................] - ETA: 8:09 - loss: 0.5696 - acc: 0.6917
 2176/10370 [=====>........................] - ETA: 8:07 - loss: 0.5696 - acc: 0.6921
 2208/10370 [=====>........................] - ETA: 8:06 - loss: 0.5711 - acc: 0.6889
 2240/10370 [=====>........................] - ETA: 8:04 - loss: 0.5715 - acc: 0.6893
 2272/10370 [=====>........................] - ETA: 8:03 - loss: 0.5707 - acc: 0.6897
 2304/10370 [=====>........................] - ETA: 8:01 - loss: 0.5714 - acc: 0.6892
 2336/10370 [=====>........................] - ETA: 7:59 - loss: 0.5713 - acc: 0.6888
 2368/10370 [=====>........................] - ETA: 7:57 - loss: 0.5702 - acc: 0.6896
 2400/10370 [=====>........................] - ETA: 7:55 - loss: 0.5694 - acc: 0.6904
 2432/10370 [======>.......................] - ETA: 7:53 - loss: 0.5686 - acc: 0.6912
 2464/10370 [======>.......................] - ETA: 7:51 - loss: 0.5692 - acc: 0.6907
 2496/10370 [======>.......................] - ETA: 7:49 - loss: 0.5697 - acc: 0.6899
 2528/10370 [======>.......................] - ETA: 7:47 - loss: 0.5698 - acc: 0.6887
 2560/10370 [======>.......................] - ETA: 7:45 - loss: 0.5698 - acc: 0.6879
 2592/10370 [======>.......................] - ETA: 7:43 - loss: 0.5697 - acc: 0.6875
 2624/10370 [======>.......................] - ETA: 7:41 - loss: 0.5702 - acc: 0.6879
 2656/10370 [======>.......................] - ETA: 7:39 - loss: 0.5701 - acc: 0.6890
 2688/10370 [======>.......................] - ETA: 7:37 - loss: 0.5696 - acc: 0.6897
 2720/10370 [======>.......................] - ETA: 7:36 - loss: 0.5697 - acc: 0.6893
 2752/10370 [======>.......................] - ETA: 7:34 - loss: 0.5696 - acc: 0.6890
 2784/10370 [=======>......................] - ETA: 7:32 - loss: 0.5707 - acc: 0.6882
 2816/10370 [=======>......................] - ETA: 7:30 - loss: 0.5714 - acc: 0.6879
 2848/10370 [=======>......................] - ETA: 7:28 - loss: 0.5717 - acc: 0.6871
 2880/10370 [=======>......................] - ETA: 7:26 - loss: 0.5715 - acc: 0.6875
 2912/10370 [=======>......................] - ETA: 7:24 - loss: 0.5700 - acc: 0.6889
 2944/10370 [=======>......................] - ETA: 7:22 - loss: 0.5707 - acc: 0.6892
 2976/10370 [=======>......................] - ETA: 7:20 - loss: 0.5710 - acc: 0.6892
 3008/10370 [=======>......................] - ETA: 7:18 - loss: 0.5703 - acc: 0.6895
 3040/10370 [=======>......................] - ETA: 7:17 - loss: 0.5699 - acc: 0.6901
 3072/10370 [=======>......................] - ETA: 7:15 - loss: 0.5698 - acc: 0.6904
 3104/10370 [=======>......................] - ETA: 7:13 - loss: 0.5694 - acc: 0.6907
 3136/10370 [========>.....................] - ETA: 7:11 - loss: 0.5696 - acc: 0.6904
 3168/10370 [========>.....................] - ETA: 7:09 - loss: 0.5698 - acc: 0.6903
 3200/10370 [========>.....................] - ETA: 7:07 - loss: 0.5683 - acc: 0.6913
 3232/10370 [========>.....................] - ETA: 7:05 - loss: 0.5677 - acc: 0.6921
 3264/10370 [========>.....................] - ETA: 7:03 - loss: 0.5675 - acc: 0.6921
 3296/10370 [========>.....................] - ETA: 7:01 - loss: 0.5677 - acc: 0.6917
 3328/10370 [========>.....................] - ETA: 6:59 - loss: 0.5682 - acc: 0.6908
 3360/10370 [========>.....................] - ETA: 6:57 - loss: 0.5676 - acc: 0.6914
 3392/10370 [========>.....................] - ETA: 6:55 - loss: 0.5672 - acc: 0.6919
 3424/10370 [========>.....................] - ETA: 6:53 - loss: 0.5669 - acc: 0.6922
 3456/10370 [========>.....................] - ETA: 6:51 - loss: 0.5675 - acc: 0.6904
 3488/10370 [=========>....................] - ETA: 6:49 - loss: 0.5672 - acc: 0.6907
 3520/10370 [=========>....................] - ETA: 6:47 - loss: 0.5670 - acc: 0.6912
 3552/10370 [=========>....................] - ETA: 6:45 - loss: 0.5662 - acc: 0.6917
 3584/10370 [=========>....................] - ETA: 6:43 - loss: 0.5665 - acc: 0.6908
 3616/10370 [=========>....................] - ETA: 6:41 - loss: 0.5663 - acc: 0.6911
 3648/10370 [=========>....................] - ETA: 6:40 - loss: 0.5652 - acc: 0.6922
 3680/10370 [=========>....................] - ETA: 6:38 - loss: 0.5650 - acc: 0.6927
 3712/10370 [=========>....................] - ETA: 6:36 - loss: 0.5650 - acc: 0.6923
 3744/10370 [=========>....................] - ETA: 6:34 - loss: 0.5656 - acc: 0.6910
 3776/10370 [=========>....................] - ETA: 6:32 - loss: 0.5655 - acc: 0.6909
 3808/10370 [==========>...................] - ETA: 6:30 - loss: 0.5668 - acc: 0.6896
 3840/10370 [==========>...................] - ETA: 6:28 - loss: 0.5673 - acc: 0.6885
 3872/10370 [==========>...................] - ETA: 6:26 - loss: 0.5678 - acc: 0.6872
 3904/10370 [==========>...................] - ETA: 6:25 - loss: 0.5674 - acc: 0.6880
 3936/10370 [==========>...................] - ETA: 6:23 - loss: 0.5697 - acc: 0.6870
 3968/10370 [==========>...................] - ETA: 6:21 - loss: 0.5697 - acc: 0.6870
 4000/10370 [==========>...................] - ETA: 6:19 - loss: 0.5696 - acc: 0.6865
 4032/10370 [==========>...................] - ETA: 6:17 - loss: 0.5700 - acc: 0.6855
 4064/10370 [==========>...................] - ETA: 6:15 - loss: 0.5704 - acc: 0.6850
 4096/10370 [==========>...................] - ETA: 6:13 - loss: 0.5700 - acc: 0.6855
 4128/10370 [==========>...................] - ETA: 6:11 - loss: 0.5704 - acc: 0.6858
 4160/10370 [===========>..................] - ETA: 6:09 - loss: 0.5702 - acc: 0.6856
 4192/10370 [===========>..................] - ETA: 6:07 - loss: 0.5704 - acc: 0.6849
 4224/10370 [===========>..................] - ETA: 6:05 - loss: 0.5693 - acc: 0.6858
 4256/10370 [===========>..................] - ETA: 6:04 - loss: 0.5694 - acc: 0.6856
 4288/10370 [===========>..................] - ETA: 6:02 - loss: 0.5693 - acc: 0.6856
 4320/10370 [===========>..................] - ETA: 6:00 - loss: 0.5693 - acc: 0.6861
 4352/10370 [===========>..................] - ETA: 5:58 - loss: 0.5692 - acc: 0.6859
 4384/10370 [===========>..................] - ETA: 5:56 - loss: 0.5686 - acc: 0.6864
 4416/10370 [===========>..................] - ETA: 5:54 - loss: 0.5689 - acc: 0.6855
 4448/10370 [===========>..................] - ETA: 5:52 - loss: 0.5686 - acc: 0.6857
 4480/10370 [===========>..................] - ETA: 5:50 - loss: 0.5685 - acc: 0.6855
 4512/10370 [============>.................] - ETA: 5:48 - loss: 0.5679 - acc: 0.6862
 4544/10370 [============>.................] - ETA: 5:46 - loss: 0.5681 - acc: 0.6860
 4576/10370 [============>.................] - ETA: 5:45 - loss: 0.5684 - acc: 0.6858
 4608/10370 [============>.................] - ETA: 5:43 - loss: 0.5678 - acc: 0.6864
 4640/10370 [============>.................] - ETA: 5:41 - loss: 0.5681 - acc: 0.6856
 4672/10370 [============>.................] - ETA: 5:39 - loss: 0.5676 - acc: 0.6860
 4704/10370 [============>.................] - ETA: 5:37 - loss: 0.5667 - acc: 0.6871
 4736/10370 [============>.................] - ETA: 5:35 - loss: 0.5661 - acc: 0.6879
 4768/10370 [============>.................] - ETA: 5:33 - loss: 0.5662 - acc: 0.6875
 4800/10370 [============>.................] - ETA: 5:31 - loss: 0.5663 - acc: 0.6873
 4832/10370 [============>.................] - ETA: 5:29 - loss: 0.5664 - acc: 0.6869
 4864/10370 [=============>................] - ETA: 5:27 - loss: 0.5663 - acc: 0.6877
 4896/10370 [=============>................] - ETA: 5:25 - loss: 0.5662 - acc: 0.6877
 4928/10370 [=============>................] - ETA: 5:23 - loss: 0.5669 - acc: 0.6865
 4960/10370 [=============>................] - ETA: 5:21 - loss: 0.5666 - acc: 0.6871
 4992/10370 [=============>................] - ETA: 5:19 - loss: 0.5665 - acc: 0.6867
 5024/10370 [=============>................] - ETA: 5:17 - loss: 0.5667 - acc: 0.6859
 5056/10370 [=============>................] - ETA: 5:16 - loss: 0.5663 - acc: 0.6869
 5088/10370 [=============>................] - ETA: 5:14 - loss: 0.5660 - acc: 0.6873
 5120/10370 [=============>................] - ETA: 5:12 - loss: 0.5659 - acc: 0.6875
 5152/10370 [=============>................] - ETA: 5:10 - loss: 0.5656 - acc: 0.6875
 5184/10370 [=============>................] - ETA: 5:08 - loss: 0.5654 - acc: 0.6883
 5216/10370 [==============>...............] - ETA: 5:06 - loss: 0.5652 - acc: 0.6885
 5248/10370 [==============>...............] - ETA: 5:05 - loss: 0.5649 - acc: 0.6885
 5280/10370 [==============>...............] - ETA: 5:03 - loss: 0.5652 - acc: 0.6879
 5312/10370 [==============>...............] - ETA: 5:01 - loss: 0.5650 - acc: 0.6881
 5344/10370 [==============>...............] - ETA: 4:59 - loss: 0.5651 - acc: 0.6882
 5376/10370 [==============>...............] - ETA: 4:57 - loss: 0.5659 - acc: 0.6875
 5408/10370 [==============>...............] - ETA: 4:55 - loss: 0.5654 - acc: 0.6882
 5440/10370 [==============>...............] - ETA: 4:53 - loss: 0.5652 - acc: 0.6886
 5472/10370 [==============>...............] - ETA: 4:51 - loss: 0.5649 - acc: 0.6888
 5504/10370 [==============>...............] - ETA: 4:49 - loss: 0.5652 - acc: 0.6879
 5536/10370 [===============>..............] - ETA: 4:47 - loss: 0.5651 - acc: 0.6882
 5568/10370 [===============>..............] - ETA: 4:46 - loss: 0.5656 - acc: 0.6875
 5600/10370 [===============>..............] - ETA: 4:44 - loss: 0.5654 - acc: 0.6877
 5632/10370 [===============>..............] - ETA: 4:42 - loss: 0.5653 - acc: 0.6877
 5664/10370 [===============>..............] - ETA: 4:40 - loss: 0.5651 - acc: 0.6880
 5696/10370 [===============>..............] - ETA: 4:38 - loss: 0.5646 - acc: 0.6886
 5728/10370 [===============>..............] - ETA: 4:37 - loss: 0.5645 - acc: 0.6884
 5760/10370 [===============>..............] - ETA: 4:35 - loss: 0.5642 - acc: 0.6889
 5792/10370 [===============>..............] - ETA: 4:33 - loss: 0.5643 - acc: 0.6885
 5824/10370 [===============>..............] - ETA: 4:31 - loss: 0.5641 - acc: 0.6887
 5856/10370 [===============>..............] - ETA: 4:29 - loss: 0.5637 - acc: 0.6894
 5888/10370 [================>.............] - ETA: 4:27 - loss: 0.5640 - acc: 0.6894
 5920/10370 [================>.............] - ETA: 4:26 - loss: 0.5651 - acc: 0.6882
 5952/10370 [================>.............] - ETA: 4:24 - loss: 0.5653 - acc: 0.6878
 5984/10370 [================>.............] - ETA: 4:22 - loss: 0.5656 - acc: 0.6880
 6016/10370 [================>.............] - ETA: 4:20 - loss: 0.5659 - acc: 0.6875
 6048/10370 [================>.............] - ETA: 4:18 - loss: 0.5657 - acc: 0.6875
 6080/10370 [================>.............] - ETA: 4:16 - loss: 0.5659 - acc: 0.6872
 6112/10370 [================>.............] - ETA: 4:15 - loss: 0.5658 - acc: 0.6873
 6144/10370 [================>.............] - ETA: 4:13 - loss: 0.5653 - acc: 0.6877
 6176/10370 [================>.............] - ETA: 4:11 - loss: 0.5651 - acc: 0.6880
 6208/10370 [================>.............] - ETA: 4:09 - loss: 0.5653 - acc: 0.6875
 6240/10370 [=================>............] - ETA: 4:07 - loss: 0.5653 - acc: 0.6875
 6272/10370 [=================>............] - ETA: 4:05 - loss: 0.5650 - acc: 0.6878
 6304/10370 [=================>............] - ETA: 4:04 - loss: 0.5654 - acc: 0.6877
 6336/10370 [=================>............] - ETA: 4:02 - loss: 0.5650 - acc: 0.6880
 6368/10370 [=================>............] - ETA: 4:00 - loss: 0.5651 - acc: 0.6883
 6400/10370 [=================>............] - ETA: 3:58 - loss: 0.5652 - acc: 0.6880
 6432/10370 [=================>............] - ETA: 3:56 - loss: 0.5651 - acc: 0.6881
 6464/10370 [=================>............] - ETA: 3:55 - loss: 0.5650 - acc: 0.6883
 6496/10370 [=================>............] - ETA: 3:53 - loss: 0.5648 - acc: 0.6884
 6528/10370 [=================>............] - ETA: 3:51 - loss: 0.5649 - acc: 0.6881
 6560/10370 [=================>............] - ETA: 3:49 - loss: 0.5644 - acc: 0.6889
 6592/10370 [==================>...........] - ETA: 3:47 - loss: 0.5651 - acc: 0.6881
 6624/10370 [==================>...........] - ETA: 3:45 - loss: 0.5653 - acc: 0.6877
 6656/10370 [==================>...........] - ETA: 3:43 - loss: 0.5648 - acc: 0.6883
 6688/10370 [==================>...........] - ETA: 3:41 - loss: 0.5649 - acc: 0.6884
 6720/10370 [==================>...........] - ETA: 3:40 - loss: 0.5649 - acc: 0.6882
 6752/10370 [==================>...........] - ETA: 3:38 - loss: 0.5649 - acc: 0.6881
 6784/10370 [==================>...........] - ETA: 3:36 - loss: 0.5645 - acc: 0.6885
 6816/10370 [==================>...........] - ETA: 3:34 - loss: 0.5642 - acc: 0.6891
 6848/10370 [==================>...........] - ETA: 3:32 - loss: 0.5638 - acc: 0.6893
 6880/10370 [==================>...........] - ETA: 3:30 - loss: 0.5640 - acc: 0.6888
 6912/10370 [==================>...........] - ETA: 3:28 - loss: 0.5644 - acc: 0.6884
 6944/10370 [===================>..........] - ETA: 3:26 - loss: 0.5637 - acc: 0.6897
 6976/10370 [===================>..........] - ETA: 3:25 - loss: 0.5635 - acc: 0.6899
 7008/10370 [===================>..........] - ETA: 3:23 - loss: 0.5636 - acc: 0.6899
 7040/10370 [===================>..........] - ETA: 3:21 - loss: 0.5635 - acc: 0.6898
 7072/10370 [===================>..........] - ETA: 3:19 - loss: 0.5637 - acc: 0.6898
 7104/10370 [===================>..........] - ETA: 3:17 - loss: 0.5638 - acc: 0.6896
 7136/10370 [===================>..........] - ETA: 3:16 - loss: 0.5635 - acc: 0.6899
 7168/10370 [===================>..........] - ETA: 3:14 - loss: 0.5633 - acc: 0.6903
 7200/10370 [===================>..........] - ETA: 3:12 - loss: 0.5638 - acc: 0.6899
 7232/10370 [===================>..........] - ETA: 3:10 - loss: 0.5640 - acc: 0.6893
 7264/10370 [====================>.........] - ETA: 3:08 - loss: 0.5640 - acc: 0.6893
 7296/10370 [====================>.........] - ETA: 3:06 - loss: 0.5635 - acc: 0.6898
 7328/10370 [====================>.........] - ETA: 3:04 - loss: 0.5630 - acc: 0.6904
 7360/10370 [====================>.........] - ETA: 3:02 - loss: 0.5632 - acc: 0.6904
 7392/10370 [====================>.........] - ETA: 3:00 - loss: 0.5630 - acc: 0.6905
 7424/10370 [====================>.........] - ETA: 2:58 - loss: 0.5628 - acc: 0.6911
 7456/10370 [====================>.........] - ETA: 2:56 - loss: 0.5622 - acc: 0.6919
 7488/10370 [====================>.........] - ETA: 2:55 - loss: 0.5622 - acc: 0.6918
 7520/10370 [====================>.........] - ETA: 2:53 - loss: 0.5622 - acc: 0.6919
 7552/10370 [====================>.........] - ETA: 2:51 - loss: 0.5621 - acc: 0.6919
 7584/10370 [====================>.........] - ETA: 2:49 - loss: 0.5621 - acc: 0.6917
 7616/10370 [=====================>........] - ETA: 2:47 - loss: 0.5627 - acc: 0.6909
 7648/10370 [=====================>........] - ETA: 2:45 - loss: 0.5624 - acc: 0.6912
 7680/10370 [=====================>........] - ETA: 2:43 - loss: 0.5625 - acc: 0.6908
 7712/10370 [=====================>........] - ETA: 2:42 - loss: 0.5622 - acc: 0.6911
 7744/10370 [=====================>........] - ETA: 2:40 - loss: 0.5620 - acc: 0.6915
 7776/10370 [=====================>........] - ETA: 2:39 - loss: 0.5620 - acc: 0.6915
 7808/10370 [=====================>........] - ETA: 2:38 - loss: 0.5619 - acc: 0.6915
 7840/10370 [=====================>........] - ETA: 2:36 - loss: 0.5622 - acc: 0.6911
 7872/10370 [=====================>........] - ETA: 2:34 - loss: 0.5623 - acc: 0.6908
 7904/10370 [=====================>........] - ETA: 2:32 - loss: 0.5623 - acc: 0.6908
 7936/10370 [=====================>........] - ETA: 2:30 - loss: 0.5625 - acc: 0.6903
 7968/10370 [======================>.......] - ETA: 2:28 - loss: 0.5629 - acc: 0.6895
 8000/10370 [======================>.......] - ETA: 2:26 - loss: 0.5628 - acc: 0.6896
 8032/10370 [======================>.......] - ETA: 2:24 - loss: 0.5632 - acc: 0.6891
 8064/10370 [======================>.......] - ETA: 2:22 - loss: 0.5633 - acc: 0.6891
 8096/10370 [======================>.......] - ETA: 2:20 - loss: 0.5635 - acc: 0.6890
 8128/10370 [======================>.......] - ETA: 2:18 - loss: 0.5638 - acc: 0.6882
 8160/10370 [======================>.......] - ETA: 2:16 - loss: 0.5638 - acc: 0.6880
 8192/10370 [======================>.......] - ETA: 2:14 - loss: 0.5639 - acc: 0.6881
 8224/10370 [======================>.......] - ETA: 2:12 - loss: 0.5639 - acc: 0.6879
 8256/10370 [======================>.......] - ETA: 2:10 - loss: 0.5640 - acc: 0.6876
 8288/10370 [======================>.......] - ETA: 2:08 - loss: 0.5639 - acc: 0.6880
 8320/10370 [=======================>......] - ETA: 2:06 - loss: 0.5639 - acc: 0.6879
 8352/10370 [=======================>......] - ETA: 2:04 - loss: 0.5648 - acc: 0.6876
 8384/10370 [=======================>......] - ETA: 2:02 - loss: 0.5653 - acc: 0.6870
 8416/10370 [=======================>......] - ETA: 2:00 - loss: 0.5648 - acc: 0.6871
 8448/10370 [=======================>......] - ETA: 1:58 - loss: 0.5650 - acc: 0.6868
 8480/10370 [=======================>......] - ETA: 1:56 - loss: 0.5650 - acc: 0.6866
 8512/10370 [=======================>......] - ETA: 1:55 - loss: 0.5649 - acc: 0.6864
 8544/10370 [=======================>......] - ETA: 1:53 - loss: 0.5651 - acc: 0.6862
 8576/10370 [=======================>......] - ETA: 1:51 - loss: 0.5652 - acc: 0.6862
 8608/10370 [=======================>......] - ETA: 1:49 - loss: 0.5648 - acc: 0.6866
 8640/10370 [=======================>......] - ETA: 1:47 - loss: 0.5646 - acc: 0.6869
 8672/10370 [========================>.....] - ETA: 1:45 - loss: 0.5647 - acc: 0.6869
 8704/10370 [========================>.....] - ETA: 1:43 - loss: 0.5647 - acc: 0.6870
 8736/10370 [========================>.....] - ETA: 1:41 - loss: 0.5646 - acc: 0.6874
 8768/10370 [========================>.....] - ETA: 1:39 - loss: 0.5645 - acc: 0.6874
 8800/10370 [========================>.....] - ETA: 1:37 - loss: 0.5645 - acc: 0.6874
 8832/10370 [========================>.....] - ETA: 1:35 - loss: 0.5644 - acc: 0.6873
 8864/10370 [========================>.....] - ETA: 1:33 - loss: 0.5643 - acc: 0.6874
 8896/10370 [========================>.....] - ETA: 1:31 - loss: 0.5642 - acc: 0.6874
 8928/10370 [========================>.....] - ETA: 1:29 - loss: 0.5640 - acc: 0.6877
 8960/10370 [========================>.....] - ETA: 1:27 - loss: 0.5641 - acc: 0.6875
 8992/10370 [=========================>....] - ETA: 1:25 - loss: 0.5641 - acc: 0.6874
 9024/10370 [=========================>....] - ETA: 1:23 - loss: 0.5641 - acc: 0.6871
 9056/10370 [=========================>....] - ETA: 1:21 - loss: 0.5643 - acc: 0.6872
 9088/10370 [=========================>....] - ETA: 1:19 - loss: 0.5641 - acc: 0.6874
 9120/10370 [=========================>....] - ETA: 1:17 - loss: 0.5641 - acc: 0.6873
 9152/10370 [=========================>....] - ETA: 1:16 - loss: 0.5638 - acc: 0.6875
 9184/10370 [=========================>....] - ETA: 1:14 - loss: 0.5639 - acc: 0.6874
 9216/10370 [=========================>....] - ETA: 1:12 - loss: 0.5637 - acc: 0.6877
 9248/10370 [=========================>....] - ETA: 1:10 - loss: 0.5639 - acc: 0.6878
 9280/10370 [=========================>....] - ETA: 1:08 - loss: 0.5636 - acc: 0.6881
 9312/10370 [=========================>....] - ETA: 1:06 - loss: 0.5639 - acc: 0.6879
 9344/10370 [==========================>...] - ETA: 1:04 - loss: 0.5640 - acc: 0.6880
 9376/10370 [==========================>...] - ETA: 1:02 - loss: 0.5640 - acc: 0.6880
 9408/10370 [==========================>...] - ETA: 1:00 - loss: 0.5639 - acc: 0.6881
 9440/10370 [==========================>...] - ETA: 58s - loss: 0.5638 - acc: 0.6885 
 9472/10370 [==========================>...] - ETA: 56s - loss: 0.5638 - acc: 0.6883
 9504/10370 [==========================>...] - ETA: 54s - loss: 0.5638 - acc: 0.6883
 9536/10370 [==========================>...] - ETA: 52s - loss: 0.5639 - acc: 0.6885
 9568/10370 [==========================>...] - ETA: 50s - loss: 0.5639 - acc: 0.6884
 9600/10370 [==========================>...] - ETA: 48s - loss: 0.5639 - acc: 0.6883
 9632/10370 [==========================>...] - ETA: 46s - loss: 0.5640 - acc: 0.6882
 9664/10370 [==========================>...] - ETA: 44s - loss: 0.5641 - acc: 0.6880
 9696/10370 [===========================>..] - ETA: 42s - loss: 0.5641 - acc: 0.6878
 9728/10370 [===========================>..] - ETA: 40s - loss: 0.5640 - acc: 0.6878
 9760/10370 [===========================>..] - ETA: 38s - loss: 0.5639 - acc: 0.6880
 9792/10370 [===========================>..] - ETA: 36s - loss: 0.5640 - acc: 0.6877
 9824/10370 [===========================>..] - ETA: 34s - loss: 0.5640 - acc: 0.6877
 9856/10370 [===========================>..] - ETA: 32s - loss: 0.5641 - acc: 0.6873
 9888/10370 [===========================>..] - ETA: 30s - loss: 0.5641 - acc: 0.6872
 9920/10370 [===========================>..] - ETA: 28s - loss: 0.5642 - acc: 0.6872
 9952/10370 [===========================>..] - ETA: 26s - loss: 0.5642 - acc: 0.6871
 9984/10370 [===========================>..] - ETA: 24s - loss: 0.5643 - acc: 0.6869
10016/10370 [===========================>..] - ETA: 22s - loss: 0.5644 - acc: 0.6865
10048/10370 [============================>.] - ETA: 20s - loss: 0.5646 - acc: 0.6864
10080/10370 [============================>.] - ETA: 18s - loss: 0.5645 - acc: 0.6864
10112/10370 [============================>.] - ETA: 16s - loss: 0.5644 - acc: 0.6865
10144/10370 [============================>.] - ETA: 14s - loss: 0.5643 - acc: 0.6866
10176/10370 [============================>.] - ETA: 12s - loss: 0.5640 - acc: 0.6871
10208/10370 [============================>.] - ETA: 10s - loss: 0.5638 - acc: 0.6873
10240/10370 [============================>.] - ETA: 8s - loss: 0.5637 - acc: 0.6876 
10272/10370 [============================>.] - ETA: 6s - loss: 0.5637 - acc: 0.6875
10304/10370 [============================>.] - ETA: 4s - loss: 0.5638 - acc: 0.6873
10336/10370 [============================>.] - ETA: 2s - loss: 0.5635 - acc: 0.6876
10368/10370 [============================>.] - ETA: 0s - loss: 0.5636 - acc: 0.6875
10370/10370 [==============================] - 665s 64ms/step - loss: 0.5636 - acc: 0.6875
Epoch 3/3

   32/10370 [..............................] - ETA: 13:18 - loss: 0.5896 - acc: 0.6875
   64/10370 [..............................] - ETA: 13:27 - loss: 0.5755 - acc: 0.7031
   96/10370 [..............................] - ETA: 13:02 - loss: 0.5680 - acc: 0.6875
  128/10370 [..............................] - ETA: 12:57 - loss: 0.5533 - acc: 0.7031
  160/10370 [..............................] - ETA: 12:48 - loss: 0.5594 - acc: 0.6875
  192/10370 [..............................] - ETA: 12:44 - loss: 0.5653 - acc: 0.6875
  224/10370 [..............................] - ETA: 12:35 - loss: 0.5729 - acc: 0.6696
  256/10370 [..............................] - ETA: 12:31 - loss: 0.5789 - acc: 0.6602
  288/10370 [..............................] - ETA: 12:27 - loss: 0.5899 - acc: 0.6458
  320/10370 [..............................] - ETA: 12:24 - loss: 0.5802 - acc: 0.6625
  352/10370 [>.............................] - ETA: 12:22 - loss: 0.5803 - acc: 0.6591
  384/10370 [>.............................] - ETA: 12:20 - loss: 0.5872 - acc: 0.6510
  416/10370 [>.............................] - ETA: 12:17 - loss: 0.5839 - acc: 0.6514
  448/10370 [>.............................] - ETA: 12:15 - loss: 0.5814 - acc: 0.6652
  480/10370 [>.............................] - ETA: 12:11 - loss: 0.5804 - acc: 0.6625
  512/10370 [>.............................] - ETA: 12:08 - loss: 0.5705 - acc: 0.6719
  544/10370 [>.............................] - ETA: 12:07 - loss: 0.5704 - acc: 0.6691
  576/10370 [>.............................] - ETA: 12:08 - loss: 0.5709 - acc: 0.6684
  608/10370 [>.............................] - ETA: 12:09 - loss: 0.5710 - acc: 0.6678
  640/10370 [>.............................] - ETA: 12:30 - loss: 0.5663 - acc: 0.6734
  672/10370 [>.............................] - ETA: 12:29 - loss: 0.5644 - acc: 0.6756
  704/10370 [=>............................] - ETA: 12:27 - loss: 0.5642 - acc: 0.6733
  736/10370 [=>............................] - ETA: 12:25 - loss: 0.5633 - acc: 0.6753
  768/10370 [=>............................] - ETA: 12:21 - loss: 0.5640 - acc: 0.6745
  800/10370 [=>............................] - ETA: 12:18 - loss: 0.5602 - acc: 0.6813
  832/10370 [=>............................] - ETA: 12:16 - loss: 0.5587 - acc: 0.6851
  864/10370 [=>............................] - ETA: 12:17 - loss: 0.5591 - acc: 0.6852
  896/10370 [=>............................] - ETA: 12:16 - loss: 0.5587 - acc: 0.6830
  928/10370 [=>............................] - ETA: 12:49 - loss: 0.5603 - acc: 0.6800
  960/10370 [=>............................] - ETA: 13:11 - loss: 0.5599 - acc: 0.6802
  992/10370 [=>............................] - ETA: 13:06 - loss: 0.5573 - acc: 0.6835
 1024/10370 [=>............................] - ETA: 13:02 - loss: 0.5571 - acc: 0.6826
 1056/10370 [==>...........................] - ETA: 12:59 - loss: 0.5513 - acc: 0.6884
 1088/10370 [==>...........................] - ETA: 12:57 - loss: 0.5515 - acc: 0.6893
 1120/10370 [==>...........................] - ETA: 12:53 - loss: 0.5518 - acc: 0.6920
 1152/10370 [==>...........................] - ETA: 12:49 - loss: 0.5488 - acc: 0.6944
 1184/10370 [==>...........................] - ETA: 12:45 - loss: 0.5506 - acc: 0.6934
 1216/10370 [==>...........................] - ETA: 12:40 - loss: 0.5511 - acc: 0.6933
 1248/10370 [==>...........................] - ETA: 12:37 - loss: 0.5506 - acc: 0.6955
 1280/10370 [==>...........................] - ETA: 12:33 - loss: 0.5517 - acc: 0.6930
 1312/10370 [==>...........................] - ETA: 12:29 - loss: 0.5519 - acc: 0.6921
 1344/10370 [==>...........................] - ETA: 12:25 - loss: 0.5513 - acc: 0.6942
 1376/10370 [==>...........................] - ETA: 12:22 - loss: 0.5520 - acc: 0.6926
 1408/10370 [===>..........................] - ETA: 12:18 - loss: 0.5529 - acc: 0.6918
 1440/10370 [===>..........................] - ETA: 12:14 - loss: 0.5524 - acc: 0.6924
 1472/10370 [===>..........................] - ETA: 12:14 - loss: 0.5512 - acc: 0.6943
 1504/10370 [===>..........................] - ETA: 12:50 - loss: 0.5517 - acc: 0.6955
 1536/10370 [===>..........................] - ETA: 12:45 - loss: 0.5514 - acc: 0.6966
 1568/10370 [===>..........................] - ETA: 12:41 - loss: 0.5511 - acc: 0.6964
 1600/10370 [===>..........................] - ETA: 12:37 - loss: 0.5498 - acc: 0.6969
 1632/10370 [===>..........................] - ETA: 12:32 - loss: 0.5496 - acc: 0.6973
 1664/10370 [===>..........................] - ETA: 12:29 - loss: 0.5500 - acc: 0.6971
 1696/10370 [===>..........................] - ETA: 12:25 - loss: 0.5488 - acc: 0.6987
 1728/10370 [===>..........................] - ETA: 12:26 - loss: 0.5493 - acc: 0.6997
 1760/10370 [====>.........................] - ETA: 12:43 - loss: 0.5508 - acc: 0.6972
 1792/10370 [====>.........................] - ETA: 12:39 - loss: 0.5496 - acc: 0.6975
 1824/10370 [====>.........................] - ETA: 12:35 - loss: 0.5502 - acc: 0.6968
 1856/10370 [====>.........................] - ETA: 12:30 - loss: 0.5505 - acc: 0.6983
 1888/10370 [====>.........................] - ETA: 12:26 - loss: 0.5515 - acc: 0.6981
 1920/10370 [====>.........................] - ETA: 12:22 - loss: 0.5514 - acc: 0.6979
 1952/10370 [====>.........................] - ETA: 12:18 - loss: 0.5513 - acc: 0.6983
 1984/10370 [====>.........................] - ETA: 12:14 - loss: 0.5514 - acc: 0.6976
 2016/10370 [====>.........................] - ETA: 12:10 - loss: 0.5509 - acc: 0.6979
 2048/10370 [====>.........................] - ETA: 12:07 - loss: 0.5503 - acc: 0.6992
 2080/10370 [=====>........................] - ETA: 12:03 - loss: 0.5504 - acc: 0.6981
 2112/10370 [=====>........................] - ETA: 11:59 - loss: 0.5515 - acc: 0.6960
 2144/10370 [=====>........................] - ETA: 11:54 - loss: 0.5498 - acc: 0.6987
 2176/10370 [=====>........................] - ETA: 11:52 - loss: 0.5491 - acc: 0.6994
 2208/10370 [=====>........................] - ETA: 12:00 - loss: 0.5484 - acc: 0.6997
 2240/10370 [=====>........................] - ETA: 12:09 - loss: 0.5493 - acc: 0.6978
 2272/10370 [=====>........................] - ETA: 12:09 - loss: 0.5500 - acc: 0.6967
 2304/10370 [=====>........................] - ETA: 12:05 - loss: 0.5508 - acc: 0.6984
 2336/10370 [=====>........................] - ETA: 12:01 - loss: 0.5509 - acc: 0.6986
 2368/10370 [=====>........................] - ETA: 12:20 - loss: 0.5504 - acc: 0.6989
 2400/10370 [=====>........................] - ETA: 12:16 - loss: 0.5503 - acc: 0.6992
 2432/10370 [======>.......................] - ETA: 12:11 - loss: 0.5502 - acc: 0.6994
 2464/10370 [======>.......................] - ETA: 12:07 - loss: 0.5500 - acc: 0.6989
 2496/10370 [======>.......................] - ETA: 12:02 - loss: 0.5502 - acc: 0.6979
 2528/10370 [======>.......................] - ETA: 12:03 - loss: 0.5503 - acc: 0.6974
 2560/10370 [======>.......................] - ETA: 11:59 - loss: 0.5504 - acc: 0.6969
 2592/10370 [======>.......................] - ETA: 11:54 - loss: 0.5497 - acc: 0.6979
 2624/10370 [======>.......................] - ETA: 11:50 - loss: 0.5494 - acc: 0.6982
 2656/10370 [======>.......................] - ETA: 11:46 - loss: 0.5491 - acc: 0.6984
 2688/10370 [======>.......................] - ETA: 12:01 - loss: 0.5499 - acc: 0.6964
 2720/10370 [======>.......................] - ETA: 12:07 - loss: 0.5498 - acc: 0.6974
 2752/10370 [======>.......................] - ETA: 12:03 - loss: 0.5507 - acc: 0.6959
 2784/10370 [=======>......................] - ETA: 11:58 - loss: 0.5509 - acc: 0.6954
 2816/10370 [=======>......................] - ETA: 11:54 - loss: 0.5524 - acc: 0.6935
 2848/10370 [=======>......................] - ETA: 11:49 - loss: 0.5518 - acc: 0.6945
 2880/10370 [=======>......................] - ETA: 11:45 - loss: 0.5512 - acc: 0.6951
 2912/10370 [=======>......................] - ETA: 11:40 - loss: 0.5514 - acc: 0.6947
 2944/10370 [=======>......................] - ETA: 11:37 - loss: 0.5517 - acc: 0.6946
 2976/10370 [=======>......................] - ETA: 11:49 - loss: 0.5529 - acc: 0.6939
 3008/10370 [=======>......................] - ETA: 11:44 - loss: 0.5534 - acc: 0.6928
 3040/10370 [=======>......................] - ETA: 11:40 - loss: 0.5542 - acc: 0.6914
 3072/10370 [=======>......................] - ETA: 11:37 - loss: 0.5543 - acc: 0.6911
 3104/10370 [=======>......................] - ETA: 11:33 - loss: 0.5554 - acc: 0.6904
 3136/10370 [========>.....................] - ETA: 11:29 - loss: 0.5561 - acc: 0.6891
 3168/10370 [========>.....................] - ETA: 11:26 - loss: 0.5552 - acc: 0.6897
 3200/10370 [========>.....................] - ETA: 11:22 - loss: 0.5551 - acc: 0.6897
 3232/10370 [========>.....................] - ETA: 11:18 - loss: 0.5556 - acc: 0.6890
 3264/10370 [========>.....................] - ETA: 11:14 - loss: 0.5556 - acc: 0.6900
 3296/10370 [========>.....................] - ETA: 11:10 - loss: 0.5552 - acc: 0.6902
 3328/10370 [========>.....................] - ETA: 11:07 - loss: 0.5558 - acc: 0.6890
 3360/10370 [========>.....................] - ETA: 11:03 - loss: 0.5573 - acc: 0.6881
 3392/10370 [========>.....................] - ETA: 11:00 - loss: 0.5567 - acc: 0.6887
 3424/10370 [========>.....................] - ETA: 10:56 - loss: 0.5575 - acc: 0.6881
 3456/10370 [========>.....................] - ETA: 10:52 - loss: 0.5586 - acc: 0.6866
 3488/10370 [=========>....................] - ETA: 10:48 - loss: 0.5579 - acc: 0.6875
 3520/10370 [=========>....................] - ETA: 10:45 - loss: 0.5579 - acc: 0.6875
 3552/10370 [=========>....................] - ETA: 10:42 - loss: 0.5583 - acc: 0.6867
 3584/10370 [=========>....................] - ETA: 10:38 - loss: 0.5581 - acc: 0.6869
 3616/10370 [=========>....................] - ETA: 10:35 - loss: 0.5580 - acc: 0.6867
 3648/10370 [=========>....................] - ETA: 10:31 - loss: 0.5587 - acc: 0.6859
 3680/10370 [=========>....................] - ETA: 10:27 - loss: 0.5589 - acc: 0.6853
 3712/10370 [=========>....................] - ETA: 10:24 - loss: 0.5596 - acc: 0.6848
 3744/10370 [=========>....................] - ETA: 10:20 - loss: 0.5598 - acc: 0.6840
 3776/10370 [=========>....................] - ETA: 10:17 - loss: 0.5604 - acc: 0.6833
 3808/10370 [==========>...................] - ETA: 10:14 - loss: 0.5609 - acc: 0.6828
 3840/10370 [==========>...................] - ETA: 10:10 - loss: 0.5605 - acc: 0.6833
 3872/10370 [==========>...................] - ETA: 10:06 - loss: 0.5601 - acc: 0.6839
 3904/10370 [==========>...................] - ETA: 10:03 - loss: 0.5601 - acc: 0.6842
 3936/10370 [==========>...................] - ETA: 10:06 - loss: 0.5600 - acc: 0.6839
 3968/10370 [==========>...................] - ETA: 10:09 - loss: 0.5590 - acc: 0.6850
 4000/10370 [==========>...................] - ETA: 10:11 - loss: 0.5592 - acc: 0.6843
 4032/10370 [==========>...................] - ETA: 10:13 - loss: 0.5594 - acc: 0.6835
 4064/10370 [==========>...................] - ETA: 10:10 - loss: 0.5589 - acc: 0.6838
 4096/10370 [==========>...................] - ETA: 10:07 - loss: 0.5586 - acc: 0.6851
 4128/10370 [==========>...................] - ETA: 10:02 - loss: 0.5587 - acc: 0.6844
 4160/10370 [===========>..................] - ETA: 9:59 - loss: 0.5585 - acc: 0.6846 
 4192/10370 [===========>..................] - ETA: 9:55 - loss: 0.5583 - acc: 0.6856
 4224/10370 [===========>..................] - ETA: 9:51 - loss: 0.5585 - acc: 0.6858
 4256/10370 [===========>..................] - ETA: 9:47 - loss: 0.5579 - acc: 0.6866
 4288/10370 [===========>..................] - ETA: 9:44 - loss: 0.5578 - acc: 0.6873
 4320/10370 [===========>..................] - ETA: 9:41 - loss: 0.5576 - acc: 0.6873
 4352/10370 [===========>..................] - ETA: 9:37 - loss: 0.5592 - acc: 0.6861
 4384/10370 [===========>..................] - ETA: 9:33 - loss: 0.5587 - acc: 0.6868
 4416/10370 [===========>..................] - ETA: 9:30 - loss: 0.5583 - acc: 0.6873
 4448/10370 [===========>..................] - ETA: 9:26 - loss: 0.5581 - acc: 0.6868
 4480/10370 [===========>..................] - ETA: 9:22 - loss: 0.5575 - acc: 0.6871
 4512/10370 [============>.................] - ETA: 9:19 - loss: 0.5566 - acc: 0.6879
 4544/10370 [============>.................] - ETA: 9:15 - loss: 0.5569 - acc: 0.6873
 4576/10370 [============>.................] - ETA: 9:12 - loss: 0.5576 - acc: 0.6873
 4608/10370 [============>.................] - ETA: 9:09 - loss: 0.5579 - acc: 0.6866
 4640/10370 [============>.................] - ETA: 9:05 - loss: 0.5580 - acc: 0.6862
 4672/10370 [============>.................] - ETA: 9:02 - loss: 0.5585 - acc: 0.6858
 4704/10370 [============>.................] - ETA: 8:58 - loss: 0.5591 - acc: 0.6852
 4736/10370 [============>.................] - ETA: 8:55 - loss: 0.5593 - acc: 0.6850
 4768/10370 [============>.................] - ETA: 8:51 - loss: 0.5591 - acc: 0.6852
 4800/10370 [============>.................] - ETA: 8:48 - loss: 0.5588 - acc: 0.6854
 4832/10370 [============>.................] - ETA: 8:45 - loss: 0.5585 - acc: 0.6856
 4864/10370 [=============>................] - ETA: 8:41 - loss: 0.5586 - acc: 0.6850
 4896/10370 [=============>................] - ETA: 8:38 - loss: 0.5584 - acc: 0.6848
 4928/10370 [=============>................] - ETA: 8:35 - loss: 0.5585 - acc: 0.6847
 4960/10370 [=============>................] - ETA: 8:31 - loss: 0.5586 - acc: 0.6843
 4992/10370 [=============>................] - ETA: 8:28 - loss: 0.5585 - acc: 0.6845
 5024/10370 [=============>................] - ETA: 8:25 - loss: 0.5583 - acc: 0.6847
 5056/10370 [=============>................] - ETA: 8:21 - loss: 0.5580 - acc: 0.6849
 5088/10370 [=============>................] - ETA: 8:18 - loss: 0.5577 - acc: 0.6851
 5120/10370 [=============>................] - ETA: 8:15 - loss: 0.5578 - acc: 0.6852
 5152/10370 [=============>................] - ETA: 8:11 - loss: 0.5579 - acc: 0.6848
 5184/10370 [=============>................] - ETA: 8:08 - loss: 0.5578 - acc: 0.6850
 5216/10370 [==============>...............] - ETA: 8:04 - loss: 0.5574 - acc: 0.6862
 5248/10370 [==============>...............] - ETA: 8:01 - loss: 0.5572 - acc: 0.6864
 5280/10370 [==============>...............] - ETA: 7:58 - loss: 0.5577 - acc: 0.6850
 5312/10370 [==============>...............] - ETA: 7:54 - loss: 0.5570 - acc: 0.6854
 5344/10370 [==============>...............] - ETA: 7:51 - loss: 0.5573 - acc: 0.6854
 5376/10370 [==============>...............] - ETA: 7:48 - loss: 0.5573 - acc: 0.6853
 5408/10370 [==============>...............] - ETA: 7:45 - loss: 0.5571 - acc: 0.6855
 5440/10370 [==============>...............] - ETA: 7:42 - loss: 0.5567 - acc: 0.6862
 5472/10370 [==============>...............] - ETA: 7:38 - loss: 0.5567 - acc: 0.6862
 5504/10370 [==============>...............] - ETA: 7:35 - loss: 0.5564 - acc: 0.6870
 5536/10370 [===============>..............] - ETA: 7:32 - loss: 0.5568 - acc: 0.6868
 5568/10370 [===============>..............] - ETA: 7:29 - loss: 0.5568 - acc: 0.6866
 5600/10370 [===============>..............] - ETA: 7:26 - loss: 0.5574 - acc: 0.6864
 5632/10370 [===============>..............] - ETA: 7:22 - loss: 0.5569 - acc: 0.6875
 5664/10370 [===============>..............] - ETA: 7:19 - loss: 0.5569 - acc: 0.6875
 5696/10370 [===============>..............] - ETA: 7:16 - loss: 0.5565 - acc: 0.6880
 5728/10370 [===============>..............] - ETA: 7:13 - loss: 0.5564 - acc: 0.6882
 5760/10370 [===============>..............] - ETA: 7:10 - loss: 0.5561 - acc: 0.6884
 5792/10370 [===============>..............] - ETA: 7:06 - loss: 0.5568 - acc: 0.6875
 5824/10370 [===============>..............] - ETA: 7:03 - loss: 0.5567 - acc: 0.6875
 5856/10370 [===============>..............] - ETA: 7:00 - loss: 0.5568 - acc: 0.6873
 5888/10370 [================>.............] - ETA: 6:57 - loss: 0.5567 - acc: 0.6877
 5920/10370 [================>.............] - ETA: 6:53 - loss: 0.5566 - acc: 0.6880
 5952/10370 [================>.............] - ETA: 6:51 - loss: 0.5563 - acc: 0.6882
 5984/10370 [================>.............] - ETA: 6:47 - loss: 0.5563 - acc: 0.6880
 6016/10370 [================>.............] - ETA: 6:44 - loss: 0.5561 - acc: 0.6883
 6048/10370 [================>.............] - ETA: 6:41 - loss: 0.5568 - acc: 0.6880
 6080/10370 [================>.............] - ETA: 6:38 - loss: 0.5565 - acc: 0.6883
 6112/10370 [================>.............] - ETA: 6:35 - loss: 0.5566 - acc: 0.6880
 6144/10370 [================>.............] - ETA: 6:31 - loss: 0.5560 - acc: 0.6888
 6176/10370 [================>.............] - ETA: 6:28 - loss: 0.5557 - acc: 0.6894
 6208/10370 [================>.............] - ETA: 6:25 - loss: 0.5554 - acc: 0.6896
 6240/10370 [=================>............] - ETA: 6:22 - loss: 0.5554 - acc: 0.6894
 6272/10370 [=================>............] - ETA: 6:19 - loss: 0.5552 - acc: 0.6897
 6304/10370 [=================>............] - ETA: 6:16 - loss: 0.5554 - acc: 0.6896
 6336/10370 [=================>............] - ETA: 6:13 - loss: 0.5552 - acc: 0.6897
 6368/10370 [=================>............] - ETA: 6:10 - loss: 0.5558 - acc: 0.6891
 6400/10370 [=================>............] - ETA: 6:06 - loss: 0.5563 - acc: 0.6886
 6432/10370 [=================>............] - ETA: 6:03 - loss: 0.5561 - acc: 0.6894
 6464/10370 [=================>............] - ETA: 6:00 - loss: 0.5568 - acc: 0.6887
 6496/10370 [=================>............] - ETA: 5:57 - loss: 0.5568 - acc: 0.6884
 6528/10370 [=================>............] - ETA: 5:54 - loss: 0.5566 - acc: 0.6884
 6560/10370 [=================>............] - ETA: 5:51 - loss: 0.5563 - acc: 0.6889
 6592/10370 [==================>...........] - ETA: 5:48 - loss: 0.5566 - acc: 0.6890
 6624/10370 [==================>...........] - ETA: 5:45 - loss: 0.5563 - acc: 0.6895
 6656/10370 [==================>...........] - ETA: 5:42 - loss: 0.5564 - acc: 0.6896
 6688/10370 [==================>...........] - ETA: 5:39 - loss: 0.5567 - acc: 0.6893
 6720/10370 [==================>...........] - ETA: 5:36 - loss: 0.5571 - acc: 0.6893
 6752/10370 [==================>...........] - ETA: 5:33 - loss: 0.5570 - acc: 0.6896
 6784/10370 [==================>...........] - ETA: 5:30 - loss: 0.5572 - acc: 0.6891
 6816/10370 [==================>...........] - ETA: 5:27 - loss: 0.5576 - acc: 0.6885
 6848/10370 [==================>...........] - ETA: 5:24 - loss: 0.5576 - acc: 0.6884
 6880/10370 [==================>...........] - ETA: 5:21 - loss: 0.5577 - acc: 0.6882
 6912/10370 [==================>...........] - ETA: 5:18 - loss: 0.5578 - acc: 0.6881
 6944/10370 [===================>..........] - ETA: 5:15 - loss: 0.5580 - acc: 0.6887
 6976/10370 [===================>..........] - ETA: 5:12 - loss: 0.5577 - acc: 0.6889
 7008/10370 [===================>..........] - ETA: 5:09 - loss: 0.5582 - acc: 0.6888
 7040/10370 [===================>..........] - ETA: 5:06 - loss: 0.5584 - acc: 0.6885
 7072/10370 [===================>..........] - ETA: 5:03 - loss: 0.5588 - acc: 0.6882
 7104/10370 [===================>..........] - ETA: 4:59 - loss: 0.5583 - acc: 0.6886
 7136/10370 [===================>..........] - ETA: 4:56 - loss: 0.5582 - acc: 0.6888
 7168/10370 [===================>..........] - ETA: 4:53 - loss: 0.5584 - acc: 0.6885
 7200/10370 [===================>..........] - ETA: 4:50 - loss: 0.5588 - acc: 0.6883
 7232/10370 [===================>..........] - ETA: 4:47 - loss: 0.5587 - acc: 0.6883
 7264/10370 [====================>.........] - ETA: 4:44 - loss: 0.5584 - acc: 0.6885
 7296/10370 [====================>.........] - ETA: 4:41 - loss: 0.5583 - acc: 0.6886
 7328/10370 [====================>.........] - ETA: 4:38 - loss: 0.5580 - acc: 0.6891
 7360/10370 [====================>.........] - ETA: 4:35 - loss: 0.5580 - acc: 0.6889
 7392/10370 [====================>.........] - ETA: 4:32 - loss: 0.5578 - acc: 0.6890
 7424/10370 [====================>.........] - ETA: 4:29 - loss: 0.5577 - acc: 0.6894
 7456/10370 [====================>.........] - ETA: 4:26 - loss: 0.5577 - acc: 0.6896
 7488/10370 [====================>.........] - ETA: 4:23 - loss: 0.5576 - acc: 0.6898
 7520/10370 [====================>.........] - ETA: 4:20 - loss: 0.5575 - acc: 0.6898
 7552/10370 [====================>.........] - ETA: 4:17 - loss: 0.5576 - acc: 0.6896
 7584/10370 [====================>.........] - ETA: 4:14 - loss: 0.5577 - acc: 0.6895
 7616/10370 [=====================>........] - ETA: 4:11 - loss: 0.5575 - acc: 0.6895
 7648/10370 [=====================>........] - ETA: 4:08 - loss: 0.5577 - acc: 0.6892
 7680/10370 [=====================>........] - ETA: 4:05 - loss: 0.5595 - acc: 0.6887
 7712/10370 [=====================>........] - ETA: 4:02 - loss: 0.5592 - acc: 0.6891
 7744/10370 [=====================>........] - ETA: 3:59 - loss: 0.5596 - acc: 0.6884
 7776/10370 [=====================>........] - ETA: 3:56 - loss: 0.5593 - acc: 0.6887
 7808/10370 [=====================>........] - ETA: 3:53 - loss: 0.5592 - acc: 0.6889
 7840/10370 [=====================>........] - ETA: 3:51 - loss: 0.5593 - acc: 0.6890
 7872/10370 [=====================>........] - ETA: 3:47 - loss: 0.5588 - acc: 0.6894
 7904/10370 [=====================>........] - ETA: 3:44 - loss: 0.5594 - acc: 0.6895
 7936/10370 [=====================>........] - ETA: 3:41 - loss: 0.5595 - acc: 0.6894
 7968/10370 [======================>.......] - ETA: 3:38 - loss: 0.5595 - acc: 0.6896
 8000/10370 [======================>.......] - ETA: 3:35 - loss: 0.5595 - acc: 0.6895
 8032/10370 [======================>.......] - ETA: 3:33 - loss: 0.5600 - acc: 0.6891
 8064/10370 [======================>.......] - ETA: 3:30 - loss: 0.5599 - acc: 0.6891
 8096/10370 [======================>.......] - ETA: 3:27 - loss: 0.5598 - acc: 0.6891
 8128/10370 [======================>.......] - ETA: 3:24 - loss: 0.5598 - acc: 0.6891
 8160/10370 [======================>.......] - ETA: 3:21 - loss: 0.5598 - acc: 0.6891
 8192/10370 [======================>.......] - ETA: 3:18 - loss: 0.5597 - acc: 0.6890
 8224/10370 [======================>.......] - ETA: 3:15 - loss: 0.5597 - acc: 0.6890
 8256/10370 [======================>.......] - ETA: 3:12 - loss: 0.5596 - acc: 0.6893
 8288/10370 [======================>.......] - ETA: 3:09 - loss: 0.5596 - acc: 0.6896
 8320/10370 [=======================>......] - ETA: 3:06 - loss: 0.5591 - acc: 0.6900
 8352/10370 [=======================>......] - ETA: 3:03 - loss: 0.5594 - acc: 0.6893
 8384/10370 [=======================>......] - ETA: 3:00 - loss: 0.5604 - acc: 0.6880
 8416/10370 [=======================>......] - ETA: 2:57 - loss: 0.5605 - acc: 0.6877
 8448/10370 [=======================>......] - ETA: 2:54 - loss: 0.5605 - acc: 0.6876
 8480/10370 [=======================>......] - ETA: 2:51 - loss: 0.5602 - acc: 0.6877
 8512/10370 [=======================>......] - ETA: 2:48 - loss: 0.5602 - acc: 0.6879
 8544/10370 [=======================>......] - ETA: 2:45 - loss: 0.5604 - acc: 0.6876
 8576/10370 [=======================>......] - ETA: 2:42 - loss: 0.5604 - acc: 0.6877
 8608/10370 [=======================>......] - ETA: 2:39 - loss: 0.5601 - acc: 0.6881
 8640/10370 [=======================>......] - ETA: 2:36 - loss: 0.5602 - acc: 0.6878
 8672/10370 [========================>.....] - ETA: 2:33 - loss: 0.5600 - acc: 0.6881
 8704/10370 [========================>.....] - ETA: 2:30 - loss: 0.5604 - acc: 0.6880
 8736/10370 [========================>.....] - ETA: 2:28 - loss: 0.5598 - acc: 0.6886
 8768/10370 [========================>.....] - ETA: 2:25 - loss: 0.5596 - acc: 0.6886
 8800/10370 [========================>.....] - ETA: 2:22 - loss: 0.5596 - acc: 0.6886
 8832/10370 [========================>.....] - ETA: 2:19 - loss: 0.5595 - acc: 0.6890
 8864/10370 [========================>.....] - ETA: 2:16 - loss: 0.5595 - acc: 0.6887
 8896/10370 [========================>.....] - ETA: 2:13 - loss: 0.5592 - acc: 0.6891
 8928/10370 [========================>.....] - ETA: 2:10 - loss: 0.5592 - acc: 0.6893
 8960/10370 [========================>.....] - ETA: 2:07 - loss: 0.5592 - acc: 0.6893
 8992/10370 [=========================>....] - ETA: 2:04 - loss: 0.5592 - acc: 0.6893
 9024/10370 [=========================>....] - ETA: 2:01 - loss: 0.5592 - acc: 0.6894
 9056/10370 [=========================>....] - ETA: 1:58 - loss: 0.5594 - acc: 0.6892
 9088/10370 [=========================>....] - ETA: 1:55 - loss: 0.5593 - acc: 0.6892
 9120/10370 [=========================>....] - ETA: 1:52 - loss: 0.5595 - acc: 0.6891
 9152/10370 [=========================>....] - ETA: 1:50 - loss: 0.5597 - acc: 0.6887
 9184/10370 [=========================>....] - ETA: 1:47 - loss: 0.5594 - acc: 0.6891
 9216/10370 [=========================>....] - ETA: 1:44 - loss: 0.5596 - acc: 0.6888
 9248/10370 [=========================>....] - ETA: 1:41 - loss: 0.5597 - acc: 0.6888
 9280/10370 [=========================>....] - ETA: 1:38 - loss: 0.5596 - acc: 0.6888
 9312/10370 [=========================>....] - ETA: 1:35 - loss: 0.5595 - acc: 0.6889
 9344/10370 [==========================>...] - ETA: 1:32 - loss: 0.5593 - acc: 0.6892
 9376/10370 [==========================>...] - ETA: 1:29 - loss: 0.5593 - acc: 0.6894
 9408/10370 [==========================>...] - ETA: 1:26 - loss: 0.5589 - acc: 0.6897
 9440/10370 [==========================>...] - ETA: 1:23 - loss: 0.5595 - acc: 0.6892
 9472/10370 [==========================>...] - ETA: 1:20 - loss: 0.5593 - acc: 0.6893
 9504/10370 [==========================>...] - ETA: 1:18 - loss: 0.5593 - acc: 0.6893
 9536/10370 [==========================>...] - ETA: 1:15 - loss: 0.5588 - acc: 0.6898
 9568/10370 [==========================>...] - ETA: 1:12 - loss: 0.5590 - acc: 0.6894
 9600/10370 [==========================>...] - ETA: 1:09 - loss: 0.5590 - acc: 0.6893
 9632/10370 [==========================>...] - ETA: 1:06 - loss: 0.5592 - acc: 0.6894
 9664/10370 [==========================>...] - ETA: 1:03 - loss: 0.5602 - acc: 0.6885
 9696/10370 [===========================>..] - ETA: 1:00 - loss: 0.5600 - acc: 0.6887
 9728/10370 [===========================>..] - ETA: 57s - loss: 0.5600 - acc: 0.6887 
 9760/10370 [===========================>..] - ETA: 54s - loss: 0.5604 - acc: 0.6885
 9792/10370 [===========================>..] - ETA: 51s - loss: 0.5601 - acc: 0.6887
 9824/10370 [===========================>..] - ETA: 49s - loss: 0.5604 - acc: 0.6882
 9856/10370 [===========================>..] - ETA: 46s - loss: 0.5602 - acc: 0.6885
 9888/10370 [===========================>..] - ETA: 43s - loss: 0.5601 - acc: 0.6886
 9920/10370 [===========================>..] - ETA: 40s - loss: 0.5600 - acc: 0.6884
 9952/10370 [===========================>..] - ETA: 37s - loss: 0.5604 - acc: 0.6880
 9984/10370 [===========================>..] - ETA: 34s - loss: 0.5603 - acc: 0.6879
10016/10370 [===========================>..] - ETA: 31s - loss: 0.5605 - acc: 0.6877
10048/10370 [============================>.] - ETA: 28s - loss: 0.5604 - acc: 0.6877
10080/10370 [============================>.] - ETA: 26s - loss: 0.5609 - acc: 0.6869
10112/10370 [============================>.] - ETA: 23s - loss: 0.5608 - acc: 0.6869
10144/10370 [============================>.] - ETA: 20s - loss: 0.5608 - acc: 0.6871
10176/10370 [============================>.] - ETA: 17s - loss: 0.5609 - acc: 0.6871
10208/10370 [============================>.] - ETA: 14s - loss: 0.5611 - acc: 0.6866
10240/10370 [============================>.] - ETA: 11s - loss: 0.5609 - acc: 0.6869
10272/10370 [============================>.] - ETA: 8s - loss: 0.5610 - acc: 0.6868 
10304/10370 [============================>.] - ETA: 5s - loss: 0.5608 - acc: 0.6872
10336/10370 [============================>.] - ETA: 3s - loss: 0.5606 - acc: 0.6874
10368/10370 [============================>.] - ETA: 0s - loss: 0.5606 - acc: 0.6876
10370/10370 [==============================] - 932s 90ms/step - loss: 0.5607 - acc: 0.6875
Saved model to disk
