nohup: ignoring input
这是组学数据： H3K4me1-ENCFF479WUX
这是组学数据： H3K4me3-ENCFF180MOQ
当此时的起始坐标大于之前的时，此时的终止坐标是否小于或等于之前的peak(true)：
chr1 144519948 144520361
当此时的起始坐标大于之前的时，此时的终止坐标是否大于之前的peak(true)：
chr1 144519948 144520361
当此时的起始坐标大于之前的时，此时的终止坐标是否小于或等于之前的peak(true)：
chr1 144928838 144929183
当此时的起始坐标大于之前的时，此时的终止坐标是否大于之前的peak(true)：
chr1 144928838 144929183
当此时的起始坐标大于之前的时，此时的终止坐标是否小于或等于之前的peak(true)：
chr1 149684173 149684709
当此时的起始坐标大于之前的时，此时的终止坐标是否大于之前的peak(true)：
chr1 149684173 149684709
当此时的起始坐标大于之前的时，此时的终止坐标是否小于或等于之前的peak(true)：
chr2 114342263 114342501
当此时的起始坐标大于之前的时，此时的终止坐标是否大于之前的peak(true)：
chr2 114342263 114342501
当此时的起始坐标大于之前的时，此时的终止坐标是否小于或等于之前的peak(true)：
chr2 133105088 133105347
当此时的起始坐标大于之前的时，此时的终止坐标是否大于之前的peak(true)：
chr2 133105088 133105347
这是组学数据： H3K9me3-ENCFF180RTK
这是组学数据： H3K27ac-ENCFF011IHJ
当此时的起始坐标大于之前的时，此时的终止坐标是否小于或等于之前的peak(true)：
chr1 144519947 144520316
当此时的起始坐标大于之前的时，此时的终止坐标是否大于之前的peak(true)：
chr1 144519947 144520316
当此时的起始坐标大于之前的时，此时的终止坐标是否小于或等于之前的peak(true)：
chr1 144932029 144932537
当此时的起始坐标大于之前的时，此时的终止坐标是否大于之前的peak(true)：
chr1 144932029 144932537
当此时的起始坐标大于之前的时，此时的终止坐标是否小于或等于之前的peak(true)：
chr1 145209065 145209544
当此时的起始坐标大于之前的时，此时的终止坐标是否大于之前的peak(true)：
chr1 145209065 145209544
当此时的起始坐标大于之前的时，此时的终止坐标是否小于或等于之前的peak(true)：
chr10 46913629 46913930
当此时的起始坐标大于之前的时，此时的终止坐标是否大于之前的peak(true)：
chr10 46913629 46913930
当此时的起始坐标大于之前的时，此时的终止坐标是否小于或等于之前的peak(true)：
chr9 42251239 42251595
当此时的起始坐标大于之前的时，此时的终止坐标是否大于之前的peak(true)：
chr9 42251239 42251595
这是组学数据： H3K36me3-ENCFF769ZRI
