nohup: ignoring input
Using TensorFlow backend.
/home/lyli/miniconda3/envs/SeqPose/lib/python3.7/site-packages/tensorflow/python/framework/dtypes.py:516: FutureWarning: Passing (type, 1) or '1type' as a synonym of type is deprecated; in a future version of numpy, it will be understood as (type, (1,)) / '(1,)type'.
  _np_qint8 = np.dtype([("qint8", np.int8, 1)])
/home/lyli/miniconda3/envs/SeqPose/lib/python3.7/site-packages/tensorflow/python/framework/dtypes.py:517: FutureWarning: Passing (type, 1) or '1type' as a synonym of type is deprecated; in a future version of numpy, it will be understood as (type, (1,)) / '(1,)type'.
  _np_quint8 = np.dtype([("quint8", np.uint8, 1)])
/home/lyli/miniconda3/envs/SeqPose/lib/python3.7/site-packages/tensorflow/python/framework/dtypes.py:518: FutureWarning: Passing (type, 1) or '1type' as a synonym of type is deprecated; in a future version of numpy, it will be understood as (type, (1,)) / '(1,)type'.
  _np_qint16 = np.dtype([("qint16", np.int16, 1)])
/home/lyli/miniconda3/envs/SeqPose/lib/python3.7/site-packages/tensorflow/python/framework/dtypes.py:519: FutureWarning: Passing (type, 1) or '1type' as a synonym of type is deprecated; in a future version of numpy, it will be understood as (type, (1,)) / '(1,)type'.
  _np_quint16 = np.dtype([("quint16", np.uint16, 1)])
/home/lyli/miniconda3/envs/SeqPose/lib/python3.7/site-packages/tensorflow/python/framework/dtypes.py:520: FutureWarning: Passing (type, 1) or '1type' as a synonym of type is deprecated; in a future version of numpy, it will be understood as (type, (1,)) / '(1,)type'.
  _np_qint32 = np.dtype([("qint32", np.int32, 1)])
/home/lyli/miniconda3/envs/SeqPose/lib/python3.7/site-packages/tensorflow/python/framework/dtypes.py:525: FutureWarning: Passing (type, 1) or '1type' as a synonym of type is deprecated; in a future version of numpy, it will be understood as (type, (1,)) / '(1,)type'.
  np_resource = np.dtype([("resource", np.ubyte, 1)])
/home/lyli/miniconda3/envs/SeqPose/lib/python3.7/site-packages/tensorboard/compat/tensorflow_stub/dtypes.py:541: FutureWarning: Passing (type, 1) or '1type' as a synonym of type is deprecated; in a future version of numpy, it will be understood as (type, (1,)) / '(1,)type'.
  _np_qint8 = np.dtype([("qint8", np.int8, 1)])
/home/lyli/miniconda3/envs/SeqPose/lib/python3.7/site-packages/tensorboard/compat/tensorflow_stub/dtypes.py:542: FutureWarning: Passing (type, 1) or '1type' as a synonym of type is deprecated; in a future version of numpy, it will be understood as (type, (1,)) / '(1,)type'.
  _np_quint8 = np.dtype([("quint8", np.uint8, 1)])
/home/lyli/miniconda3/envs/SeqPose/lib/python3.7/site-packages/tensorboard/compat/tensorflow_stub/dtypes.py:543: FutureWarning: Passing (type, 1) or '1type' as a synonym of type is deprecated; in a future version of numpy, it will be understood as (type, (1,)) / '(1,)type'.
  _np_qint16 = np.dtype([("qint16", np.int16, 1)])
/home/lyli/miniconda3/envs/SeqPose/lib/python3.7/site-packages/tensorboard/compat/tensorflow_stub/dtypes.py:544: FutureWarning: Passing (type, 1) or '1type' as a synonym of type is deprecated; in a future version of numpy, it will be understood as (type, (1,)) / '(1,)type'.
  _np_quint16 = np.dtype([("quint16", np.uint16, 1)])
/home/lyli/miniconda3/envs/SeqPose/lib/python3.7/site-packages/tensorboard/compat/tensorflow_stub/dtypes.py:545: FutureWarning: Passing (type, 1) or '1type' as a synonym of type is deprecated; in a future version of numpy, it will be understood as (type, (1,)) / '(1,)type'.
  _np_qint32 = np.dtype([("qint32", np.int32, 1)])
/home/lyli/miniconda3/envs/SeqPose/lib/python3.7/site-packages/tensorboard/compat/tensorflow_stub/dtypes.py:550: FutureWarning: Passing (type, 1) or '1type' as a synonym of type is deprecated; in a future version of numpy, it will be understood as (type, (1,)) / '(1,)type'.
  np_resource = np.dtype([("resource", np.ubyte, 1)])
WARNING:tensorflow:From /home/lyli/miniconda3/envs/SeqPose/lib/python3.7/site-packages/keras/backend/tensorflow_backend.py:66: The name tf.get_default_graph is deprecated. Please use tf.compat.v1.get_default_graph instead.

WARNING:tensorflow:From /home/lyli/miniconda3/envs/SeqPose/lib/python3.7/site-packages/keras/backend/tensorflow_backend.py:541: The name tf.placeholder is deprecated. Please use tf.compat.v1.placeholder instead.

WARNING:tensorflow:From /home/lyli/miniconda3/envs/SeqPose/lib/python3.7/site-packages/keras/backend/tensorflow_backend.py:4432: The name tf.random_uniform is deprecated. Please use tf.random.uniform instead.

WARNING:tensorflow:From /home/lyli/miniconda3/envs/SeqPose/lib/python3.7/site-packages/keras/backend/tensorflow_backend.py:148: The name tf.placeholder_with_default is deprecated. Please use tf.compat.v1.placeholder_with_default instead.

WARNING:tensorflow:From /home/lyli/miniconda3/envs/SeqPose/lib/python3.7/site-packages/keras/backend/tensorflow_backend.py:3733: calling dropout (from tensorflow.python.ops.nn_ops) with keep_prob is deprecated and will be removed in a future version.
Instructions for updating:
Please use `rate` instead of `keep_prob`. Rate should be set to `rate = 1 - keep_prob`.
drop_2格式
(?, 128)
(?, 4)
omics_dense4格式
02model_train.py:75: UserWarning: Update your `Model` call to the Keras 2 API: `Model(inputs=[<tf.Tenso..., outputs=[<tf.Tenso...)`
  model = Model(input=[inputs_seq1, inputs_omics], output=[pred_output])
WARNING:tensorflow:From /home/lyli/miniconda3/envs/SeqPose/lib/python3.7/site-packages/keras/optimizers.py:793: The name tf.train.Optimizer is deprecated. Please use tf.compat.v1.train.Optimizer instead.

WARNING:tensorflow:From /home/lyli/miniconda3/envs/SeqPose/lib/python3.7/site-packages/keras/backend/tensorflow_backend.py:3657: The name tf.log is deprecated. Please use tf.math.log instead.

WARNING:tensorflow:From /home/lyli/miniconda3/envs/SeqPose/lib/python3.7/site-packages/tensorflow/python/ops/nn_impl.py:180: add_dispatch_support.<locals>.wrapper (from tensorflow.python.ops.array_ops) is deprecated and will be removed in a future version.
Instructions for updating:
Use tf.where in 2.0, which has the same broadcast rule as np.where
Fitting first model...
Epoch 1/10
2022-12-07 17:57:16.257255: I tensorflow/core/platform/cpu_feature_guard.cc:142] Your CPU supports instructions that this TensorFlow binary was not compiled to use: SSE4.1 SSE4.2 AVX AVX2 AVX512F FMA
2022-12-07 17:57:16.307387: I tensorflow/core/platform/profile_utils/cpu_utils.cc:94] CPU Frequency: 2400000000 Hz
2022-12-07 17:57:16.346294: I tensorflow/compiler/xla/service/service.cc:168] XLA service 0x55e4691d3ad0 executing computations on platform Host. Devices:
2022-12-07 17:57:16.346406: I tensorflow/compiler/xla/service/service.cc:175]   StreamExecutor device (0): <undefined>, <undefined>
2022-12-07 17:57:17.165979: W tensorflow/compiler/jit/mark_for_compilation_pass.cc:1412] (One-time warning): Not using XLA:CPU for cluster because envvar TF_XLA_FLAGS=--tf_xla_cpu_global_jit was not set.  If you want XLA:CPU, either set that envvar, or use experimental_jit_scope to enable XLA:CPU.  To confirm that XLA is active, pass --vmodule=xla_compilation_cache=1 (as a proper command-line flag, not via TF_XLA_FLAGS) or set the envvar XLA_FLAGS=--xla_hlo_profile.

  64/6308 [..............................] - ETA: 12:15 - loss: 0.6695 - acc: 0.5781
 128/6308 [..............................] - ETA: 8:33 - loss: 0.6889 - acc: 0.5859 
 192/6308 [..............................] - ETA: 7:12 - loss: 0.6596 - acc: 0.6198
 256/6308 [>.............................] - ETA: 6:27 - loss: 0.6836 - acc: 0.6055
 320/6308 [>.............................] - ETA: 5:59 - loss: 0.6656 - acc: 0.6281
 384/6308 [>.............................] - ETA: 5:47 - loss: 0.6627 - acc: 0.6250
 448/6308 [=>............................] - ETA: 5:46 - loss: 0.6558 - acc: 0.6362
 512/6308 [=>............................] - ETA: 5:35 - loss: 0.6585 - acc: 0.6250
 576/6308 [=>............................] - ETA: 5:26 - loss: 0.6547 - acc: 0.6250
 640/6308 [==>...........................] - ETA: 5:18 - loss: 0.6535 - acc: 0.6266
 704/6308 [==>...........................] - ETA: 5:11 - loss: 0.6552 - acc: 0.6293
 768/6308 [==>...........................] - ETA: 5:05 - loss: 0.6599 - acc: 0.6159
 832/6308 [==>...........................] - ETA: 5:05 - loss: 0.6579 - acc: 0.6154
 896/6308 [===>..........................] - ETA: 5:01 - loss: 0.6537 - acc: 0.6194
 960/6308 [===>..........................] - ETA: 5:00 - loss: 0.6540 - acc: 0.6125
1024/6308 [===>..........................] - ETA: 5:01 - loss: 0.6531 - acc: 0.6172
1088/6308 [====>.........................] - ETA: 5:02 - loss: 0.6479 - acc: 0.6241
1152/6308 [====>.........................] - ETA: 5:11 - loss: 0.6468 - acc: 0.6233
1216/6308 [====>.........................] - ETA: 5:18 - loss: 0.6449 - acc: 0.6250
1280/6308 [=====>........................] - ETA: 5:24 - loss: 0.6488 - acc: 0.6234
1344/6308 [=====>........................] - ETA: 5:32 - loss: 0.6476 - acc: 0.6228
1408/6308 [=====>........................] - ETA: 5:40 - loss: 0.6457 - acc: 0.6257
1472/6308 [======>.......................] - ETA: 6:01 - loss: 0.6445 - acc: 0.6277
1536/6308 [======>.......................] - ETA: 5:58 - loss: 0.6425 - acc: 0.6283
1600/6308 [======>.......................] - ETA: 6:01 - loss: 0.6430 - acc: 0.6231
1664/6308 [======>.......................] - ETA: 6:02 - loss: 0.6419 - acc: 0.6250
1728/6308 [=======>......................] - ETA: 6:04 - loss: 0.6419 - acc: 0.6244
1792/6308 [=======>......................] - ETA: 5:59 - loss: 0.6421 - acc: 0.6239
1856/6308 [=======>......................] - ETA: 5:53 - loss: 0.6416 - acc: 0.6223
1920/6308 [========>.....................] - ETA: 5:47 - loss: 0.6391 - acc: 0.6260
1984/6308 [========>.....................] - ETA: 5:42 - loss: 0.6373 - acc: 0.6300
2048/6308 [========>.....................] - ETA: 5:41 - loss: 0.6379 - acc: 0.6289
2112/6308 [=========>....................] - ETA: 5:41 - loss: 0.6363 - acc: 0.6316
2176/6308 [=========>....................] - ETA: 5:41 - loss: 0.6356 - acc: 0.6310
2240/6308 [=========>....................] - ETA: 5:37 - loss: 0.6339 - acc: 0.6330
2304/6308 [=========>....................] - ETA: 5:30 - loss: 0.6327 - acc: 0.6337
2368/6308 [==========>...................] - ETA: 5:25 - loss: 0.6324 - acc: 0.6330
2432/6308 [==========>...................] - ETA: 5:18 - loss: 0.6308 - acc: 0.6345
2496/6308 [==========>...................] - ETA: 5:11 - loss: 0.6294 - acc: 0.6358
2560/6308 [===========>..................] - ETA: 5:03 - loss: 0.6280 - acc: 0.6383
2624/6308 [===========>..................] - ETA: 4:57 - loss: 0.6286 - acc: 0.6376
2688/6308 [===========>..................] - ETA: 4:50 - loss: 0.6286 - acc: 0.6380
2752/6308 [============>.................] - ETA: 4:44 - loss: 0.6264 - acc: 0.6410
2816/6308 [============>.................] - ETA: 4:37 - loss: 0.6247 - acc: 0.6428
2880/6308 [============>.................] - ETA: 4:30 - loss: 0.6247 - acc: 0.6417
2944/6308 [=============>................] - ETA: 4:24 - loss: 0.6241 - acc: 0.6416
3008/6308 [=============>................] - ETA: 4:17 - loss: 0.6231 - acc: 0.6423
3072/6308 [=============>................] - ETA: 4:12 - loss: 0.6215 - acc: 0.6439
3136/6308 [=============>................] - ETA: 4:05 - loss: 0.6215 - acc: 0.6425
3200/6308 [==============>...............] - ETA: 3:59 - loss: 0.6204 - acc: 0.6431
3264/6308 [==============>...............] - ETA: 3:54 - loss: 0.6199 - acc: 0.6437
3328/6308 [==============>...............] - ETA: 3:48 - loss: 0.6196 - acc: 0.6427
3392/6308 [===============>..............] - ETA: 3:42 - loss: 0.6191 - acc: 0.6433
3456/6308 [===============>..............] - ETA: 3:37 - loss: 0.6185 - acc: 0.6438
3520/6308 [===============>..............] - ETA: 3:31 - loss: 0.6181 - acc: 0.6438
3584/6308 [================>.............] - ETA: 3:27 - loss: 0.6172 - acc: 0.6445
3648/6308 [================>.............] - ETA: 3:21 - loss: 0.6158 - acc: 0.6469
3712/6308 [================>.............] - ETA: 3:15 - loss: 0.6152 - acc: 0.6468
3776/6308 [================>.............] - ETA: 3:10 - loss: 0.6149 - acc: 0.6465
3840/6308 [=================>............] - ETA: 3:04 - loss: 0.6140 - acc: 0.6479
3904/6308 [=================>............] - ETA: 2:59 - loss: 0.6131 - acc: 0.6488
3968/6308 [=================>............] - ETA: 2:54 - loss: 0.6131 - acc: 0.6482
4032/6308 [==================>...........] - ETA: 2:49 - loss: 0.6129 - acc: 0.6505
4096/6308 [==================>...........] - ETA: 2:44 - loss: 0.6115 - acc: 0.6521
4160/6308 [==================>...........] - ETA: 2:39 - loss: 0.6119 - acc: 0.6519
4224/6308 [===================>..........] - ETA: 2:33 - loss: 0.6117 - acc: 0.6513
4288/6308 [===================>..........] - ETA: 2:28 - loss: 0.6115 - acc: 0.6511
4352/6308 [===================>..........] - ETA: 2:23 - loss: 0.6109 - acc: 0.6517
4416/6308 [====================>.........] - ETA: 2:18 - loss: 0.6106 - acc: 0.6517
4480/6308 [====================>.........] - ETA: 2:13 - loss: 0.6107 - acc: 0.6509
4544/6308 [====================>.........] - ETA: 2:08 - loss: 0.6112 - acc: 0.6503
4608/6308 [====================>.........] - ETA: 2:03 - loss: 0.6102 - acc: 0.6510
4672/6308 [=====================>........] - ETA: 1:58 - loss: 0.6109 - acc: 0.6503
4736/6308 [=====================>........] - ETA: 1:53 - loss: 0.6104 - acc: 0.6505
4800/6308 [=====================>........] - ETA: 1:48 - loss: 0.6099 - acc: 0.6510
4864/6308 [======================>.......] - ETA: 1:43 - loss: 0.6095 - acc: 0.6513
4928/6308 [======================>.......] - ETA: 1:39 - loss: 0.6095 - acc: 0.6510
4992/6308 [======================>.......] - ETA: 1:34 - loss: 0.6083 - acc: 0.6528
5056/6308 [=======================>......] - ETA: 1:29 - loss: 0.6082 - acc: 0.6527
5120/6308 [=======================>......] - ETA: 1:24 - loss: 0.6086 - acc: 0.6520
5184/6308 [=======================>......] - ETA: 1:20 - loss: 0.6084 - acc: 0.6526
5248/6308 [=======================>......] - ETA: 1:15 - loss: 0.6079 - acc: 0.6538
5312/6308 [========================>.....] - ETA: 1:10 - loss: 0.6075 - acc: 0.6542
5376/6308 [========================>.....] - ETA: 1:06 - loss: 0.6067 - acc: 0.6549
5440/6308 [========================>.....] - ETA: 1:01 - loss: 0.6067 - acc: 0.6550
5504/6308 [=========================>....] - ETA: 57s - loss: 0.6071 - acc: 0.6541 
5568/6308 [=========================>....] - ETA: 52s - loss: 0.6069 - acc: 0.6537
5632/6308 [=========================>....] - ETA: 47s - loss: 0.6059 - acc: 0.6554
5696/6308 [==========================>...] - ETA: 43s - loss: 0.6057 - acc: 0.6554
5760/6308 [==========================>...] - ETA: 38s - loss: 0.6052 - acc: 0.6556
5824/6308 [==========================>...] - ETA: 34s - loss: 0.6047 - acc: 0.6564
5888/6308 [===========================>..] - ETA: 29s - loss: 0.6043 - acc: 0.6568
5952/6308 [===========================>..] - ETA: 25s - loss: 0.6037 - acc: 0.6583
6016/6308 [===========================>..] - ETA: 20s - loss: 0.6029 - acc: 0.6594
6080/6308 [===========================>..] - ETA: 16s - loss: 0.6023 - acc: 0.6607
6144/6308 [============================>.] - ETA: 11s - loss: 0.6023 - acc: 0.6610
6208/6308 [============================>.] - ETA: 7s - loss: 0.6020 - acc: 0.6609 
6272/6308 [============================>.] - ETA: 2s - loss: 0.6019 - acc: 0.6606
6308/6308 [==============================] - 442s 70ms/step - loss: 0.6025 - acc: 0.6600
Epoch 2/10

  64/6308 [..............................] - ETA: 7:30 - loss: 0.6484 - acc: 0.5781
 128/6308 [..............................] - ETA: 7:04 - loss: 0.6100 - acc: 0.6172
 192/6308 [..............................] - ETA: 6:41 - loss: 0.5864 - acc: 0.6510
 256/6308 [>.............................] - ETA: 6:30 - loss: 0.5771 - acc: 0.6641
 320/6308 [>.............................] - ETA: 6:31 - loss: 0.5802 - acc: 0.6594
 384/6308 [>.............................] - ETA: 6:22 - loss: 0.5859 - acc: 0.6562
 448/6308 [=>............................] - ETA: 6:14 - loss: 0.5881 - acc: 0.6540
 512/6308 [=>............................] - ETA: 6:09 - loss: 0.5813 - acc: 0.6641
 576/6308 [=>............................] - ETA: 6:03 - loss: 0.5777 - acc: 0.6684
 640/6308 [==>...........................] - ETA: 5:58 - loss: 0.5797 - acc: 0.6672
 704/6308 [==>...........................] - ETA: 5:53 - loss: 0.5747 - acc: 0.6776
 768/6308 [==>...........................] - ETA: 5:52 - loss: 0.5755 - acc: 0.6771
 832/6308 [==>...........................] - ETA: 5:50 - loss: 0.5748 - acc: 0.6815
 896/6308 [===>..........................] - ETA: 5:46 - loss: 0.5755 - acc: 0.6808
 960/6308 [===>..........................] - ETA: 5:42 - loss: 0.5734 - acc: 0.6833
1024/6308 [===>..........................] - ETA: 5:41 - loss: 0.5752 - acc: 0.6807
1088/6308 [====>.........................] - ETA: 5:33 - loss: 0.5750 - acc: 0.6801
1152/6308 [====>.........................] - ETA: 5:29 - loss: 0.5734 - acc: 0.6806
1216/6308 [====>.........................] - ETA: 5:23 - loss: 0.5715 - acc: 0.6834
1280/6308 [=====>........................] - ETA: 5:19 - loss: 0.5704 - acc: 0.6844
1344/6308 [=====>........................] - ETA: 5:16 - loss: 0.5720 - acc: 0.6823
1408/6308 [=====>........................] - ETA: 5:12 - loss: 0.5742 - acc: 0.6797
1472/6308 [======>.......................] - ETA: 5:08 - loss: 0.5737 - acc: 0.6787
1536/6308 [======>.......................] - ETA: 5:06 - loss: 0.5727 - acc: 0.6797
1600/6308 [======>.......................] - ETA: 5:02 - loss: 0.5742 - acc: 0.6769
1664/6308 [======>.......................] - ETA: 4:59 - loss: 0.5740 - acc: 0.6767
1728/6308 [=======>......................] - ETA: 4:55 - loss: 0.5731 - acc: 0.6777
1792/6308 [=======>......................] - ETA: 4:50 - loss: 0.5722 - acc: 0.6797
1856/6308 [=======>......................] - ETA: 4:46 - loss: 0.5740 - acc: 0.6751
1920/6308 [========>.....................] - ETA: 4:42 - loss: 0.5757 - acc: 0.6734
1984/6308 [========>.....................] - ETA: 4:39 - loss: 0.5762 - acc: 0.6734
2048/6308 [========>.....................] - ETA: 4:36 - loss: 0.5751 - acc: 0.6743
2112/6308 [=========>....................] - ETA: 4:33 - loss: 0.5758 - acc: 0.6738
2176/6308 [=========>....................] - ETA: 4:28 - loss: 0.5760 - acc: 0.6728
2240/6308 [=========>....................] - ETA: 4:24 - loss: 0.5750 - acc: 0.6746
2304/6308 [=========>....................] - ETA: 4:19 - loss: 0.5763 - acc: 0.6745
2368/6308 [==========>...................] - ETA: 4:15 - loss: 0.5761 - acc: 0.6740
2432/6308 [==========>...................] - ETA: 4:10 - loss: 0.5755 - acc: 0.6764
2496/6308 [==========>...................] - ETA: 4:06 - loss: 0.5757 - acc: 0.6775
2560/6308 [===========>..................] - ETA: 4:02 - loss: 0.5749 - acc: 0.6785
2624/6308 [===========>..................] - ETA: 3:57 - loss: 0.5745 - acc: 0.6799
2688/6308 [===========>..................] - ETA: 3:53 - loss: 0.5730 - acc: 0.6815
2752/6308 [============>.................] - ETA: 3:48 - loss: 0.5733 - acc: 0.6810
2816/6308 [============>.................] - ETA: 3:47 - loss: 0.5730 - acc: 0.6811
2880/6308 [============>.................] - ETA: 3:44 - loss: 0.5734 - acc: 0.6813
2944/6308 [=============>................] - ETA: 3:39 - loss: 0.5728 - acc: 0.6821
3008/6308 [=============>................] - ETA: 3:34 - loss: 0.5723 - acc: 0.6825
3072/6308 [=============>................] - ETA: 3:30 - loss: 0.5711 - acc: 0.6839
3136/6308 [=============>................] - ETA: 3:25 - loss: 0.5695 - acc: 0.6859
3200/6308 [==============>...............] - ETA: 3:21 - loss: 0.5714 - acc: 0.6834
3264/6308 [==============>...............] - ETA: 3:16 - loss: 0.5714 - acc: 0.6832
3328/6308 [==============>...............] - ETA: 3:11 - loss: 0.5738 - acc: 0.6806
3392/6308 [===============>..............] - ETA: 3:06 - loss: 0.5734 - acc: 0.6822
3456/6308 [===============>..............] - ETA: 3:02 - loss: 0.5722 - acc: 0.6837
3520/6308 [===============>..............] - ETA: 2:58 - loss: 0.5720 - acc: 0.6832
3584/6308 [================>.............] - ETA: 2:54 - loss: 0.5712 - acc: 0.6842
3648/6308 [================>.............] - ETA: 2:49 - loss: 0.5724 - acc: 0.6831
3712/6308 [================>.............] - ETA: 2:45 - loss: 0.5709 - acc: 0.6853
3776/6308 [================>.............] - ETA: 2:41 - loss: 0.5711 - acc: 0.6849
3840/6308 [=================>............] - ETA: 2:36 - loss: 0.5707 - acc: 0.6852
3904/6308 [=================>............] - ETA: 2:32 - loss: 0.5700 - acc: 0.6867
3968/6308 [=================>............] - ETA: 2:28 - loss: 0.5701 - acc: 0.6865
4032/6308 [==================>...........] - ETA: 2:24 - loss: 0.5695 - acc: 0.6870
4096/6308 [==================>...........] - ETA: 2:20 - loss: 0.5701 - acc: 0.6858
4160/6308 [==================>...........] - ETA: 2:16 - loss: 0.5707 - acc: 0.6851
4224/6308 [===================>..........] - ETA: 2:11 - loss: 0.5695 - acc: 0.6866
4288/6308 [===================>..........] - ETA: 2:07 - loss: 0.5686 - acc: 0.6868
4352/6308 [===================>..........] - ETA: 2:03 - loss: 0.5689 - acc: 0.6861
4416/6308 [====================>.........] - ETA: 1:59 - loss: 0.5683 - acc: 0.6866
4480/6308 [====================>.........] - ETA: 1:55 - loss: 0.5678 - acc: 0.6864
4544/6308 [====================>.........] - ETA: 1:51 - loss: 0.5675 - acc: 0.6868
4608/6308 [====================>.........] - ETA: 1:47 - loss: 0.5668 - acc: 0.6879
4672/6308 [=====================>........] - ETA: 1:42 - loss: 0.5666 - acc: 0.6879
4736/6308 [=====================>........] - ETA: 1:38 - loss: 0.5668 - acc: 0.6875
4800/6308 [=====================>........] - ETA: 1:34 - loss: 0.5667 - acc: 0.6873
4864/6308 [======================>.......] - ETA: 1:30 - loss: 0.5662 - acc: 0.6877
4928/6308 [======================>.......] - ETA: 1:26 - loss: 0.5662 - acc: 0.6873
4992/6308 [======================>.......] - ETA: 1:22 - loss: 0.5667 - acc: 0.6873
5056/6308 [=======================>......] - ETA: 1:18 - loss: 0.5669 - acc: 0.6861
5120/6308 [=======================>......] - ETA: 1:14 - loss: 0.5664 - acc: 0.6863
5184/6308 [=======================>......] - ETA: 1:10 - loss: 0.5664 - acc: 0.6865
5248/6308 [=======================>......] - ETA: 1:06 - loss: 0.5671 - acc: 0.6856
5312/6308 [========================>.....] - ETA: 1:02 - loss: 0.5670 - acc: 0.6860
5376/6308 [========================>.....] - ETA: 58s - loss: 0.5668 - acc: 0.6864 
5440/6308 [========================>.....] - ETA: 54s - loss: 0.5668 - acc: 0.6860
5504/6308 [=========================>....] - ETA: 50s - loss: 0.5666 - acc: 0.6864
5568/6308 [=========================>....] - ETA: 46s - loss: 0.5659 - acc: 0.6871
5632/6308 [=========================>....] - ETA: 42s - loss: 0.5659 - acc: 0.6871
5696/6308 [==========================>...] - ETA: 38s - loss: 0.5654 - acc: 0.6875
5760/6308 [==========================>...] - ETA: 34s - loss: 0.5658 - acc: 0.6868
5824/6308 [==========================>...] - ETA: 30s - loss: 0.5655 - acc: 0.6868
5888/6308 [===========================>..] - ETA: 26s - loss: 0.5654 - acc: 0.6865
5952/6308 [===========================>..] - ETA: 22s - loss: 0.5646 - acc: 0.6872
6016/6308 [===========================>..] - ETA: 18s - loss: 0.5648 - acc: 0.6865
6080/6308 [===========================>..] - ETA: 14s - loss: 0.5650 - acc: 0.6857
6144/6308 [============================>.] - ETA: 10s - loss: 0.5648 - acc: 0.6859
6208/6308 [============================>.] - ETA: 6s - loss: 0.5646 - acc: 0.6867 
6272/6308 [============================>.] - ETA: 2s - loss: 0.5647 - acc: 0.6864
6308/6308 [==============================] - 395s 63ms/step - loss: 0.5647 - acc: 0.6864
Epoch 3/10

  64/6308 [..............................] - ETA: 7:14 - loss: 0.5355 - acc: 0.7969
 128/6308 [..............................] - ETA: 6:43 - loss: 0.5842 - acc: 0.7109
 192/6308 [..............................] - ETA: 6:26 - loss: 0.5880 - acc: 0.6823
 256/6308 [>.............................] - ETA: 6:30 - loss: 0.5790 - acc: 0.6836
 320/6308 [>.............................] - ETA: 6:26 - loss: 0.5678 - acc: 0.6969
 384/6308 [>.............................] - ETA: 6:22 - loss: 0.5680 - acc: 0.6901
 448/6308 [=>............................] - ETA: 6:11 - loss: 0.5583 - acc: 0.7009
 512/6308 [=>............................] - ETA: 6:16 - loss: 0.5583 - acc: 0.6953
 576/6308 [=>............................] - ETA: 6:46 - loss: 0.5620 - acc: 0.6910
 640/6308 [==>...........................] - ETA: 7:14 - loss: 0.5593 - acc: 0.6953
 704/6308 [==>...........................] - ETA: 7:27 - loss: 0.5561 - acc: 0.6989
 768/6308 [==>...........................] - ETA: 7:39 - loss: 0.5528 - acc: 0.7031
 832/6308 [==>...........................] - ETA: 7:47 - loss: 0.5534 - acc: 0.7007
 896/6308 [===>..........................] - ETA: 7:55 - loss: 0.5568 - acc: 0.6953
 960/6308 [===>..........................] - ETA: 8:01 - loss: 0.5583 - acc: 0.6896
1024/6308 [===>..........................] - ETA: 8:02 - loss: 0.5563 - acc: 0.6934
1088/6308 [====>.........................] - ETA: 8:04 - loss: 0.5569 - acc: 0.6939
1152/6308 [====>.........................] - ETA: 8:05 - loss: 0.5566 - acc: 0.6927
1216/6308 [====>.........................] - ETA: 7:58 - loss: 0.5588 - acc: 0.6891
1280/6308 [=====>........................] - ETA: 7:53 - loss: 0.5573 - acc: 0.6891
1344/6308 [=====>........................] - ETA: 7:52 - loss: 0.5541 - acc: 0.6920
1408/6308 [=====>........................] - ETA: 7:52 - loss: 0.5559 - acc: 0.6903
1472/6308 [======>.......................] - ETA: 7:52 - loss: 0.5546 - acc: 0.6936
1536/6308 [======>.......................] - ETA: 7:52 - loss: 0.5558 - acc: 0.6934
1600/6308 [======>.......................] - ETA: 7:46 - loss: 0.5547 - acc: 0.6925
1664/6308 [======>.......................] - ETA: 7:44 - loss: 0.5534 - acc: 0.6947
1728/6308 [=======>......................] - ETA: 7:41 - loss: 0.5535 - acc: 0.6939
1792/6308 [=======>......................] - ETA: 7:37 - loss: 0.5545 - acc: 0.6925
1856/6308 [=======>......................] - ETA: 7:33 - loss: 0.5558 - acc: 0.6913
1920/6308 [========>.....................] - ETA: 7:24 - loss: 0.5565 - acc: 0.6901
1984/6308 [========>.....................] - ETA: 7:20 - loss: 0.5577 - acc: 0.6900
2048/6308 [========>.....................] - ETA: 7:16 - loss: 0.5582 - acc: 0.6880
2112/6308 [=========>....................] - ETA: 7:10 - loss: 0.5577 - acc: 0.6894
2176/6308 [=========>....................] - ETA: 7:04 - loss: 0.5576 - acc: 0.6884
2240/6308 [=========>....................] - ETA: 6:58 - loss: 0.5569 - acc: 0.6884
2304/6308 [=========>....................] - ETA: 6:54 - loss: 0.5567 - acc: 0.6892
2368/6308 [==========>...................] - ETA: 6:49 - loss: 0.5536 - acc: 0.6921
2432/6308 [==========>...................] - ETA: 6:44 - loss: 0.5553 - acc: 0.6896
2496/6308 [==========>...................] - ETA: 6:39 - loss: 0.5560 - acc: 0.6875
2560/6308 [===========>..................] - ETA: 6:33 - loss: 0.5560 - acc: 0.6879
2624/6308 [===========>..................] - ETA: 6:27 - loss: 0.5559 - acc: 0.6875
2688/6308 [===========>..................] - ETA: 6:22 - loss: 0.5564 - acc: 0.6853
2752/6308 [============>.................] - ETA: 6:16 - loss: 0.5563 - acc: 0.6846
2816/6308 [============>.................] - ETA: 6:07 - loss: 0.5562 - acc: 0.6843
2880/6308 [============>.................] - ETA: 5:59 - loss: 0.5561 - acc: 0.6837
2944/6308 [=============>................] - ETA: 5:52 - loss: 0.5557 - acc: 0.6841
3008/6308 [=============>................] - ETA: 5:45 - loss: 0.5558 - acc: 0.6845
3072/6308 [=============>................] - ETA: 5:37 - loss: 0.5562 - acc: 0.6839
3136/6308 [=============>................] - ETA: 5:29 - loss: 0.5550 - acc: 0.6853
3200/6308 [==============>...............] - ETA: 5:22 - loss: 0.5530 - acc: 0.6878
3264/6308 [==============>...............] - ETA: 5:15 - loss: 0.5527 - acc: 0.6887
3328/6308 [==============>...............] - ETA: 5:08 - loss: 0.5519 - acc: 0.6893
3392/6308 [===============>..............] - ETA: 5:02 - loss: 0.5515 - acc: 0.6896
3456/6308 [===============>..............] - ETA: 4:55 - loss: 0.5511 - acc: 0.6895
3520/6308 [===============>..............] - ETA: 4:48 - loss: 0.5519 - acc: 0.6875
3584/6308 [================>.............] - ETA: 4:42 - loss: 0.5515 - acc: 0.6883
3648/6308 [================>.............] - ETA: 4:36 - loss: 0.5524 - acc: 0.6878
3712/6308 [================>.............] - ETA: 4:29 - loss: 0.5517 - acc: 0.6891
3776/6308 [================>.............] - ETA: 4:23 - loss: 0.5511 - acc: 0.6899
3840/6308 [=================>............] - ETA: 4:16 - loss: 0.5514 - acc: 0.6898
3904/6308 [=================>............] - ETA: 4:09 - loss: 0.5527 - acc: 0.6878
3968/6308 [=================>............] - ETA: 4:03 - loss: 0.5534 - acc: 0.6865
4032/6308 [==================>...........] - ETA: 3:56 - loss: 0.5522 - acc: 0.6873
4096/6308 [==================>...........] - ETA: 3:49 - loss: 0.5517 - acc: 0.6873
4160/6308 [==================>...........] - ETA: 3:43 - loss: 0.5517 - acc: 0.6875
4224/6308 [===================>..........] - ETA: 3:36 - loss: 0.5525 - acc: 0.6863
4288/6308 [===================>..........] - ETA: 3:29 - loss: 0.5525 - acc: 0.6861
4352/6308 [===================>..........] - ETA: 3:22 - loss: 0.5525 - acc: 0.6859
4416/6308 [====================>.........] - ETA: 3:15 - loss: 0.5518 - acc: 0.6870
4480/6308 [====================>.........] - ETA: 3:09 - loss: 0.5516 - acc: 0.6873
4544/6308 [====================>.........] - ETA: 3:02 - loss: 0.5507 - acc: 0.6882
4608/6308 [====================>.........] - ETA: 2:56 - loss: 0.5505 - acc: 0.6884
4672/6308 [=====================>........] - ETA: 2:49 - loss: 0.5510 - acc: 0.6873
4736/6308 [=====================>........] - ETA: 2:42 - loss: 0.5507 - acc: 0.6873
4800/6308 [=====================>........] - ETA: 2:35 - loss: 0.5517 - acc: 0.6863
4864/6308 [======================>.......] - ETA: 2:28 - loss: 0.5515 - acc: 0.6861
4928/6308 [======================>.......] - ETA: 2:21 - loss: 0.5523 - acc: 0.6855
4992/6308 [======================>.......] - ETA: 2:14 - loss: 0.5525 - acc: 0.6857
5056/6308 [=======================>......] - ETA: 2:08 - loss: 0.5527 - acc: 0.6855
5120/6308 [=======================>......] - ETA: 2:01 - loss: 0.5519 - acc: 0.6865
5184/6308 [=======================>......] - ETA: 1:54 - loss: 0.5520 - acc: 0.6867
5248/6308 [=======================>......] - ETA: 1:48 - loss: 0.5515 - acc: 0.6873
5312/6308 [========================>.....] - ETA: 1:41 - loss: 0.5522 - acc: 0.6864
5376/6308 [========================>.....] - ETA: 1:35 - loss: 0.5525 - acc: 0.6866
5440/6308 [========================>.....] - ETA: 1:28 - loss: 0.5531 - acc: 0.6869
5504/6308 [=========================>....] - ETA: 1:22 - loss: 0.5526 - acc: 0.6875
5568/6308 [=========================>....] - ETA: 1:15 - loss: 0.5514 - acc: 0.6891
5632/6308 [=========================>....] - ETA: 1:08 - loss: 0.5506 - acc: 0.6902
5696/6308 [==========================>...] - ETA: 1:02 - loss: 0.5506 - acc: 0.6903
5760/6308 [==========================>...] - ETA: 55s - loss: 0.5507 - acc: 0.6905 
5824/6308 [==========================>...] - ETA: 49s - loss: 0.5504 - acc: 0.6908
5888/6308 [===========================>..] - ETA: 42s - loss: 0.5515 - acc: 0.6897
5952/6308 [===========================>..] - ETA: 36s - loss: 0.5520 - acc: 0.6893
6016/6308 [===========================>..] - ETA: 29s - loss: 0.5523 - acc: 0.6895
6080/6308 [===========================>..] - ETA: 23s - loss: 0.5523 - acc: 0.6895
6144/6308 [============================>.] - ETA: 16s - loss: 0.5531 - acc: 0.6895
6208/6308 [============================>.] - ETA: 10s - loss: 0.5528 - acc: 0.6894
6272/6308 [============================>.] - ETA: 3s - loss: 0.5527 - acc: 0.6891 
6308/6308 [==============================] - 639s 101ms/step - loss: 0.5528 - acc: 0.6888
Epoch 4/10

  64/6308 [..............................] - ETA: 10:38 - loss: 0.5432 - acc: 0.6562
 128/6308 [..............................] - ETA: 9:57 - loss: 0.5427 - acc: 0.6797 
 192/6308 [..............................] - ETA: 9:32 - loss: 0.5547 - acc: 0.6667
 256/6308 [>.............................] - ETA: 9:36 - loss: 0.5568 - acc: 0.6602
 320/6308 [>.............................] - ETA: 9:21 - loss: 0.5499 - acc: 0.6750
 384/6308 [>.............................] - ETA: 9:14 - loss: 0.5579 - acc: 0.6771
 448/6308 [=>............................] - ETA: 9:03 - loss: 0.5603 - acc: 0.6674
 512/6308 [=>............................] - ETA: 8:55 - loss: 0.5599 - acc: 0.6641
 576/6308 [=>............................] - ETA: 8:56 - loss: 0.5651 - acc: 0.6528
 640/6308 [==>...........................] - ETA: 8:48 - loss: 0.5631 - acc: 0.6531
 704/6308 [==>...........................] - ETA: 8:40 - loss: 0.5626 - acc: 0.6562
 768/6308 [==>...........................] - ETA: 8:34 - loss: 0.5553 - acc: 0.6693
 832/6308 [==>...........................] - ETA: 8:23 - loss: 0.5515 - acc: 0.6779
 896/6308 [===>..........................] - ETA: 8:12 - loss: 0.5535 - acc: 0.6853
 960/6308 [===>..........................] - ETA: 8:21 - loss: 0.5564 - acc: 0.6802
1024/6308 [===>..........................] - ETA: 8:17 - loss: 0.5546 - acc: 0.6807
1088/6308 [====>.........................] - ETA: 8:11 - loss: 0.5555 - acc: 0.6801
1152/6308 [====>.........................] - ETA: 8:09 - loss: 0.5522 - acc: 0.6858
1216/6308 [====>.........................] - ETA: 8:07 - loss: 0.5547 - acc: 0.6834
1280/6308 [=====>........................] - ETA: 8:01 - loss: 0.5534 - acc: 0.6836
1344/6308 [=====>........................] - ETA: 7:54 - loss: 0.5510 - acc: 0.6860
1408/6308 [=====>........................] - ETA: 7:49 - loss: 0.5481 - acc: 0.6889
1472/6308 [======>.......................] - ETA: 7:43 - loss: 0.5500 - acc: 0.6882
1536/6308 [======>.......................] - ETA: 7:37 - loss: 0.5489 - acc: 0.6895
1600/6308 [======>.......................] - ETA: 7:32 - loss: 0.5488 - acc: 0.6900
1664/6308 [======>.......................] - ETA: 7:24 - loss: 0.5464 - acc: 0.6935
1728/6308 [=======>......................] - ETA: 7:16 - loss: 0.5462 - acc: 0.6944
1792/6308 [=======>......................] - ETA: 7:11 - loss: 0.5453 - acc: 0.6948
1856/6308 [=======>......................] - ETA: 7:07 - loss: 0.5439 - acc: 0.6961
1920/6308 [========>.....................] - ETA: 6:59 - loss: 0.5457 - acc: 0.6922
1984/6308 [========>.....................] - ETA: 6:51 - loss: 0.5441 - acc: 0.6930
2048/6308 [========>.....................] - ETA: 6:46 - loss: 0.5426 - acc: 0.6938
2112/6308 [=========>....................] - ETA: 6:41 - loss: 0.5420 - acc: 0.6937
2176/6308 [=========>....................] - ETA: 6:34 - loss: 0.5460 - acc: 0.6893
2240/6308 [=========>....................] - ETA: 6:27 - loss: 0.5465 - acc: 0.6897
2304/6308 [=========>....................] - ETA: 6:22 - loss: 0.5453 - acc: 0.6905
2368/6308 [==========>...................] - ETA: 6:14 - loss: 0.5491 - acc: 0.6875
2432/6308 [==========>...................] - ETA: 6:07 - loss: 0.5484 - acc: 0.6887
2496/6308 [==========>...................] - ETA: 6:00 - loss: 0.5491 - acc: 0.6891
2560/6308 [===========>..................] - ETA: 5:55 - loss: 0.5481 - acc: 0.6902
2624/6308 [===========>..................] - ETA: 5:50 - loss: 0.5486 - acc: 0.6894
2688/6308 [===========>..................] - ETA: 5:45 - loss: 0.5504 - acc: 0.6864
2752/6308 [============>.................] - ETA: 5:39 - loss: 0.5504 - acc: 0.6853
2816/6308 [============>.................] - ETA: 5:33 - loss: 0.5502 - acc: 0.6861
2880/6308 [============>.................] - ETA: 5:25 - loss: 0.5510 - acc: 0.6865
2944/6308 [=============>................] - ETA: 5:18 - loss: 0.5498 - acc: 0.6882
3008/6308 [=============>................] - ETA: 5:11 - loss: 0.5493 - acc: 0.6892
3072/6308 [=============>................] - ETA: 5:05 - loss: 0.5490 - acc: 0.6895
3136/6308 [=============>................] - ETA: 4:59 - loss: 0.5490 - acc: 0.6894
3200/6308 [==============>...............] - ETA: 4:52 - loss: 0.5493 - acc: 0.6884
3264/6308 [==============>...............] - ETA: 4:46 - loss: 0.5501 - acc: 0.6875
3328/6308 [==============>...............] - ETA: 4:40 - loss: 0.5509 - acc: 0.6863
3392/6308 [===============>..............] - ETA: 4:33 - loss: 0.5530 - acc: 0.6846
3456/6308 [===============>..............] - ETA: 4:28 - loss: 0.5521 - acc: 0.6869
3520/6308 [===============>..............] - ETA: 4:22 - loss: 0.5518 - acc: 0.6875
3584/6308 [================>.............] - ETA: 4:15 - loss: 0.5512 - acc: 0.6881
3648/6308 [================>.............] - ETA: 4:09 - loss: 0.5515 - acc: 0.6878
3712/6308 [================>.............] - ETA: 4:03 - loss: 0.5514 - acc: 0.6875
3776/6308 [================>.............] - ETA: 3:57 - loss: 0.5517 - acc: 0.6867
3840/6308 [=================>............] - ETA: 3:51 - loss: 0.5522 - acc: 0.6865
3904/6308 [=================>............] - ETA: 3:44 - loss: 0.5518 - acc: 0.6865
3968/6308 [=================>............] - ETA: 3:37 - loss: 0.5524 - acc: 0.6857
4032/6308 [==================>...........] - ETA: 3:31 - loss: 0.5523 - acc: 0.6858
4096/6308 [==================>...........] - ETA: 3:26 - loss: 0.5536 - acc: 0.6846
4160/6308 [==================>...........] - ETA: 3:19 - loss: 0.5531 - acc: 0.6849
4224/6308 [===================>..........] - ETA: 3:13 - loss: 0.5545 - acc: 0.6842
4288/6308 [===================>..........] - ETA: 3:07 - loss: 0.5540 - acc: 0.6854
4352/6308 [===================>..........] - ETA: 3:02 - loss: 0.5530 - acc: 0.6870
4416/6308 [====================>.........] - ETA: 2:56 - loss: 0.5534 - acc: 0.6873
4480/6308 [====================>.........] - ETA: 2:50 - loss: 0.5542 - acc: 0.6868
4544/6308 [====================>.........] - ETA: 2:44 - loss: 0.5547 - acc: 0.6871
4608/6308 [====================>.........] - ETA: 2:38 - loss: 0.5556 - acc: 0.6860
4672/6308 [=====================>........] - ETA: 2:32 - loss: 0.5568 - acc: 0.6849
4736/6308 [=====================>........] - ETA: 2:26 - loss: 0.5566 - acc: 0.6852
4800/6308 [=====================>........] - ETA: 2:20 - loss: 0.5569 - acc: 0.6858
4864/6308 [======================>.......] - ETA: 2:14 - loss: 0.5577 - acc: 0.6852
4928/6308 [======================>.......] - ETA: 2:08 - loss: 0.5573 - acc: 0.6859
4992/6308 [======================>.......] - ETA: 2:01 - loss: 0.5571 - acc: 0.6869
5056/6308 [=======================>......] - ETA: 1:55 - loss: 0.5574 - acc: 0.6865
5120/6308 [=======================>......] - ETA: 1:49 - loss: 0.5568 - acc: 0.6875
5184/6308 [=======================>......] - ETA: 1:43 - loss: 0.5567 - acc: 0.6885
5248/6308 [=======================>......] - ETA: 1:37 - loss: 0.5564 - acc: 0.6886
5312/6308 [========================>.....] - ETA: 1:31 - loss: 0.5565 - acc: 0.6884
5376/6308 [========================>.....] - ETA: 1:26 - loss: 0.5578 - acc: 0.6871
5440/6308 [========================>.....] - ETA: 1:20 - loss: 0.5571 - acc: 0.6881
5504/6308 [=========================>....] - ETA: 1:14 - loss: 0.5570 - acc: 0.6880
5568/6308 [=========================>....] - ETA: 1:08 - loss: 0.5577 - acc: 0.6875
5632/6308 [=========================>....] - ETA: 1:02 - loss: 0.5571 - acc: 0.6886
5696/6308 [==========================>...] - ETA: 56s - loss: 0.5573 - acc: 0.6882 
5760/6308 [==========================>...] - ETA: 50s - loss: 0.5572 - acc: 0.6877
5824/6308 [==========================>...] - ETA: 44s - loss: 0.5577 - acc: 0.6868
5888/6308 [===========================>..] - ETA: 38s - loss: 0.5573 - acc: 0.6875
5952/6308 [===========================>..] - ETA: 32s - loss: 0.5578 - acc: 0.6867
6016/6308 [===========================>..] - ETA: 27s - loss: 0.5575 - acc: 0.6868
6080/6308 [===========================>..] - ETA: 21s - loss: 0.5563 - acc: 0.6885
6144/6308 [============================>.] - ETA: 15s - loss: 0.5563 - acc: 0.6888
6208/6308 [============================>.] - ETA: 9s - loss: 0.5559 - acc: 0.6891 
6272/6308 [============================>.] - ETA: 3s - loss: 0.5566 - acc: 0.6888
6308/6308 [==============================] - 585s 93ms/step - loss: 0.5570 - acc: 0.6882
Epoch 5/10

  64/6308 [..............................] - ETA: 10:06 - loss: 0.5347 - acc: 0.7188
 128/6308 [..............................] - ETA: 9:09 - loss: 0.5447 - acc: 0.7109 
 192/6308 [..............................] - ETA: 8:47 - loss: 0.5405 - acc: 0.6979
 256/6308 [>.............................] - ETA: 8:28 - loss: 0.5443 - acc: 0.6914
 320/6308 [>.............................] - ETA: 8:25 - loss: 0.5416 - acc: 0.6844
 384/6308 [>.............................] - ETA: 8:14 - loss: 0.5472 - acc: 0.6745
 448/6308 [=>............................] - ETA: 8:17 - loss: 0.5441 - acc: 0.6942
 512/6308 [=>............................] - ETA: 8:06 - loss: 0.5453 - acc: 0.6934
 576/6308 [=>............................] - ETA: 8:08 - loss: 0.5404 - acc: 0.6962
 640/6308 [==>...........................] - ETA: 8:09 - loss: 0.5403 - acc: 0.6984
 704/6308 [==>...........................] - ETA: 8:03 - loss: 0.5413 - acc: 0.6974
 768/6308 [==>...........................] - ETA: 8:03 - loss: 0.5397 - acc: 0.6940
 832/6308 [==>...........................] - ETA: 8:01 - loss: 0.5390 - acc: 0.6947
 896/6308 [===>..........................] - ETA: 8:00 - loss: 0.5397 - acc: 0.6931
 960/6308 [===>..........................] - ETA: 7:57 - loss: 0.5326 - acc: 0.7021
1024/6308 [===>..........................] - ETA: 7:51 - loss: 0.5347 - acc: 0.6982
1088/6308 [====>.........................] - ETA: 7:43 - loss: 0.5337 - acc: 0.6985
1152/6308 [====>.........................] - ETA: 7:40 - loss: 0.5352 - acc: 0.6997
1216/6308 [====>.........................] - ETA: 7:35 - loss: 0.5353 - acc: 0.6965
1280/6308 [=====>........................] - ETA: 7:33 - loss: 0.5382 - acc: 0.6922
1344/6308 [=====>........................] - ETA: 7:25 - loss: 0.5417 - acc: 0.6897
1408/6308 [=====>........................] - ETA: 7:20 - loss: 0.5410 - acc: 0.6875
1472/6308 [======>.......................] - ETA: 7:17 - loss: 0.5416 - acc: 0.6902
1536/6308 [======>.......................] - ETA: 7:10 - loss: 0.5424 - acc: 0.6875
1600/6308 [======>.......................] - ETA: 7:04 - loss: 0.5426 - acc: 0.6881
1664/6308 [======>.......................] - ETA: 6:58 - loss: 0.5431 - acc: 0.6881
1728/6308 [=======>......................] - ETA: 6:51 - loss: 0.5445 - acc: 0.6846
1792/6308 [=======>......................] - ETA: 6:48 - loss: 0.5448 - acc: 0.6869
1856/6308 [=======>......................] - ETA: 6:42 - loss: 0.5422 - acc: 0.6897
1920/6308 [========>.....................] - ETA: 6:37 - loss: 0.5428 - acc: 0.6901
1984/6308 [========>.....................] - ETA: 6:32 - loss: 0.5424 - acc: 0.6900
2048/6308 [========>.....................] - ETA: 6:26 - loss: 0.5425 - acc: 0.6890
2112/6308 [=========>....................] - ETA: 6:20 - loss: 0.5419 - acc: 0.6884
2176/6308 [=========>....................] - ETA: 6:16 - loss: 0.5438 - acc: 0.6857
2240/6308 [=========>....................] - ETA: 6:11 - loss: 0.5444 - acc: 0.6853
2304/6308 [=========>....................] - ETA: 6:06 - loss: 0.5463 - acc: 0.6849
2368/6308 [==========>...................] - ETA: 6:00 - loss: 0.5468 - acc: 0.6824
2432/6308 [==========>...................] - ETA: 5:54 - loss: 0.5477 - acc: 0.6826
2496/6308 [==========>...................] - ETA: 5:49 - loss: 0.5485 - acc: 0.6819
2560/6308 [===========>..................] - ETA: 5:44 - loss: 0.5483 - acc: 0.6824
2624/6308 [===========>..................] - ETA: 5:39 - loss: 0.5485 - acc: 0.6829
2688/6308 [===========>..................] - ETA: 5:34 - loss: 0.5481 - acc: 0.6823
2752/6308 [============>.................] - ETA: 5:28 - loss: 0.5478 - acc: 0.6835
2816/6308 [============>.................] - ETA: 5:22 - loss: 0.5470 - acc: 0.6857
2880/6308 [============>.................] - ETA: 5:17 - loss: 0.5469 - acc: 0.6858
2944/6308 [=============>................] - ETA: 5:11 - loss: 0.5467 - acc: 0.6858
3008/6308 [=============>................] - ETA: 5:05 - loss: 0.5476 - acc: 0.6882
3072/6308 [=============>................] - ETA: 4:59 - loss: 0.5485 - acc: 0.6885
3136/6308 [=============>................] - ETA: 4:54 - loss: 0.5504 - acc: 0.6856
3200/6308 [==============>...............] - ETA: 4:47 - loss: 0.5492 - acc: 0.6872
3264/6308 [==============>...............] - ETA: 4:41 - loss: 0.5481 - acc: 0.6890
3328/6308 [==============>...............] - ETA: 4:35 - loss: 0.5489 - acc: 0.6902
3392/6308 [===============>..............] - ETA: 4:29 - loss: 0.5483 - acc: 0.6913
3456/6308 [===============>..............] - ETA: 4:23 - loss: 0.5487 - acc: 0.6907
3520/6308 [===============>..............] - ETA: 4:17 - loss: 0.5482 - acc: 0.6915
3584/6308 [================>.............] - ETA: 4:12 - loss: 0.5477 - acc: 0.6920
3648/6308 [================>.............] - ETA: 4:05 - loss: 0.5475 - acc: 0.6935
3712/6308 [================>.............] - ETA: 4:00 - loss: 0.5462 - acc: 0.6956
3776/6308 [================>.............] - ETA: 3:53 - loss: 0.5458 - acc: 0.6954
3840/6308 [=================>............] - ETA: 3:47 - loss: 0.5463 - acc: 0.6956
3904/6308 [=================>............] - ETA: 3:42 - loss: 0.5479 - acc: 0.6947
3968/6308 [=================>............] - ETA: 3:36 - loss: 0.5473 - acc: 0.6953
4032/6308 [==================>...........] - ETA: 3:30 - loss: 0.5487 - acc: 0.6932
4096/6308 [==================>...........] - ETA: 3:24 - loss: 0.5479 - acc: 0.6938
4160/6308 [==================>...........] - ETA: 3:18 - loss: 0.5481 - acc: 0.6935
4224/6308 [===================>..........] - ETA: 3:13 - loss: 0.5473 - acc: 0.6944
4288/6308 [===================>..........] - ETA: 3:07 - loss: 0.5477 - acc: 0.6943
4352/6308 [===================>..........] - ETA: 3:00 - loss: 0.5479 - acc: 0.6944
4416/6308 [====================>.........] - ETA: 2:54 - loss: 0.5482 - acc: 0.6945
4480/6308 [====================>.........] - ETA: 2:47 - loss: 0.5486 - acc: 0.6933
4544/6308 [====================>.........] - ETA: 2:41 - loss: 0.5489 - acc: 0.6930
4608/6308 [====================>.........] - ETA: 2:34 - loss: 0.5490 - acc: 0.6931
4672/6308 [=====================>........] - ETA: 2:28 - loss: 0.5493 - acc: 0.6922
4736/6308 [=====================>........] - ETA: 2:21 - loss: 0.5487 - acc: 0.6938
4800/6308 [=====================>........] - ETA: 2:15 - loss: 0.5487 - acc: 0.6940
4864/6308 [======================>.......] - ETA: 2:09 - loss: 0.5491 - acc: 0.6931
4928/6308 [======================>.......] - ETA: 2:03 - loss: 0.5491 - acc: 0.6932
4992/6308 [======================>.......] - ETA: 1:57 - loss: 0.5491 - acc: 0.6935
5056/6308 [=======================>......] - ETA: 1:50 - loss: 0.5486 - acc: 0.6940
5120/6308 [=======================>......] - ETA: 1:45 - loss: 0.5482 - acc: 0.6945
5184/6308 [=======================>......] - ETA: 1:39 - loss: 0.5466 - acc: 0.6954
5248/6308 [=======================>......] - ETA: 1:33 - loss: 0.5471 - acc: 0.6942
5312/6308 [========================>.....] - ETA: 1:27 - loss: 0.5475 - acc: 0.6939
5376/6308 [========================>.....] - ETA: 1:21 - loss: 0.5482 - acc: 0.6923
5440/6308 [========================>.....] - ETA: 1:15 - loss: 0.5479 - acc: 0.6919
5504/6308 [=========================>....] - ETA: 1:09 - loss: 0.5479 - acc: 0.6919
5568/6308 [=========================>....] - ETA: 1:03 - loss: 0.5474 - acc: 0.6923
5632/6308 [=========================>....] - ETA: 58s - loss: 0.5475 - acc: 0.6919 
5696/6308 [==========================>...] - ETA: 52s - loss: 0.5473 - acc: 0.6921
5760/6308 [==========================>...] - ETA: 46s - loss: 0.5472 - acc: 0.6925
5824/6308 [==========================>...] - ETA: 41s - loss: 0.5470 - acc: 0.6930
5888/6308 [===========================>..] - ETA: 35s - loss: 0.5467 - acc: 0.6940
5952/6308 [===========================>..] - ETA: 30s - loss: 0.5468 - acc: 0.6942
6016/6308 [===========================>..] - ETA: 24s - loss: 0.5469 - acc: 0.6940
6080/6308 [===========================>..] - ETA: 19s - loss: 0.5468 - acc: 0.6946
6144/6308 [============================>.] - ETA: 13s - loss: 0.5474 - acc: 0.6947
6208/6308 [============================>.] - ETA: 8s - loss: 0.5465 - acc: 0.6951 
6272/6308 [============================>.] - ETA: 3s - loss: 0.5470 - acc: 0.6937
6308/6308 [==============================] - 530s 84ms/step - loss: 0.5468 - acc: 0.6937
Epoch 6/10

  64/6308 [..............................] - ETA: 6:45 - loss: 0.5999 - acc: 0.6094
 128/6308 [..............................] - ETA: 6:32 - loss: 0.6012 - acc: 0.6406
 192/6308 [..............................] - ETA: 6:26 - loss: 0.5791 - acc: 0.6510
 256/6308 [>.............................] - ETA: 6:32 - loss: 0.5657 - acc: 0.6875
 320/6308 [>.............................] - ETA: 6:23 - loss: 0.5613 - acc: 0.6844
 384/6308 [>.............................] - ETA: 6:20 - loss: 0.5578 - acc: 0.6823
 448/6308 [=>............................] - ETA: 6:13 - loss: 0.5616 - acc: 0.6808
 512/6308 [=>............................] - ETA: 6:08 - loss: 0.5629 - acc: 0.6816
 576/6308 [=>............................] - ETA: 6:04 - loss: 0.5611 - acc: 0.6806
 640/6308 [==>...........................] - ETA: 6:02 - loss: 0.5615 - acc: 0.6781
 704/6308 [==>...........................] - ETA: 5:56 - loss: 0.5612 - acc: 0.6776
 768/6308 [==>...........................] - ETA: 5:53 - loss: 0.5601 - acc: 0.6719
 832/6308 [==>...........................] - ETA: 5:50 - loss: 0.5552 - acc: 0.6779
 896/6308 [===>..........................] - ETA: 5:47 - loss: 0.5509 - acc: 0.6842
 960/6308 [===>..........................] - ETA: 5:42 - loss: 0.5475 - acc: 0.6927
1024/6308 [===>..........................] - ETA: 5:39 - loss: 0.5496 - acc: 0.6875
1088/6308 [====>.........................] - ETA: 5:35 - loss: 0.5486 - acc: 0.6893
1152/6308 [====>.........................] - ETA: 5:31 - loss: 0.5479 - acc: 0.6901
1216/6308 [====>.........................] - ETA: 5:25 - loss: 0.5470 - acc: 0.6933
1280/6308 [=====>........................] - ETA: 5:21 - loss: 0.5481 - acc: 0.6883
1344/6308 [=====>........................] - ETA: 5:17 - loss: 0.5490 - acc: 0.6868
1408/6308 [=====>........................] - ETA: 5:15 - loss: 0.5458 - acc: 0.6903
1472/6308 [======>.......................] - ETA: 5:11 - loss: 0.5465 - acc: 0.6916
1536/6308 [======>.......................] - ETA: 5:06 - loss: 0.5469 - acc: 0.6882
1600/6308 [======>.......................] - ETA: 5:01 - loss: 0.5454 - acc: 0.6881
1664/6308 [======>.......................] - ETA: 4:57 - loss: 0.5456 - acc: 0.6893
1728/6308 [=======>......................] - ETA: 4:52 - loss: 0.5466 - acc: 0.6869
1792/6308 [=======>......................] - ETA: 4:48 - loss: 0.5451 - acc: 0.6903
1856/6308 [=======>......................] - ETA: 4:44 - loss: 0.5450 - acc: 0.6897
1920/6308 [========>.....................] - ETA: 4:40 - loss: 0.5462 - acc: 0.6875
1984/6308 [========>.....................] - ETA: 4:36 - loss: 0.5482 - acc: 0.6855
2048/6308 [========>.....................] - ETA: 4:32 - loss: 0.5490 - acc: 0.6851
2112/6308 [=========>....................] - ETA: 4:28 - loss: 0.5499 - acc: 0.6856
2176/6308 [=========>....................] - ETA: 4:23 - loss: 0.5467 - acc: 0.6884
2240/6308 [=========>....................] - ETA: 4:18 - loss: 0.5467 - acc: 0.6884
2304/6308 [=========>....................] - ETA: 4:14 - loss: 0.5452 - acc: 0.6888
2368/6308 [==========>...................] - ETA: 4:10 - loss: 0.5447 - acc: 0.6896
2432/6308 [==========>...................] - ETA: 4:06 - loss: 0.5444 - acc: 0.6908
2496/6308 [==========>...................] - ETA: 4:02 - loss: 0.5443 - acc: 0.6919
2560/6308 [===========>..................] - ETA: 3:58 - loss: 0.5445 - acc: 0.6926
2624/6308 [===========>..................] - ETA: 3:54 - loss: 0.5436 - acc: 0.6925
2688/6308 [===========>..................] - ETA: 3:50 - loss: 0.5448 - acc: 0.6908
2752/6308 [============>.................] - ETA: 3:45 - loss: 0.5444 - acc: 0.6908
2816/6308 [============>.................] - ETA: 3:41 - loss: 0.5434 - acc: 0.6918
2880/6308 [============>.................] - ETA: 3:37 - loss: 0.5441 - acc: 0.6917
2944/6308 [=============>................] - ETA: 3:33 - loss: 0.5430 - acc: 0.6926
3008/6308 [=============>................] - ETA: 3:30 - loss: 0.5430 - acc: 0.6932
3072/6308 [=============>................] - ETA: 3:25 - loss: 0.5437 - acc: 0.6917
3136/6308 [=============>................] - ETA: 3:21 - loss: 0.5438 - acc: 0.6904
3200/6308 [==============>...............] - ETA: 3:17 - loss: 0.5454 - acc: 0.6906
3264/6308 [==============>...............] - ETA: 3:13 - loss: 0.5455 - acc: 0.6900
3328/6308 [==============>...............] - ETA: 3:09 - loss: 0.5445 - acc: 0.6908
3392/6308 [===============>..............] - ETA: 3:05 - loss: 0.5439 - acc: 0.6904
3456/6308 [===============>..............] - ETA: 3:01 - loss: 0.5434 - acc: 0.6913
3520/6308 [===============>..............] - ETA: 2:57 - loss: 0.5437 - acc: 0.6906
3584/6308 [================>.............] - ETA: 2:53 - loss: 0.5449 - acc: 0.6895
3648/6308 [================>.............] - ETA: 2:49 - loss: 0.5429 - acc: 0.6922
3712/6308 [================>.............] - ETA: 2:45 - loss: 0.5417 - acc: 0.6932
3776/6308 [================>.............] - ETA: 2:41 - loss: 0.5426 - acc: 0.6923
3840/6308 [=================>............] - ETA: 2:37 - loss: 0.5414 - acc: 0.6937
3904/6308 [=================>............] - ETA: 2:33 - loss: 0.5421 - acc: 0.6924
3968/6308 [=================>............] - ETA: 2:29 - loss: 0.5433 - acc: 0.6918
4032/6308 [==================>...........] - ETA: 2:24 - loss: 0.5429 - acc: 0.6932
4096/6308 [==================>...........] - ETA: 2:20 - loss: 0.5431 - acc: 0.6924
4160/6308 [==================>...........] - ETA: 2:16 - loss: 0.5424 - acc: 0.6928
4224/6308 [===================>..........] - ETA: 2:12 - loss: 0.5416 - acc: 0.6932
4288/6308 [===================>..........] - ETA: 2:08 - loss: 0.5426 - acc: 0.6919
4352/6308 [===================>..........] - ETA: 2:04 - loss: 0.5418 - acc: 0.6923
4416/6308 [====================>.........] - ETA: 2:00 - loss: 0.5407 - acc: 0.6936
4480/6308 [====================>.........] - ETA: 1:56 - loss: 0.5410 - acc: 0.6924
4544/6308 [====================>.........] - ETA: 1:52 - loss: 0.5404 - acc: 0.6921
4608/6308 [====================>.........] - ETA: 1:48 - loss: 0.5412 - acc: 0.6910
4672/6308 [=====================>........] - ETA: 1:44 - loss: 0.5415 - acc: 0.6916
4736/6308 [=====================>........] - ETA: 1:40 - loss: 0.5414 - acc: 0.6909
4800/6308 [=====================>........] - ETA: 1:36 - loss: 0.5417 - acc: 0.6904
4864/6308 [======================>.......] - ETA: 1:32 - loss: 0.5408 - acc: 0.6914
4928/6308 [======================>.......] - ETA: 1:28 - loss: 0.5405 - acc: 0.6909
4992/6308 [======================>.......] - ETA: 1:24 - loss: 0.5407 - acc: 0.6909
5056/6308 [=======================>......] - ETA: 1:20 - loss: 0.5411 - acc: 0.6913
5120/6308 [=======================>......] - ETA: 1:16 - loss: 0.5418 - acc: 0.6904
5184/6308 [=======================>......] - ETA: 1:11 - loss: 0.5424 - acc: 0.6900
5248/6308 [=======================>......] - ETA: 1:07 - loss: 0.5418 - acc: 0.6909
5312/6308 [========================>.....] - ETA: 1:03 - loss: 0.5431 - acc: 0.6899
5376/6308 [========================>.....] - ETA: 59s - loss: 0.5424 - acc: 0.6903 
5440/6308 [========================>.....] - ETA: 55s - loss: 0.5429 - acc: 0.6903
5504/6308 [=========================>....] - ETA: 51s - loss: 0.5425 - acc: 0.6910
5568/6308 [=========================>....] - ETA: 47s - loss: 0.5421 - acc: 0.6918
5632/6308 [=========================>....] - ETA: 43s - loss: 0.5431 - acc: 0.6900
5696/6308 [==========================>...] - ETA: 39s - loss: 0.5433 - acc: 0.6901
5760/6308 [==========================>...] - ETA: 35s - loss: 0.5434 - acc: 0.6906
5824/6308 [==========================>...] - ETA: 30s - loss: 0.5435 - acc: 0.6908
5888/6308 [===========================>..] - ETA: 26s - loss: 0.5438 - acc: 0.6904
5952/6308 [===========================>..] - ETA: 22s - loss: 0.5441 - acc: 0.6899
6016/6308 [===========================>..] - ETA: 18s - loss: 0.5433 - acc: 0.6907
6080/6308 [===========================>..] - ETA: 14s - loss: 0.5438 - acc: 0.6901
6144/6308 [============================>.] - ETA: 10s - loss: 0.5442 - acc: 0.6901
6208/6308 [============================>.] - ETA: 6s - loss: 0.5447 - acc: 0.6893 
6272/6308 [============================>.] - ETA: 2s - loss: 0.5444 - acc: 0.6901
6308/6308 [==============================] - 405s 64ms/step - loss: 0.5440 - acc: 0.6906
Epoch 7/10

  64/6308 [..............................] - ETA: 6:45 - loss: 0.5514 - acc: 0.7500
 128/6308 [..............................] - ETA: 6:57 - loss: 0.5555 - acc: 0.7109
 192/6308 [..............................] - ETA: 6:37 - loss: 0.5719 - acc: 0.6667
 256/6308 [>.............................] - ETA: 6:29 - loss: 0.5620 - acc: 0.6680
 320/6308 [>.............................] - ETA: 6:22 - loss: 0.5569 - acc: 0.6750
 384/6308 [>.............................] - ETA: 6:24 - loss: 0.5561 - acc: 0.6875
 448/6308 [=>............................] - ETA: 6:19 - loss: 0.5423 - acc: 0.7031
 512/6308 [=>............................] - ETA: 6:20 - loss: 0.5471 - acc: 0.6973
 576/6308 [=>............................] - ETA: 6:29 - loss: 0.5454 - acc: 0.6962
 640/6308 [==>...........................] - ETA: 6:28 - loss: 0.5485 - acc: 0.6953
 704/6308 [==>...........................] - ETA: 6:23 - loss: 0.5415 - acc: 0.7003
 768/6308 [==>...........................] - ETA: 6:17 - loss: 0.5447 - acc: 0.6940
 832/6308 [==>...........................] - ETA: 6:11 - loss: 0.5405 - acc: 0.7007
 896/6308 [===>..........................] - ETA: 6:10 - loss: 0.5460 - acc: 0.6931
 960/6308 [===>..........................] - ETA: 6:05 - loss: 0.5453 - acc: 0.6958
1024/6308 [===>..........................] - ETA: 6:00 - loss: 0.5452 - acc: 0.6963
1088/6308 [====>.........................] - ETA: 5:54 - loss: 0.5453 - acc: 0.6949
1152/6308 [====>.........................] - ETA: 5:49 - loss: 0.5497 - acc: 0.6962
1216/6308 [====>.........................] - ETA: 5:47 - loss: 0.5459 - acc: 0.7023
1280/6308 [=====>........................] - ETA: 5:42 - loss: 0.5420 - acc: 0.7070
1344/6308 [=====>........................] - ETA: 5:36 - loss: 0.5403 - acc: 0.7091
1408/6308 [=====>........................] - ETA: 5:30 - loss: 0.5417 - acc: 0.7095
1472/6308 [======>.......................] - ETA: 5:24 - loss: 0.5402 - acc: 0.7113
1536/6308 [======>.......................] - ETA: 5:19 - loss: 0.5392 - acc: 0.7155
1600/6308 [======>.......................] - ETA: 5:17 - loss: 0.5409 - acc: 0.7113
1664/6308 [======>.......................] - ETA: 5:14 - loss: 0.5412 - acc: 0.7085
1728/6308 [=======>......................] - ETA: 5:09 - loss: 0.5411 - acc: 0.7078
1792/6308 [=======>......................] - ETA: 5:03 - loss: 0.5395 - acc: 0.7098
1856/6308 [=======>......................] - ETA: 4:58 - loss: 0.5385 - acc: 0.7144
1920/6308 [========>.....................] - ETA: 4:54 - loss: 0.5396 - acc: 0.7125
1984/6308 [========>.....................] - ETA: 4:51 - loss: 0.5405 - acc: 0.7102
2048/6308 [========>.....................] - ETA: 4:46 - loss: 0.5422 - acc: 0.7090
2112/6308 [=========>....................] - ETA: 4:41 - loss: 0.5440 - acc: 0.7069
2176/6308 [=========>....................] - ETA: 4:36 - loss: 0.5448 - acc: 0.7059
2240/6308 [=========>....................] - ETA: 4:32 - loss: 0.5458 - acc: 0.7058
2304/6308 [=========>....................] - ETA: 4:29 - loss: 0.5446 - acc: 0.7062
2368/6308 [==========>...................] - ETA: 4:24 - loss: 0.5419 - acc: 0.7082
2432/6308 [==========>...................] - ETA: 4:20 - loss: 0.5415 - acc: 0.7093
2496/6308 [==========>...................] - ETA: 4:19 - loss: 0.5419 - acc: 0.7083
2560/6308 [===========>..................] - ETA: 4:14 - loss: 0.5413 - acc: 0.7086
2624/6308 [===========>..................] - ETA: 4:09 - loss: 0.5393 - acc: 0.7107
2688/6308 [===========>..................] - ETA: 4:06 - loss: 0.5386 - acc: 0.7102
2752/6308 [============>.................] - ETA: 4:02 - loss: 0.5396 - acc: 0.7078
2816/6308 [============>.................] - ETA: 3:57 - loss: 0.5430 - acc: 0.7056
2880/6308 [============>.................] - ETA: 3:52 - loss: 0.5449 - acc: 0.7035
2944/6308 [=============>................] - ETA: 3:47 - loss: 0.5470 - acc: 0.7011
3008/6308 [=============>................] - ETA: 3:43 - loss: 0.5472 - acc: 0.7001
3072/6308 [=============>................] - ETA: 3:38 - loss: 0.5469 - acc: 0.6992
3136/6308 [=============>................] - ETA: 3:35 - loss: 0.5464 - acc: 0.6993
3200/6308 [==============>...............] - ETA: 3:30 - loss: 0.5459 - acc: 0.6997
3264/6308 [==============>...............] - ETA: 3:25 - loss: 0.5464 - acc: 0.6991
3328/6308 [==============>...............] - ETA: 3:21 - loss: 0.5461 - acc: 0.6986
3392/6308 [===============>..............] - ETA: 3:17 - loss: 0.5461 - acc: 0.6981
3456/6308 [===============>..............] - ETA: 3:13 - loss: 0.5469 - acc: 0.6970
3520/6308 [===============>..............] - ETA: 3:08 - loss: 0.5447 - acc: 0.6991
3584/6308 [================>.............] - ETA: 3:04 - loss: 0.5445 - acc: 0.6987
3648/6308 [================>.............] - ETA: 2:59 - loss: 0.5445 - acc: 0.6976
3712/6308 [================>.............] - ETA: 2:55 - loss: 0.5447 - acc: 0.6964
3776/6308 [================>.............] - ETA: 2:51 - loss: 0.5449 - acc: 0.6960
3840/6308 [=================>............] - ETA: 2:47 - loss: 0.5452 - acc: 0.6969
3904/6308 [=================>............] - ETA: 2:42 - loss: 0.5444 - acc: 0.6960
3968/6308 [=================>............] - ETA: 2:38 - loss: 0.5438 - acc: 0.6966
4032/6308 [==================>...........] - ETA: 2:33 - loss: 0.5422 - acc: 0.6984
4096/6308 [==================>...........] - ETA: 2:28 - loss: 0.5419 - acc: 0.6980
4160/6308 [==================>...........] - ETA: 2:24 - loss: 0.5417 - acc: 0.6988
4224/6308 [===================>..........] - ETA: 2:20 - loss: 0.5422 - acc: 0.6993
4288/6308 [===================>..........] - ETA: 2:16 - loss: 0.5428 - acc: 0.6978
4352/6308 [===================>..........] - ETA: 2:11 - loss: 0.5427 - acc: 0.6974
4416/6308 [====================>.........] - ETA: 2:07 - loss: 0.5428 - acc: 0.6972
4480/6308 [====================>.........] - ETA: 2:03 - loss: 0.5428 - acc: 0.6960
4544/6308 [====================>.........] - ETA: 1:58 - loss: 0.5422 - acc: 0.6972
4608/6308 [====================>.........] - ETA: 1:54 - loss: 0.5417 - acc: 0.6975
4672/6308 [=====================>........] - ETA: 1:50 - loss: 0.5413 - acc: 0.6978
4736/6308 [=====================>........] - ETA: 1:45 - loss: 0.5408 - acc: 0.6978
4800/6308 [=====================>........] - ETA: 1:41 - loss: 0.5412 - acc: 0.6973
4864/6308 [======================>.......] - ETA: 1:36 - loss: 0.5421 - acc: 0.6955
4928/6308 [======================>.......] - ETA: 1:32 - loss: 0.5421 - acc: 0.6954
4992/6308 [======================>.......] - ETA: 1:28 - loss: 0.5422 - acc: 0.6947
5056/6308 [=======================>......] - ETA: 1:23 - loss: 0.5410 - acc: 0.6960
5120/6308 [=======================>......] - ETA: 1:19 - loss: 0.5414 - acc: 0.6945
5184/6308 [=======================>......] - ETA: 1:14 - loss: 0.5415 - acc: 0.6943
5248/6308 [=======================>......] - ETA: 1:10 - loss: 0.5415 - acc: 0.6940
5312/6308 [========================>.....] - ETA: 1:06 - loss: 0.5413 - acc: 0.6939
5376/6308 [========================>.....] - ETA: 1:02 - loss: 0.5415 - acc: 0.6929
5440/6308 [========================>.....] - ETA: 58s - loss: 0.5405 - acc: 0.6937 
5504/6308 [=========================>....] - ETA: 53s - loss: 0.5405 - acc: 0.6944
5568/6308 [=========================>....] - ETA: 49s - loss: 0.5404 - acc: 0.6943
5632/6308 [=========================>....] - ETA: 45s - loss: 0.5410 - acc: 0.6935
5696/6308 [==========================>...] - ETA: 41s - loss: 0.5406 - acc: 0.6942
5760/6308 [==========================>...] - ETA: 36s - loss: 0.5401 - acc: 0.6939
5824/6308 [==========================>...] - ETA: 32s - loss: 0.5401 - acc: 0.6942
5888/6308 [===========================>..] - ETA: 28s - loss: 0.5410 - acc: 0.6929
5952/6308 [===========================>..] - ETA: 23s - loss: 0.5408 - acc: 0.6941
6016/6308 [===========================>..] - ETA: 19s - loss: 0.5407 - acc: 0.6940
6080/6308 [===========================>..] - ETA: 15s - loss: 0.5411 - acc: 0.6936
6144/6308 [============================>.] - ETA: 11s - loss: 0.5411 - acc: 0.6930
6208/6308 [============================>.] - ETA: 6s - loss: 0.5411 - acc: 0.6933 
6272/6308 [============================>.] - ETA: 2s - loss: 0.5404 - acc: 0.6939
6308/6308 [==============================] - 428s 68ms/step - loss: 0.5403 - acc: 0.6940
Epoch 8/10

  64/6308 [..............................] - ETA: 7:21 - loss: 0.5869 - acc: 0.7344
 128/6308 [..............................] - ETA: 7:39 - loss: 0.5754 - acc: 0.6797
 192/6308 [..............................] - ETA: 7:36 - loss: 0.5538 - acc: 0.7031
 256/6308 [>.............................] - ETA: 7:23 - loss: 0.5592 - acc: 0.6914
 320/6308 [>.............................] - ETA: 7:18 - loss: 0.5512 - acc: 0.7031
 384/6308 [>.............................] - ETA: 7:15 - loss: 0.5455 - acc: 0.7135
 448/6308 [=>............................] - ETA: 7:13 - loss: 0.5521 - acc: 0.7031
 512/6308 [=>............................] - ETA: 7:06 - loss: 0.5528 - acc: 0.7012
 576/6308 [=>............................] - ETA: 6:56 - loss: 0.5488 - acc: 0.7014
 640/6308 [==>...........................] - ETA: 6:50 - loss: 0.5485 - acc: 0.6984
 704/6308 [==>...........................] - ETA: 6:44 - loss: 0.5525 - acc: 0.6918
 768/6308 [==>...........................] - ETA: 6:42 - loss: 0.5441 - acc: 0.6992
 832/6308 [==>...........................] - ETA: 6:36 - loss: 0.5472 - acc: 0.6959
 896/6308 [===>..........................] - ETA: 6:30 - loss: 0.5483 - acc: 0.6964
 960/6308 [===>..........................] - ETA: 6:25 - loss: 0.5479 - acc: 0.6937
1024/6308 [===>..........................] - ETA: 6:23 - loss: 0.5476 - acc: 0.6934
1088/6308 [====>.........................] - ETA: 6:18 - loss: 0.5428 - acc: 0.6967
1152/6308 [====>.........................] - ETA: 6:11 - loss: 0.5442 - acc: 0.6910
1216/6308 [====>.........................] - ETA: 6:06 - loss: 0.5430 - acc: 0.6933
1280/6308 [=====>........................] - ETA: 6:03 - loss: 0.5449 - acc: 0.6914
1344/6308 [=====>........................] - ETA: 6:02 - loss: 0.5456 - acc: 0.6942
1408/6308 [=====>........................] - ETA: 5:59 - loss: 0.5458 - acc: 0.6932
1472/6308 [======>.......................] - ETA: 5:58 - loss: 0.5454 - acc: 0.6929
1536/6308 [======>.......................] - ETA: 5:55 - loss: 0.5446 - acc: 0.6940
1600/6308 [======>.......................] - ETA: 5:52 - loss: 0.5426 - acc: 0.6969
1664/6308 [======>.......................] - ETA: 5:49 - loss: 0.5416 - acc: 0.6971
1728/6308 [=======>......................] - ETA: 5:45 - loss: 0.5405 - acc: 0.6968
1792/6308 [=======>......................] - ETA: 5:41 - loss: 0.5395 - acc: 0.6948
1856/6308 [=======>......................] - ETA: 5:37 - loss: 0.5421 - acc: 0.6945
1920/6308 [========>.....................] - ETA: 5:33 - loss: 0.5436 - acc: 0.6911
1984/6308 [========>.....................] - ETA: 5:30 - loss: 0.5422 - acc: 0.6915
2048/6308 [========>.....................] - ETA: 5:26 - loss: 0.5437 - acc: 0.6895
2112/6308 [=========>....................] - ETA: 5:22 - loss: 0.5414 - acc: 0.6932
2176/6308 [=========>....................] - ETA: 5:18 - loss: 0.5403 - acc: 0.6953
2240/6308 [=========>....................] - ETA: 5:15 - loss: 0.5398 - acc: 0.6960
2304/6308 [=========>....................] - ETA: 5:11 - loss: 0.5412 - acc: 0.6940
2368/6308 [==========>...................] - ETA: 5:08 - loss: 0.5407 - acc: 0.6934
2432/6308 [==========>...................] - ETA: 5:05 - loss: 0.5393 - acc: 0.6945
2496/6308 [==========>...................] - ETA: 5:01 - loss: 0.5406 - acc: 0.6931
2560/6308 [===========>..................] - ETA: 4:57 - loss: 0.5416 - acc: 0.6914
2624/6308 [===========>..................] - ETA: 4:53 - loss: 0.5398 - acc: 0.6928
2688/6308 [===========>..................] - ETA: 4:48 - loss: 0.5396 - acc: 0.6938
2752/6308 [============>.................] - ETA: 4:44 - loss: 0.5393 - acc: 0.6930
2816/6308 [============>.................] - ETA: 4:39 - loss: 0.5393 - acc: 0.6921
2880/6308 [============>.................] - ETA: 4:35 - loss: 0.5395 - acc: 0.6917
2944/6308 [=============>................] - ETA: 4:31 - loss: 0.5385 - acc: 0.6929
3008/6308 [=============>................] - ETA: 4:26 - loss: 0.5398 - acc: 0.6912
3072/6308 [=============>................] - ETA: 4:22 - loss: 0.5397 - acc: 0.6914
3136/6308 [=============>................] - ETA: 4:17 - loss: 0.5407 - acc: 0.6910
3200/6308 [==============>...............] - ETA: 4:12 - loss: 0.5417 - acc: 0.6884
3264/6308 [==============>...............] - ETA: 4:08 - loss: 0.5411 - acc: 0.6872
3328/6308 [==============>...............] - ETA: 4:04 - loss: 0.5425 - acc: 0.6866
3392/6308 [===============>..............] - ETA: 4:00 - loss: 0.5417 - acc: 0.6869
3456/6308 [===============>..............] - ETA: 3:58 - loss: 0.5418 - acc: 0.6872
3520/6308 [===============>..............] - ETA: 3:55 - loss: 0.5412 - acc: 0.6878
3584/6308 [================>.............] - ETA: 3:52 - loss: 0.5425 - acc: 0.6878
3648/6308 [================>.............] - ETA: 3:48 - loss: 0.5416 - acc: 0.6880
3712/6308 [================>.............] - ETA: 3:44 - loss: 0.5429 - acc: 0.6872
3776/6308 [================>.............] - ETA: 3:40 - loss: 0.5435 - acc: 0.6875
3840/6308 [=================>............] - ETA: 3:36 - loss: 0.5441 - acc: 0.6880
3904/6308 [=================>............] - ETA: 3:32 - loss: 0.5436 - acc: 0.6895
3968/6308 [=================>............] - ETA: 3:27 - loss: 0.5430 - acc: 0.6913
4032/6308 [==================>...........] - ETA: 3:22 - loss: 0.5428 - acc: 0.6912
4096/6308 [==================>...........] - ETA: 3:18 - loss: 0.5441 - acc: 0.6897
4160/6308 [==================>...........] - ETA: 3:13 - loss: 0.5435 - acc: 0.6904
4224/6308 [===================>..........] - ETA: 3:08 - loss: 0.5436 - acc: 0.6906
4288/6308 [===================>..........] - ETA: 3:04 - loss: 0.5439 - acc: 0.6898
4352/6308 [===================>..........] - ETA: 2:58 - loss: 0.5433 - acc: 0.6907
4416/6308 [====================>.........] - ETA: 2:54 - loss: 0.5427 - acc: 0.6913
4480/6308 [====================>.........] - ETA: 2:49 - loss: 0.5424 - acc: 0.6924
4544/6308 [====================>.........] - ETA: 2:43 - loss: 0.5418 - acc: 0.6934
4608/6308 [====================>.........] - ETA: 2:38 - loss: 0.5418 - acc: 0.6929
4672/6308 [=====================>........] - ETA: 2:33 - loss: 0.5417 - acc: 0.6933
4736/6308 [=====================>........] - ETA: 2:27 - loss: 0.5414 - acc: 0.6934
4800/6308 [=====================>........] - ETA: 2:22 - loss: 0.5410 - acc: 0.6937
4864/6308 [======================>.......] - ETA: 2:16 - loss: 0.5411 - acc: 0.6935
4928/6308 [======================>.......] - ETA: 2:11 - loss: 0.5417 - acc: 0.6924
4992/6308 [======================>.......] - ETA: 2:05 - loss: 0.5416 - acc: 0.6925
5056/6308 [=======================>......] - ETA: 2:00 - loss: 0.5416 - acc: 0.6920
5120/6308 [=======================>......] - ETA: 1:54 - loss: 0.5415 - acc: 0.6924
5184/6308 [=======================>......] - ETA: 1:48 - loss: 0.5416 - acc: 0.6919
5248/6308 [=======================>......] - ETA: 1:43 - loss: 0.5405 - acc: 0.6932
5312/6308 [========================>.....] - ETA: 1:37 - loss: 0.5389 - acc: 0.6954
5376/6308 [========================>.....] - ETA: 1:31 - loss: 0.5395 - acc: 0.6946
5440/6308 [========================>.....] - ETA: 1:25 - loss: 0.5397 - acc: 0.6945
5504/6308 [=========================>....] - ETA: 1:19 - loss: 0.5399 - acc: 0.6944
5568/6308 [=========================>....] - ETA: 1:13 - loss: 0.5409 - acc: 0.6941
5632/6308 [=========================>....] - ETA: 1:07 - loss: 0.5409 - acc: 0.6934
5696/6308 [==========================>...] - ETA: 1:00 - loss: 0.5403 - acc: 0.6936
5760/6308 [==========================>...] - ETA: 54s - loss: 0.5400 - acc: 0.6939 
5824/6308 [==========================>...] - ETA: 48s - loss: 0.5389 - acc: 0.6952
5888/6308 [===========================>..] - ETA: 42s - loss: 0.5388 - acc: 0.6951
5952/6308 [===========================>..] - ETA: 35s - loss: 0.5382 - acc: 0.6957
6016/6308 [===========================>..] - ETA: 29s - loss: 0.5382 - acc: 0.6953
6080/6308 [===========================>..] - ETA: 23s - loss: 0.5383 - acc: 0.6952
6144/6308 [============================>.] - ETA: 16s - loss: 0.5382 - acc: 0.6953
6208/6308 [============================>.] - ETA: 10s - loss: 0.5382 - acc: 0.6962
6272/6308 [============================>.] - ETA: 3s - loss: 0.5384 - acc: 0.6960 
6308/6308 [==============================] - 648s 103ms/step - loss: 0.5388 - acc: 0.6948
Epoch 9/10

  64/6308 [..............................] - ETA: 12:54 - loss: 0.4134 - acc: 0.7812
 128/6308 [..............................] - ETA: 12:40 - loss: 0.4742 - acc: 0.7266
 192/6308 [..............................] - ETA: 12:28 - loss: 0.4861 - acc: 0.7135
 256/6308 [>.............................] - ETA: 12:33 - loss: 0.5123 - acc: 0.6914
 320/6308 [>.............................] - ETA: 12:31 - loss: 0.5373 - acc: 0.6844
 384/6308 [>.............................] - ETA: 12:30 - loss: 0.5327 - acc: 0.6901
 448/6308 [=>............................] - ETA: 12:26 - loss: 0.5283 - acc: 0.6964
 512/6308 [=>............................] - ETA: 12:20 - loss: 0.5236 - acc: 0.6992
 576/6308 [=>............................] - ETA: 12:11 - loss: 0.5295 - acc: 0.6910
 640/6308 [==>...........................] - ETA: 12:02 - loss: 0.5327 - acc: 0.6828
 704/6308 [==>...........................] - ETA: 11:50 - loss: 0.5328 - acc: 0.6818
 768/6308 [==>...........................] - ETA: 11:38 - loss: 0.5321 - acc: 0.6823
 832/6308 [==>...........................] - ETA: 11:26 - loss: 0.5319 - acc: 0.6827
 896/6308 [===>..........................] - ETA: 11:17 - loss: 0.5384 - acc: 0.6775
 960/6308 [===>..........................] - ETA: 11:07 - loss: 0.5377 - acc: 0.6802
1024/6308 [===>..........................] - ETA: 11:01 - loss: 0.5355 - acc: 0.6807
1088/6308 [====>.........................] - ETA: 10:52 - loss: 0.5398 - acc: 0.6792
1152/6308 [====>.........................] - ETA: 10:43 - loss: 0.5412 - acc: 0.6780
1216/6308 [====>.........................] - ETA: 10:33 - loss: 0.5440 - acc: 0.6776
1280/6308 [=====>........................] - ETA: 10:25 - loss: 0.5404 - acc: 0.6789
1344/6308 [=====>........................] - ETA: 10:14 - loss: 0.5386 - acc: 0.6823
1408/6308 [=====>........................] - ETA: 10:04 - loss: 0.5363 - acc: 0.6847
1472/6308 [======>.......................] - ETA: 9:55 - loss: 0.5365 - acc: 0.6855 
1536/6308 [======>.......................] - ETA: 9:50 - loss: 0.5356 - acc: 0.6836
1600/6308 [======>.......................] - ETA: 9:40 - loss: 0.5366 - acc: 0.6813
1664/6308 [======>.......................] - ETA: 9:34 - loss: 0.5381 - acc: 0.6779
1728/6308 [=======>......................] - ETA: 9:27 - loss: 0.5383 - acc: 0.6771
1792/6308 [=======>......................] - ETA: 9:18 - loss: 0.5409 - acc: 0.6747
1856/6308 [=======>......................] - ETA: 9:09 - loss: 0.5378 - acc: 0.6767
1920/6308 [========>.....................] - ETA: 9:01 - loss: 0.5358 - acc: 0.6792
1984/6308 [========>.....................] - ETA: 8:51 - loss: 0.5355 - acc: 0.6789
2048/6308 [========>.....................] - ETA: 8:41 - loss: 0.5371 - acc: 0.6777
2112/6308 [=========>....................] - ETA: 8:34 - loss: 0.5365 - acc: 0.6790
2176/6308 [=========>....................] - ETA: 8:26 - loss: 0.5380 - acc: 0.6783
2240/6308 [=========>....................] - ETA: 8:17 - loss: 0.5375 - acc: 0.6795
2304/6308 [=========>....................] - ETA: 8:07 - loss: 0.5371 - acc: 0.6797
2368/6308 [==========>...................] - ETA: 7:59 - loss: 0.5383 - acc: 0.6799
2432/6308 [==========>...................] - ETA: 7:50 - loss: 0.5407 - acc: 0.6768
2496/6308 [==========>...................] - ETA: 7:43 - loss: 0.5399 - acc: 0.6783
2560/6308 [===========>..................] - ETA: 7:34 - loss: 0.5392 - acc: 0.6809
2624/6308 [===========>..................] - ETA: 7:25 - loss: 0.5400 - acc: 0.6814
2688/6308 [===========>..................] - ETA: 7:15 - loss: 0.5418 - acc: 0.6789
2752/6308 [============>.................] - ETA: 7:07 - loss: 0.5435 - acc: 0.6777
2816/6308 [============>.................] - ETA: 6:58 - loss: 0.5426 - acc: 0.6797
2880/6308 [============>.................] - ETA: 6:50 - loss: 0.5417 - acc: 0.6813
2944/6308 [=============>................] - ETA: 6:43 - loss: 0.5418 - acc: 0.6824
3008/6308 [=============>................] - ETA: 6:35 - loss: 0.5418 - acc: 0.6828
3072/6308 [=============>................] - ETA: 6:27 - loss: 0.5406 - acc: 0.6846
3136/6308 [=============>................] - ETA: 6:18 - loss: 0.5397 - acc: 0.6853
3200/6308 [==============>...............] - ETA: 6:10 - loss: 0.5393 - acc: 0.6859
3264/6308 [==============>...............] - ETA: 6:02 - loss: 0.5389 - acc: 0.6866
3328/6308 [==============>...............] - ETA: 5:54 - loss: 0.5396 - acc: 0.6878
3392/6308 [===============>..............] - ETA: 5:46 - loss: 0.5396 - acc: 0.6878
3456/6308 [===============>..............] - ETA: 5:38 - loss: 0.5404 - acc: 0.6866
3520/6308 [===============>..............] - ETA: 5:30 - loss: 0.5411 - acc: 0.6852
3584/6308 [================>.............] - ETA: 5:22 - loss: 0.5413 - acc: 0.6847
3648/6308 [================>.............] - ETA: 5:14 - loss: 0.5418 - acc: 0.6842
3712/6308 [================>.............] - ETA: 5:07 - loss: 0.5403 - acc: 0.6859
3776/6308 [================>.............] - ETA: 4:58 - loss: 0.5405 - acc: 0.6849
3840/6308 [=================>............] - ETA: 4:51 - loss: 0.5387 - acc: 0.6872
3904/6308 [=================>............] - ETA: 4:43 - loss: 0.5389 - acc: 0.6880
3968/6308 [=================>............] - ETA: 4:36 - loss: 0.5393 - acc: 0.6880
4032/6308 [==================>...........] - ETA: 4:28 - loss: 0.5376 - acc: 0.6897
4096/6308 [==================>...........] - ETA: 4:20 - loss: 0.5384 - acc: 0.6899
4160/6308 [==================>...........] - ETA: 4:13 - loss: 0.5383 - acc: 0.6899
4224/6308 [===================>..........] - ETA: 4:05 - loss: 0.5386 - acc: 0.6903
4288/6308 [===================>..........] - ETA: 3:57 - loss: 0.5388 - acc: 0.6912
4352/6308 [===================>..........] - ETA: 3:49 - loss: 0.5388 - acc: 0.6909
4416/6308 [====================>.........] - ETA: 3:41 - loss: 0.5390 - acc: 0.6895
4480/6308 [====================>.........] - ETA: 3:34 - loss: 0.5397 - acc: 0.6888
4544/6308 [====================>.........] - ETA: 3:26 - loss: 0.5392 - acc: 0.6895
4608/6308 [====================>.........] - ETA: 3:18 - loss: 0.5403 - acc: 0.6877
4672/6308 [=====================>........] - ETA: 3:10 - loss: 0.5406 - acc: 0.6864
4736/6308 [=====================>........] - ETA: 3:03 - loss: 0.5405 - acc: 0.6864
4800/6308 [=====================>........] - ETA: 2:55 - loss: 0.5412 - acc: 0.6867
4864/6308 [======================>.......] - ETA: 2:48 - loss: 0.5405 - acc: 0.6871
4928/6308 [======================>.......] - ETA: 2:40 - loss: 0.5408 - acc: 0.6859
4992/6308 [======================>.......] - ETA: 2:32 - loss: 0.5399 - acc: 0.6873
5056/6308 [=======================>......] - ETA: 2:25 - loss: 0.5413 - acc: 0.6867
5120/6308 [=======================>......] - ETA: 2:17 - loss: 0.5403 - acc: 0.6883
5184/6308 [=======================>......] - ETA: 2:10 - loss: 0.5398 - acc: 0.6887
5248/6308 [=======================>......] - ETA: 2:02 - loss: 0.5398 - acc: 0.6888
5312/6308 [========================>.....] - ETA: 1:55 - loss: 0.5398 - acc: 0.6892
5376/6308 [========================>.....] - ETA: 1:48 - loss: 0.5399 - acc: 0.6892
5440/6308 [========================>.....] - ETA: 1:40 - loss: 0.5391 - acc: 0.6895
5504/6308 [=========================>....] - ETA: 1:33 - loss: 0.5392 - acc: 0.6899
5568/6308 [=========================>....] - ETA: 1:25 - loss: 0.5386 - acc: 0.6902
5632/6308 [=========================>....] - ETA: 1:18 - loss: 0.5397 - acc: 0.6896
5696/6308 [==========================>...] - ETA: 1:10 - loss: 0.5399 - acc: 0.6901
5760/6308 [==========================>...] - ETA: 1:03 - loss: 0.5404 - acc: 0.6908
5824/6308 [==========================>...] - ETA: 56s - loss: 0.5399 - acc: 0.6911 
5888/6308 [===========================>..] - ETA: 48s - loss: 0.5398 - acc: 0.6911
5952/6308 [===========================>..] - ETA: 41s - loss: 0.5399 - acc: 0.6909
6016/6308 [===========================>..] - ETA: 33s - loss: 0.5389 - acc: 0.6923
6080/6308 [===========================>..] - ETA: 26s - loss: 0.5392 - acc: 0.6918
6144/6308 [============================>.] - ETA: 18s - loss: 0.5390 - acc: 0.6916
6208/6308 [============================>.] - ETA: 11s - loss: 0.5388 - acc: 0.6915
6272/6308 [============================>.] - ETA: 4s - loss: 0.5392 - acc: 0.6916 
6308/6308 [==============================] - 732s 116ms/step - loss: 0.5390 - acc: 0.6920
Epoch 10/10

  64/6308 [..............................] - ETA: 12:08 - loss: 0.4990 - acc: 0.7344
 128/6308 [..............................] - ETA: 11:57 - loss: 0.4923 - acc: 0.7578
 192/6308 [..............................] - ETA: 11:22 - loss: 0.5216 - acc: 0.7344
 256/6308 [>.............................] - ETA: 11:10 - loss: 0.5213 - acc: 0.7188
 320/6308 [>.............................] - ETA: 11:14 - loss: 0.5152 - acc: 0.7094
 384/6308 [>.............................] - ETA: 11:30 - loss: 0.5150 - acc: 0.7031
 448/6308 [=>............................] - ETA: 11:17 - loss: 0.5120 - acc: 0.7031
 512/6308 [=>............................] - ETA: 11:22 - loss: 0.5168 - acc: 0.7012
 576/6308 [=>............................] - ETA: 11:13 - loss: 0.5139 - acc: 0.7014
 640/6308 [==>...........................] - ETA: 11:10 - loss: 0.5160 - acc: 0.6984
 704/6308 [==>...........................] - ETA: 11:04 - loss: 0.5196 - acc: 0.6946
 768/6308 [==>...........................] - ETA: 11:04 - loss: 0.5190 - acc: 0.6966
 832/6308 [==>...........................] - ETA: 10:57 - loss: 0.5213 - acc: 0.6971
 896/6308 [===>..........................] - ETA: 10:51 - loss: 0.5167 - acc: 0.7031
 960/6308 [===>..........................] - ETA: 10:48 - loss: 0.5200 - acc: 0.7052
1024/6308 [===>..........................] - ETA: 10:43 - loss: 0.5186 - acc: 0.7090
1088/6308 [====>.........................] - ETA: 10:32 - loss: 0.5218 - acc: 0.7050
1152/6308 [====>.........................] - ETA: 10:25 - loss: 0.5246 - acc: 0.7040
1216/6308 [====>.........................] - ETA: 10:16 - loss: 0.5260 - acc: 0.7023
1280/6308 [=====>........................] - ETA: 10:10 - loss: 0.5278 - acc: 0.7008
1344/6308 [=====>........................] - ETA: 10:01 - loss: 0.5278 - acc: 0.7001
1408/6308 [=====>........................] - ETA: 9:58 - loss: 0.5333 - acc: 0.6967 
1472/6308 [======>.......................] - ETA: 9:49 - loss: 0.5337 - acc: 0.6943
1536/6308 [======>.......................] - ETA: 9:41 - loss: 0.5391 - acc: 0.6895
1600/6308 [======>.......................] - ETA: 9:33 - loss: 0.5387 - acc: 0.6875
1664/6308 [======>.......................] - ETA: 9:25 - loss: 0.5415 - acc: 0.6851
1728/6308 [=======>......................] - ETA: 9:16 - loss: 0.5453 - acc: 0.6834
1792/6308 [=======>......................] - ETA: 9:09 - loss: 0.5451 - acc: 0.6864
1856/6308 [=======>......................] - ETA: 9:00 - loss: 0.5439 - acc: 0.6864
1920/6308 [========>.....................] - ETA: 8:52 - loss: 0.5441 - acc: 0.6854
1984/6308 [========>.....................] - ETA: 8:43 - loss: 0.5459 - acc: 0.6835
2048/6308 [========>.....................] - ETA: 8:35 - loss: 0.5457 - acc: 0.6836
2112/6308 [=========>....................] - ETA: 8:27 - loss: 0.5457 - acc: 0.6842
2176/6308 [=========>....................] - ETA: 8:18 - loss: 0.5447 - acc: 0.6852
2240/6308 [=========>....................] - ETA: 8:09 - loss: 0.5448 - acc: 0.6866
2304/6308 [=========>....................] - ETA: 8:01 - loss: 0.5437 - acc: 0.6862
2368/6308 [==========>...................] - ETA: 7:52 - loss: 0.5426 - acc: 0.6871
2432/6308 [==========>...................] - ETA: 7:43 - loss: 0.5430 - acc: 0.6859
2496/6308 [==========>...................] - ETA: 7:35 - loss: 0.5410 - acc: 0.6883
2560/6308 [===========>..................] - ETA: 7:27 - loss: 0.5408 - acc: 0.6910
2624/6308 [===========>..................] - ETA: 7:19 - loss: 0.5401 - acc: 0.6921
2688/6308 [===========>..................] - ETA: 7:11 - loss: 0.5402 - acc: 0.6927
2752/6308 [============>.................] - ETA: 7:02 - loss: 0.5391 - acc: 0.6940
2816/6308 [============>.................] - ETA: 6:55 - loss: 0.5390 - acc: 0.6939
2880/6308 [============>.................] - ETA: 6:48 - loss: 0.5385 - acc: 0.6934
2944/6308 [=============>................] - ETA: 6:40 - loss: 0.5371 - acc: 0.6943
3008/6308 [=============>................] - ETA: 6:32 - loss: 0.5370 - acc: 0.6938
3072/6308 [=============>................] - ETA: 6:23 - loss: 0.5389 - acc: 0.6914
3136/6308 [=============>................] - ETA: 6:15 - loss: 0.5385 - acc: 0.6932
3200/6308 [==============>...............] - ETA: 6:07 - loss: 0.5382 - acc: 0.6928
3264/6308 [==============>...............] - ETA: 5:59 - loss: 0.5383 - acc: 0.6927
3328/6308 [==============>...............] - ETA: 5:50 - loss: 0.5393 - acc: 0.6908
3392/6308 [===============>..............] - ETA: 5:42 - loss: 0.5390 - acc: 0.6916
3456/6308 [===============>..............] - ETA: 5:34 - loss: 0.5388 - acc: 0.6918
3520/6308 [===============>..............] - ETA: 5:26 - loss: 0.5380 - acc: 0.6929
3584/6308 [================>.............] - ETA: 5:18 - loss: 0.5383 - acc: 0.6925
3648/6308 [================>.............] - ETA: 5:10 - loss: 0.5381 - acc: 0.6924
3712/6308 [================>.............] - ETA: 5:03 - loss: 0.5384 - acc: 0.6921
3776/6308 [================>.............] - ETA: 4:55 - loss: 0.5395 - acc: 0.6901
3840/6308 [=================>............] - ETA: 4:47 - loss: 0.5386 - acc: 0.6906
3904/6308 [=================>............] - ETA: 4:39 - loss: 0.5374 - acc: 0.6919
3968/6308 [=================>............] - ETA: 4:32 - loss: 0.5364 - acc: 0.6928
4032/6308 [==================>...........] - ETA: 4:25 - loss: 0.5354 - acc: 0.6937
4096/6308 [==================>...........] - ETA: 4:17 - loss: 0.5355 - acc: 0.6929
4160/6308 [==================>...........] - ETA: 4:10 - loss: 0.5354 - acc: 0.6928
4224/6308 [===================>..........] - ETA: 4:03 - loss: 0.5352 - acc: 0.6927
4288/6308 [===================>..........] - ETA: 3:55 - loss: 0.5352 - acc: 0.6924
4352/6308 [===================>..........] - ETA: 3:48 - loss: 0.5355 - acc: 0.6921
4416/6308 [====================>.........] - ETA: 3:40 - loss: 0.5350 - acc: 0.6936
4480/6308 [====================>.........] - ETA: 3:33 - loss: 0.5358 - acc: 0.6940
4544/6308 [====================>.........] - ETA: 3:25 - loss: 0.5360 - acc: 0.6939
4608/6308 [====================>.........] - ETA: 3:18 - loss: 0.5362 - acc: 0.6925
4672/6308 [=====================>........] - ETA: 3:10 - loss: 0.5355 - acc: 0.6929
4736/6308 [=====================>........] - ETA: 3:03 - loss: 0.5358 - acc: 0.6919
4800/6308 [=====================>........] - ETA: 2:55 - loss: 0.5354 - acc: 0.6921
4864/6308 [======================>.......] - ETA: 2:47 - loss: 0.5358 - acc: 0.6916
4928/6308 [======================>.......] - ETA: 2:40 - loss: 0.5350 - acc: 0.6922
4992/6308 [======================>.......] - ETA: 2:32 - loss: 0.5346 - acc: 0.6919
5056/6308 [=======================>......] - ETA: 2:25 - loss: 0.5349 - acc: 0.6911
5120/6308 [=======================>......] - ETA: 2:17 - loss: 0.5355 - acc: 0.6895
5184/6308 [=======================>......] - ETA: 2:10 - loss: 0.5355 - acc: 0.6889
5248/6308 [=======================>......] - ETA: 2:02 - loss: 0.5359 - acc: 0.6883
5312/6308 [========================>.....] - ETA: 1:55 - loss: 0.5350 - acc: 0.6888
5376/6308 [========================>.....] - ETA: 1:48 - loss: 0.5351 - acc: 0.6881
5440/6308 [========================>.....] - ETA: 1:40 - loss: 0.5346 - acc: 0.6881
5504/6308 [=========================>....] - ETA: 1:33 - loss: 0.5348 - acc: 0.6886
5568/6308 [=========================>....] - ETA: 1:25 - loss: 0.5353 - acc: 0.6884
5632/6308 [=========================>....] - ETA: 1:18 - loss: 0.5351 - acc: 0.6882
5696/6308 [==========================>...] - ETA: 1:10 - loss: 0.5353 - acc: 0.6877
5760/6308 [==========================>...] - ETA: 1:03 - loss: 0.5351 - acc: 0.6878
5824/6308 [==========================>...] - ETA: 55s - loss: 0.5355 - acc: 0.6877 
5888/6308 [===========================>..] - ETA: 48s - loss: 0.5358 - acc: 0.6877
5952/6308 [===========================>..] - ETA: 41s - loss: 0.5355 - acc: 0.6880
6016/6308 [===========================>..] - ETA: 33s - loss: 0.5357 - acc: 0.6880
6080/6308 [===========================>..] - ETA: 26s - loss: 0.5358 - acc: 0.6873
6144/6308 [============================>.] - ETA: 18s - loss: 0.5349 - acc: 0.6886
6208/6308 [============================>.] - ETA: 11s - loss: 0.5354 - acc: 0.6888
6272/6308 [============================>.] - ETA: 4s - loss: 0.5358 - acc: 0.6885 
6308/6308 [==============================] - 728s 115ms/step - loss: 0.5355 - acc: 0.6890
Saved model to disk
